2024-04-06 09:57:24,502 [INFO] Activator:176 - 


2024-04-06 09:57:24,509 [INFO] Activator:177 - !SESSION log4j initialized
2024-04-06 09:57:31,182 [INFO] LogOutputStream:77 - [STDOUT_REDIRECT] 
2024-04-06 09:57:34,618 [INFO] ApplicationProperties:184 - Using Application install path: E:\trash_programs\ST\STM32CubeIDE_1.13.2\STM32CubeIDE\plugins\com.st.stm32cube.common.mx_6.9.2.202309101412
2024-04-06 09:57:34,641 [INFO] DbMcusXml:78 - Set database path to: E:\trash_programs\ST\STM32CubeIDE_1.13.2\STM32CubeIDE\plugins\com.st.stm32cube.common.mx_6.9.2.202309101412\\db\/mcu/
2024-04-06 09:57:34,641 [INFO] ApiDb:274 - Set plugin database path to: E:\trash_programs\ST\STM32CubeIDE_1.13.2\STM32CubeIDE\plugins\com.st.stm32cube.common.mx_6.9.2.202309101412\\db\/plugins/boardmanager/
2024-04-06 09:57:34,642 [WARN] ApiDb:259 - Overriding images path with different value:  => E:\trash_programs\ST\STM32CubeIDE_1.13.2\STM32CubeIDE\plugins\com.st.stm32cube.common.mx_6.9.2.202309101412\\db\/plugins/mcufinder/images/
2024-04-06 09:57:34,658 [INFO] ApiDb:250 - Set database path to: C:\Users\Sergiu\.stmcufinder\plugins\mcufinder//mcu/
2024-04-06 09:57:34,660 [INFO] DbMcusAds:125 - Set database path to: C:\Users\Sergiu\.stmcufinder\plugins\mcufinder//mcu/
2024-04-06 09:57:34,662 [INFO] CrossReferenceDbSqlite:203 - Set database path to: C:\Users\Sergiu\.stmcufinder\plugins\mcufinder//mcu/cs/
2024-04-06 09:57:34,785 [INFO] RulesReader:64 - Compatibility file has been processed (293 Rules)
2024-04-06 09:57:34,870 [INFO] DbMcusXml:78 - Set database path to: E:\trash_programs\ST\STM32CubeIDE_1.13.2\STM32CubeIDE\plugins\com.st.stm32cube.common.mx_6.9.2.202309101412\\db\/mcu/
2024-04-06 09:57:34,870 [INFO] ApiDb:274 - Set plugin database path to: E:\trash_programs\ST\STM32CubeIDE_1.13.2\STM32CubeIDE\plugins\com.st.stm32cube.common.mx_6.9.2.202309101412\\db\/plugins/boardmanager/
2024-04-06 09:57:34,870 [INFO] ApiDb:261 - Set plugin images path to: E:\trash_programs\ST\STM32CubeIDE_1.13.2\STM32CubeIDE\plugins\com.st.stm32cube.common.mx_6.9.2.202309101412\\db\/plugins/mcufinder/images/
2024-04-06 09:57:34,871 [WARN] DbFile:41 - Overriding database path with different value: C:\Users\Sergiu\.stmcufinder\plugins\mcufinder/ => C:\Users\Sergiu\.stmcufinder\plugins\mcufinder
2024-04-06 09:57:34,871 [INFO] ApiDb:250 - Set database path to: C:\Users\Sergiu\.stmcufinder\plugins\mcufinder//mcu/
2024-04-06 09:57:34,871 [WARN] DbFile:41 - Overriding database path with different value: C:\Users\Sergiu\.stmcufinder\plugins\mcufinder/ => C:\Users\Sergiu\.stmcufinder\plugins\mcufinder
2024-04-06 09:57:34,871 [INFO] DbMcusAds:125 - Set database path to: C:\Users\Sergiu\.stmcufinder\plugins\mcufinder//mcu/
2024-04-06 09:57:34,871 [WARN] DbFile:41 - Overriding database path with different value: C:\Users\Sergiu\.stmcufinder\plugins\mcufinder/ => C:\Users\Sergiu\.stmcufinder\plugins\mcufinder
2024-04-06 09:57:34,871 [WARN] DbFile:41 - Overriding database path with different value: C:\Users\Sergiu\.stmcufinder\plugins\mcufinder/ => C:\Users\Sergiu\.stmcufinder\plugins\mcufinder
2024-04-06 09:57:34,871 [INFO] CrossReferenceDbSqlite:203 - Set database path to: C:\Users\Sergiu\.stmcufinder\plugins\mcufinder//mcu/cs/
2024-04-06 09:57:34,953 [INFO] MainPanel:262 - HeapMemory: 268435456
2024-04-06 09:57:35,064 [INFO] DbMcusXml:78 - Set database path to: E:\trash_programs\ST\STM32CubeIDE_1.13.2\STM32CubeIDE\plugins\com.st.stm32cube.common.mx_6.9.2.202309101412\\db\/mcu/
2024-04-06 09:57:35,064 [INFO] ApiDb:274 - Set plugin database path to: E:\trash_programs\ST\STM32CubeIDE_1.13.2\STM32CubeIDE\plugins\com.st.stm32cube.common.mx_6.9.2.202309101412\\db\/plugins/boardmanager/
2024-04-06 09:57:35,064 [INFO] ApiDb:261 - Set plugin images path to: E:\trash_programs\ST\STM32CubeIDE_1.13.2\STM32CubeIDE\plugins\com.st.stm32cube.common.mx_6.9.2.202309101412\\db\/plugins/mcufinder/images/
2024-04-06 09:57:35,065 [WARN] DbFile:41 - Overriding database path with different value: C:\Users\Sergiu\.stmcufinder\plugins\mcufinder/ => C:\Users\Sergiu\.stmcufinder\plugins\mcufinder
2024-04-06 09:57:35,065 [INFO] ApiDb:250 - Set database path to: C:\Users\Sergiu\.stmcufinder\plugins\mcufinder//mcu/
2024-04-06 09:57:35,065 [WARN] DbFile:41 - Overriding database path with different value: C:\Users\Sergiu\.stmcufinder\plugins\mcufinder/ => C:\Users\Sergiu\.stmcufinder\plugins\mcufinder
2024-04-06 09:57:35,065 [INFO] DbMcusAds:125 - Set database path to: C:\Users\Sergiu\.stmcufinder\plugins\mcufinder//mcu/
2024-04-06 09:57:35,065 [WARN] DbFile:41 - Overriding database path with different value: C:\Users\Sergiu\.stmcufinder\plugins\mcufinder/ => C:\Users\Sergiu\.stmcufinder\plugins\mcufinder
2024-04-06 09:57:35,066 [WARN] DbFile:41 - Overriding database path with different value: C:\Users\Sergiu\.stmcufinder\plugins\mcufinder/ => C:\Users\Sergiu\.stmcufinder\plugins\mcufinder
2024-04-06 09:57:35,066 [INFO] CrossReferenceDbSqlite:203 - Set database path to: C:\Users\Sergiu\.stmcufinder\plugins\mcufinder//mcu/cs/
2024-04-06 09:57:35,088 [INFO] ApplicationProperties:184 - Using Application install path: E:\trash_programs\ST\STM32CubeIDE_1.13.2\STM32CubeIDE\plugins\com.st.stm32cube.common.mx_6.9.2.202309101412
2024-04-06 09:57:35,089 [INFO] PluginManage:196 - Search for loadable plugins [exclusion list=, ]
2024-04-06 09:57:35,091 [INFO] PluginManage:310 - Check plugin analytics
2024-04-06 09:57:35,281 [INFO] AnalyticsPlugin:253 - Accepted Software Licenses: STM32CubeMX.6.9.0,STM32CubeMX.6.11.0
2024-04-06 09:57:35,282 [INFO] AnalyticsPlugin:255 - Accepted CMSIS Pack Licenses: STMicroelectronics.X-CUBE-TOUCHGFX.4.22.1,STMicroelectronics.X-CUBE-TOUCHGFX.4.23.0
2024-04-06 09:57:35,282 [INFO] AnalyticsPlugin:257 - Accepted Firmware Licenses: FW.G0.1.6.0,FW.F4.1.27.0,FW.F4.1.28.0
2024-04-06 09:57:35,284 [INFO] PluginManage:359 - Loaded plugin analytics (category:tool,tabindex:-1)
2024-04-06 09:57:35,285 [INFO] PluginManage:310 - Check plugin cadmodel
2024-04-06 09:57:35,294 [INFO] CADModel:105 - Init CAD model plugin
2024-04-06 09:57:35,294 [INFO] PluginManage:359 - Loaded plugin cadmodel (category:power,tabindex:5)
2024-04-06 09:57:35,295 [INFO] PluginManage:310 - Check plugin clock
2024-04-06 09:57:35,306 [INFO] PluginManage:359 - Loaded plugin clock (category:base,tabindex:2)
2024-04-06 09:57:35,306 [INFO] PluginManage:310 - Check plugin ddr
2024-04-06 09:57:35,309 [INFO] PluginManage:359 - Loaded plugin ddr (category:tool,tabindex:6)
2024-04-06 09:57:35,309 [INFO] PluginManage:310 - Check plugin filemanager
2024-04-06 09:57:35,462 [INFO] PluginManage:359 - Loaded plugin filemanager (category:base,tabindex:10)
2024-04-06 09:57:35,462 [INFO] PluginManage:310 - Check plugin ipmanager
2024-04-06 09:57:35,470 [INFO] PluginManage:359 - Loaded plugin ipmanager (category:base,tabindex:5)
2024-04-06 09:57:35,470 [INFO] PluginManage:310 - Check plugin lpbam
2024-04-06 09:57:35,478 [INFO] PluginManage:359 - Loaded plugin lpbam (category:base,tabindex:0)
2024-04-06 09:57:35,478 [INFO] PluginManage:310 - Check plugin memorymap
2024-04-06 09:57:35,493 [INFO] PluginManage:359 - Loaded plugin memorymap (category:base,tabindex:4)
2024-04-06 09:57:35,494 [INFO] PluginManage:310 - Check plugin pinoutandconfiguration
2024-04-06 09:57:35,503 [INFO] PluginManage:359 - Loaded plugin pinoutandconfiguration (category:base,tabindex:1)
2024-04-06 09:57:35,503 [INFO] PluginManage:310 - Check plugin pinoutconfig
2024-04-06 09:57:35,620 [WARN] SupportedApi:132 - Cannot load RTOS API schema: s4s-elt-must-match.1: The content of 'definitions' must match (annotation?, (simpleType | complexType)?, (unique | key | keyref)*)). A problem was found starting at: attribute.
2024-04-06 09:57:35,805 [INFO] PluginManage:359 - Loaded plugin pinoutconfig (category:base,tabindex:0)
2024-04-06 09:57:35,805 [INFO] PluginManage:310 - Check plugin power
2024-04-06 09:57:35,818 [INFO] PluginManage:359 - Loaded plugin power (category:power,tabindex:4)
2024-04-06 09:57:35,818 [INFO] PluginManage:310 - Check plugin projectmanager
2024-04-06 09:57:35,835 [INFO] PluginManage:359 - Loaded plugin projectmanager (category:projectmanager,tabindex:3)
2024-04-06 09:57:35,835 [INFO] PluginManage:310 - Check plugin thirdparty
2024-04-06 09:57:35,986 [INFO] PluginManage:359 - Loaded plugin thirdparty (category:base,tabindex:-1)
2024-04-06 09:57:35,986 [INFO] PluginManage:310 - Check plugin tools
2024-04-06 09:57:35,986 [WARN] IntegrityCheckThread:84 - waiting for thirdparty lock release [integrity check]
2024-04-06 09:57:35,987 [INFO] IntegrityCheckThread:86 - entering critical section [integrity check]
2024-04-06 09:57:35,987 [INFO] ThirdPartyUpdaterWithRetryManager:70 - Updater plugin not ready yet. [1/15]
2024-04-06 09:57:35,989 [INFO] PluginManage:359 - Loaded plugin tools (category:base,tabindex:7)
2024-04-06 09:57:35,989 [INFO] PluginManage:310 - Check plugin tutovideos
2024-04-06 09:57:36,178 [INFO] PluginManage:359 - Loaded plugin tutovideos (category:base,tabindex:-1)
2024-04-06 09:57:36,178 [INFO] PluginManage:310 - Check plugin updater
2024-04-06 09:57:36,190 [INFO] PluginManage:359 - Loaded plugin updater (category:base,tabindex:12)
2024-04-06 09:57:36,190 [INFO] PluginManage:310 - Check plugin userauth
2024-04-06 09:57:36,196 [INFO] UserAuth:113 - Init User Auth plugin
2024-04-06 09:57:36,196 [INFO] PluginManage:359 - Loaded plugin userauth (category:base,tabindex:14)
2024-04-06 09:57:36,197 [INFO] PluginManage:283 - PluginManage : Loaded plugins [17]
2024-04-06 09:57:36,444 [INFO] PinOutPanel:1499 - setPackage(No Configuration,No Configuration)
2024-04-06 09:57:36,561 [INFO] CADModel:165 - CPN selected for project level
2024-04-06 09:57:36,561 [INFO] CADModel:114 - Register for checkConnection events
2024-04-06 09:57:36,579 [INFO] IPUIPlugin:80 - create IPUIPlugin
2024-04-06 09:57:36,579 [INFO] PluginManager:220 - loadIPPluginJar : add adc
2024-04-06 09:57:36,581 [INFO] IPUIPlugin:80 - create IPUIPlugin
2024-04-06 09:57:36,582 [INFO] PluginManager:220 - loadIPPluginJar : add aes
2024-04-06 09:57:36,584 [INFO] IPUIPlugin:80 - create IPUIPlugin
2024-04-06 09:57:36,585 [INFO] PluginManager:220 - loadIPPluginJar : add can
2024-04-06 09:57:36,586 [INFO] IPUIPlugin:80 - create IPUIPlugin
2024-04-06 09:57:36,586 [INFO] PluginManager:220 - loadIPPluginJar : add comp
2024-04-06 09:57:36,588 [INFO] IPUIPlugin:80 - create IPUIPlugin
2024-04-06 09:57:36,588 [INFO] PluginManager:220 - loadIPPluginJar : add cryp
2024-04-06 09:57:36,591 [INFO] IPUIPlugin:80 - create IPUIPlugin
2024-04-06 09:57:36,591 [INFO] PluginManager:220 - loadIPPluginJar : add dfsdm
2024-04-06 09:57:36,597 [INFO] IPUIPlugin:80 - create IPUIPlugin
2024-04-06 09:57:36,598 [INFO] PluginManager:220 - loadIPPluginJar : add dma
2024-04-06 09:57:36,601 [INFO] IPUIPlugin:80 - create IPUIPlugin
2024-04-06 09:57:36,601 [INFO] PluginManager:220 - loadIPPluginJar : add dma3
2024-04-06 09:57:36,602 [INFO] IPUIPlugin:80 - create IPUIPlugin
2024-04-06 09:57:36,603 [INFO] PluginManager:220 - loadIPPluginJar : add fatfs
2024-04-06 09:57:36,607 [INFO] IPUIPlugin:80 - create IPUIPlugin
2024-04-06 09:57:36,608 [INFO] PluginManager:220 - loadIPPluginJar : add fmc
2024-04-06 09:57:36,615 [INFO] IPUIPlugin:80 - create IPUIPlugin
2024-04-06 09:57:36,615 [INFO] PluginManager:220 - loadIPPluginJar : add freertos
2024-04-06 09:57:36,617 [INFO] IPUIPlugin:80 - create IPUIPlugin
2024-04-06 09:57:36,617 [INFO] PluginManager:220 - loadIPPluginJar : add genericplugin
2024-04-06 09:57:36,620 [INFO] IPUIPlugin:80 - create IPUIPlugin
2024-04-06 09:57:36,620 [INFO] PluginManager:220 - loadIPPluginJar : add gfxmmu
2024-04-06 09:57:36,625 [INFO] IPUIPlugin:80 - create IPUIPlugin
2024-04-06 09:57:36,625 [INFO] PluginManager:220 - loadIPPluginJar : add gic
2024-04-06 09:57:36,630 [INFO] IPUIPlugin:80 - create IPUIPlugin
2024-04-06 09:57:36,630 [INFO] PluginManager:220 - loadIPPluginJar : add gpio
2024-04-06 09:57:36,634 [INFO] IPUIPlugin:80 - create IPUIPlugin
2024-04-06 09:57:36,634 [INFO] PluginManager:220 - loadIPPluginJar : add gtzc
2024-04-06 09:57:36,637 [INFO] IPUIPlugin:80 - create IPUIPlugin
2024-04-06 09:57:36,637 [INFO] PluginManager:220 - loadIPPluginJar : add hash
2024-04-06 09:57:36,640 [INFO] IPUIPlugin:80 - create IPUIPlugin
2024-04-06 09:57:36,640 [INFO] PluginManager:220 - loadIPPluginJar : add i2c
2024-04-06 09:57:36,643 [INFO] IPUIPlugin:80 - create IPUIPlugin
2024-04-06 09:57:36,644 [INFO] PluginManager:220 - loadIPPluginJar : add i2s
2024-04-06 09:57:36,647 [INFO] IPUIPlugin:80 - create IPUIPlugin
2024-04-06 09:57:36,647 [INFO] PluginManager:220 - loadIPPluginJar : add i3c
2024-04-06 09:57:36,651 [INFO] IPUIPlugin:80 - create IPUIPlugin
2024-04-06 09:57:36,651 [INFO] PluginManager:220 - loadIPPluginJar : add ipddr
2024-04-06 09:57:36,660 [INFO] IPUIPlugin:80 - create IPUIPlugin
2024-04-06 09:57:36,660 [INFO] PluginManager:220 - loadIPPluginJar : add linkedlist
2024-04-06 09:57:36,663 [INFO] IPUIPlugin:80 - create IPUIPlugin
2024-04-06 09:57:36,663 [INFO] PluginManager:220 - loadIPPluginJar : add lorawan
2024-04-06 09:57:36,666 [INFO] IPUIPlugin:80 - create IPUIPlugin
2024-04-06 09:57:36,666 [INFO] PluginManager:220 - loadIPPluginJar : add ltdc
2024-04-06 09:57:36,673 [INFO] IPUIPlugin:80 - create IPUIPlugin
2024-04-06 09:57:36,673 [INFO] PluginManager:220 - loadIPPluginJar : add mdma
2024-04-06 09:57:36,677 [INFO] IPUIPlugin:80 - create IPUIPlugin
2024-04-06 09:57:36,678 [INFO] PluginManager:220 - loadIPPluginJar : add nvic
2024-04-06 09:57:36,681 [INFO] IPUIPlugin:80 - create IPUIPlugin
2024-04-06 09:57:36,681 [INFO] PluginManager:220 - loadIPPluginJar : add opamp
2024-04-06 09:57:36,685 [INFO] IPUIPlugin:80 - create IPUIPlugin
2024-04-06 09:57:36,685 [INFO] PluginManager:220 - loadIPPluginJar : add openamp
2024-04-06 09:57:36,689 [INFO] IPUIPlugin:80 - create IPUIPlugin
2024-04-06 09:57:36,689 [INFO] PluginManager:220 - loadIPPluginJar : add pdm2pcm
2024-04-06 09:57:36,697 [INFO] IPUIPlugin:80 - create IPUIPlugin
2024-04-06 09:57:36,700 [INFO] PluginManager:220 - loadIPPluginJar : add plateformsettings
2024-04-06 09:57:36,702 [INFO] IPUIPlugin:80 - create IPUIPlugin
2024-04-06 09:57:36,702 [INFO] PluginManager:220 - loadIPPluginJar : add quadspi
2024-04-06 09:57:36,707 [INFO] IPUIPlugin:80 - create IPUIPlugin
2024-04-06 09:57:36,708 [INFO] PluginManager:220 - loadIPPluginJar : add resmgrutility
2024-04-06 09:57:36,711 [INFO] IPUIPlugin:80 - create IPUIPlugin
2024-04-06 09:57:36,712 [INFO] PluginManager:220 - loadIPPluginJar : add sai
2024-04-06 09:57:36,715 [INFO] IPUIPlugin:80 - create IPUIPlugin
2024-04-06 09:57:36,715 [INFO] PluginManager:220 - loadIPPluginJar : add spi
2024-04-06 09:57:36,720 [INFO] IPUIPlugin:80 - create IPUIPlugin
2024-04-06 09:57:36,720 [INFO] PluginManager:220 - loadIPPluginJar : add stm32_wpan
2024-04-06 09:57:36,722 [INFO] IPUIPlugin:80 - create IPUIPlugin
2024-04-06 09:57:36,723 [INFO] PluginManager:220 - loadIPPluginJar : add tim
2024-04-06 09:57:36,727 [INFO] IPUIPlugin:80 - create IPUIPlugin
2024-04-06 09:57:36,728 [INFO] PluginManager:220 - loadIPPluginJar : add touchsensing
2024-04-06 09:57:36,730 [INFO] IPUIPlugin:80 - create IPUIPlugin
2024-04-06 09:57:36,730 [INFO] PluginManager:220 - loadIPPluginJar : add tracer_emb
2024-04-06 09:57:36,733 [INFO] IPUIPlugin:80 - create IPUIPlugin
2024-04-06 09:57:36,733 [INFO] PluginManager:220 - loadIPPluginJar : add ts
2024-04-06 09:57:36,735 [INFO] IPUIPlugin:80 - create IPUIPlugin
2024-04-06 09:57:36,735 [INFO] PluginManager:220 - loadIPPluginJar : add tsc
2024-04-06 09:57:36,737 [INFO] IPUIPlugin:80 - create IPUIPlugin
2024-04-06 09:57:36,738 [INFO] PluginManager:220 - loadIPPluginJar : add ucpd
2024-04-06 09:57:36,741 [INFO] IPUIPlugin:80 - create IPUIPlugin
2024-04-06 09:57:36,741 [INFO] PluginManager:220 - loadIPPluginJar : add usart
2024-04-06 09:57:36,745 [INFO] IPUIPlugin:80 - create IPUIPlugin
2024-04-06 09:57:36,745 [INFO] PluginManager:220 - loadIPPluginJar : add usbx
2024-04-06 09:57:36,875 [INFO] CADModel:165 - CPN selected for project level
2024-04-06 09:57:36,875 [INFO] CADModel:114 - Register for checkConnection events
2024-04-06 09:57:36,876 [FATAL] Updater:308 - Updater called before beeing initialized
2024-04-06 09:57:36,876 [ERROR] CADModel:125 - Updater not yet initialized, retry later 
2024-04-06 09:57:37,034 [INFO] CADModel:165 - CPN selected for project level
2024-04-06 09:57:37,034 [INFO] CADModel:114 - Register for checkConnection events
2024-04-06 09:57:37,034 [FATAL] Updater:308 - Updater called before beeing initialized
2024-04-06 09:57:37,034 [ERROR] CADModel:125 - Updater not yet initialized, retry later 
2024-04-06 09:57:37,038 [FATAL] Updater:308 - Updater called before beeing initialized
2024-04-06 09:57:37,161 [FATAL] Updater:308 - Updater called before beeing initialized
2024-04-06 09:57:37,166 [INFO] DbMcusAds:53 - JSON generation date=Wed Nov 29 12:52:27 EET 2023 (1701255147349)
2024-04-06 09:57:37,167 [FATAL] Updater:308 - Updater called before beeing initialized
2024-04-06 09:57:37,210 [WARN] DetailPanel:346 - Failed to get advertising image, set to default
2024-04-06 09:57:37,308 [FATAL] Updater:308 - Updater called before beeing initialized
2024-04-06 09:57:37,310 [FATAL] Updater:308 - Updater called before beeing initialized
2024-04-06 09:57:37,310 [FATAL] Updater:308 - Updater called before beeing initialized
2024-04-06 09:57:37,310 [WARN] DetailPanel:346 - Failed to get advertising image, set to default
2024-04-06 09:57:37,311 [FATAL] Updater:308 - Updater called before beeing initialized
2024-04-06 09:57:37,364 [ERROR] Updater:1120 - MainUpdater not yet initialized. External WinMGr cannot be set.
2024-04-06 09:57:37,366 [INFO] Updater:1056 - Updater Version found : 6.9.2
2024-04-06 09:57:37,388 [INFO] ApplicationProperties:184 - Using Application install path: E:\trash_programs\ST\STM32CubeIDE_1.13.2\STM32CubeIDE\plugins\com.st.stm32cube.common.mx_6.9.2.202309101412
2024-04-06 09:57:37,468 [INFO] MainUpdater:521 - Copy updater definitions from MX database
2024-04-06 09:57:37,650 [INFO] MainUpdater:2868 - connection check result : 10
2024-04-06 09:57:37,651 [INFO] MainUpdater:3562 - Updater definition file requires update
2024-04-06 09:57:37,652 [INFO] MainUpdater:285 - Updater Check For Update Now.
2024-04-06 09:57:37,652 [INFO] MicroXplorer:498 - Change Database Version : DB.6.0.92
2024-04-06 09:57:37,659 [INFO] McuFinderGlobals:63 - Set McuFinder mode to 2 (CubeIDE integrated)
2024-04-06 09:57:37,867 [INFO] ServerAccessManage:473 - Download File updaters.zip
2024-04-06 09:57:38,075 [INFO] FileExtend:240 - Unzip File : updaters.zip
2024-04-06 09:57:38,076 [INFO] FileExtend:255 - Standard Zip Deflate
2024-04-06 09:57:38,625 [INFO] ServerAccessManage:473 - Download File PacksControlFlags.xml
2024-04-06 09:57:38,860 [INFO] ServerAccessManage:473 - Download File cubemx.pidx
2024-04-06 09:57:38,990 [WARN] MainUpdater:1189 - Updater busy. Cannot search thirdparties
2024-04-06 09:57:38,992 [INFO] ThirdPartyUpdaterWithRetryManager:96 - Updater plugin is busy. [1/15]
2024-04-06 09:57:39,332 [INFO] ServerAccessManage:473 - Download File STMicroelectronics.FP-SNS-MOTENV1.pdsc
2024-04-06 09:57:40,598 [INFO] ServerAccessManage:473 - Download File STMicroelectronics.X-CUBE-SAFEA1.pdsc
2024-04-06 09:57:41,098 [INFO] ServerAccessManage:473 - Download File STMicroelectronics.X-CUBE-TOUCHGFX.pdsc
2024-04-06 09:57:41,994 [WARN] MainUpdater:1189 - Updater busy. Cannot search thirdparties
2024-04-06 09:57:41,994 [INFO] ThirdPartyUpdaterWithRetryManager:96 - Updater plugin is busy. [2/15]
2024-04-06 09:57:44,997 [WARN] MainUpdater:1189 - Updater busy. Cannot search thirdparties
2024-04-06 09:57:44,997 [INFO] ThirdPartyUpdaterWithRetryManager:96 - Updater plugin is busy. [3/15]
2024-04-06 09:57:45,116 [WARN] PackLoader:240 - Cannot read IP mode file for STMicroelectronics.FP-SNS-MOTENV1.5.0.0
2024-04-06 09:57:45,147 [WARN] PackLoader:240 - Cannot read IP mode file for STMicroelectronics.X-CUBE-SAFEA1.1.2.2
2024-04-06 09:57:45,161 [WARN] PackLoader:240 - Cannot read IP mode file for STMicroelectronics.X-CUBE-TOUCHGFX.4.23.2
2024-04-06 09:57:45,162 [INFO] PopulateThirdPartyThread:66 - Ending populate Thread
2024-04-06 09:57:45,163 [INFO] ThirdParty:1030 - CMSIS Pack Vendor :STMicroelectronics X-CUBE-TOUCHGFX 4.23.2
2024-04-06 09:57:45,164 [INFO] ThirdParty:1030 - CMSIS Pack Vendor :STMicroelectronics FP-SNS-MOTENV1 5.0.0
2024-04-06 09:57:45,164 [INFO] ThirdParty:1030 - CMSIS Pack Vendor :STMicroelectronics X-CUBE-SAFEA1 1.2.2
2024-04-06 09:57:45,164 [INFO] LoadServerUpdatesThread:373 - End of LoadServerUpdate Thread
2024-04-06 09:57:45,258 [INFO] CheckServerUpdateThread:120 - End of CheckServer Thread
2024-04-06 09:57:48,191 [WARN] PackLoader:240 - Cannot read IP mode file for STMicroelectronics.X-CUBE-SMBUS.2.1.0
2024-04-06 09:57:48,198 [WARN] PackLoader:240 - Cannot read IP mode file for STMicroelectronics.X-CUBE-TOUCHGFX.4.23.0
2024-04-06 09:57:48,244 [WARN] PackLoader:240 - Cannot read IP mode file for STMicroelectronics.X-CUBE-TOUCHGFX.4.23.2
2024-04-06 09:57:48,269 [WARN] PackLoader:240 - Cannot read IP mode file for STMicroelectronics.X-CUBE-AZRTOS-F7.1.1.0
2024-04-06 09:57:48,280 [WARN] PackLoader:240 - Cannot read IP mode file for STMicroelectronics.FP-SNS-MOTENV1.4.3.2
2024-04-06 09:57:48,287 [WARN] PackLoader:240 - Cannot read IP mode file for STMicroelectronics.FP-SNS-FLIGHT1.5.0.2
2024-04-06 09:57:48,296 [WARN] PackLoader:240 - Cannot read IP mode file for STMicroelectronics.X-CUBE-DISPLAY.3.0.0
2024-04-06 09:57:48,307 [WARN] PackLoader:240 - Cannot read IP mode file for STMicroelectronics.X-CUBE-BLE1.7.0.0
2024-04-06 09:57:48,314 [WARN] PackLoader:240 - Cannot read IP mode file for emotas.I-CUBE-CANOPEN.1.3.0
2024-04-06 09:57:48,320 [WARN] PackLoader:240 - Cannot read IP mode file for STMicroelectronics.X-CUBE-TOUCHGFX.4.22.1
2024-04-06 09:57:48,359 [WARN] PackLoader:240 - Cannot read IP mode file for STMicroelectronics.X-CUBE-BLEMGR.3.1.0
2024-04-06 09:57:48,367 [WARN] PackLoader:240 - Cannot read IP mode file for STMicroelectronics.FP-SNS-SMARTAG2.1.2.0
2024-04-06 09:57:48,378 [INFO] LogOutputStream:77 - [STDOUT_REDIRECT] 1 : Invalid condition id : UX_CORESTACK_Condition cause : null
2024-04-06 09:57:48,378 [INFO] LogOutputStream:77 - [STDOUT_REDIRECT] 1 : Invalid condition id : UX_CORESTACK_Condition cause : null
2024-04-06 09:57:48,379 [INFO] LogOutputStream:77 - [STDOUT_REDIRECT] 1 : Invalid condition id : UX_CORESTACK_Condition cause : null
2024-04-06 09:57:48,381 [INFO] LogOutputStream:77 - [STDOUT_REDIRECT] 1 : Invalid condition id : UX_CORESTACK_Condition cause : null
2024-04-06 09:57:48,382 [INFO] LogOutputStream:77 - [STDOUT_REDIRECT] 1 : Invalid condition id : UX_CORESTACK_Condition cause : null
2024-04-06 09:57:48,387 [WARN] PackLoader:240 - Cannot read IP mode file for STMicroelectronics.X-CUBE-AZRTOS-WL.2.0.0
2024-04-06 09:57:48,393 [WARN] PackLoader:240 - Cannot read IP mode file for STMicroelectronics.FP-SNS-MOTENV1.5.0.0
2024-04-06 09:57:48,402 [WARN] PackLoader:240 - Cannot read IP mode file for WES.I-CUBE-Cesium.1.3.0
2024-04-06 09:57:48,408 [WARN] PackLoader:240 - Cannot read IP mode file for STMicroelectronics.X-CUBE-BLE2.3.3.0
2024-04-06 09:57:48,418 [WARN] PackLoader:240 - Cannot read IP mode file for STMicroelectronics.X-CUBE-ALGOBUILD.1.3.0
2024-04-06 09:57:48,443 [WARN] PackLoader:240 - Cannot read IP mode file for STMicroelectronics.X-CUBE-AZRTOS-G0.1.1.0
2024-04-06 09:57:48,452 [WARN] PackLoader:240 - Cannot read IP mode file for STMicroelectronics.X-CUBE-SAFEA1.1.2.2
2024-04-06 09:57:48,459 [WARN] PackLoader:240 - Cannot read IP mode file for STMicroelectronics.X-CUBE-NFC4.3.0.0
2024-04-06 09:57:48,470 [WARN] PackLoader:240 - Cannot read IP mode file for STMicroelectronics.X-CUBE-BLEMGR.3.0.0
2024-04-06 09:57:48,477 [WARN] PackLoader:240 - Cannot read IP mode file for STMicroelectronics.FP-ATR-SIGFOX1.3.2.0
2024-04-06 09:57:48,484 [WARN] PackLoader:240 - Cannot read IP mode file for STMicroelectronics.X-CUBE-EEPRMA1.5.1.0
2024-04-06 09:57:48,526 [WARN] PackLoader:240 - Cannot read IP mode file for SEGGER.I-CUBE-embOS.1.3.1
2024-04-06 09:57:48,577 [WARN] PackLoader:240 - Cannot read IP mode file for STMicroelectronics.X-CUBE-GNSS1.6.0.0
2024-04-06 09:57:48,597 [WARN] PackLoader:240 - Cannot read IP mode file for STMicroelectronics.X-CUBE-AZRTOS-F4.1.1.0
2024-04-06 09:57:48,605 [WARN] PackLoader:240 - Cannot read IP mode file for wolfSSL.I-CUBE-wolfSSL.5.6.3
2024-04-06 09:57:48,629 [WARN] PackLoader:240 - Cannot read IP mode file for STMicroelectronics.X-CUBE-AZRTOS-L5.2.0.0
2024-04-06 09:57:48,666 [WARN] PackLoader:240 - Cannot read IP mode file for STMicroelectronics.X-CUBE-MEMS1.9.6.0
2024-04-06 09:57:48,806 [WARN] PackLoader:240 - Cannot read IP mode file for STMicroelectronics.X-CUBE-EEPRMA1.4.2.0
2024-04-06 09:57:48,813 [WARN] PackLoader:240 - Cannot read IP mode file for STMicroelectronics.X-CUBE-NFC6.3.1.0
2024-04-06 09:57:48,821 [WARN] PackLoader:240 - Cannot read IP mode file for ITTIA_DB.I-CUBE-ITTIADB.8.8.0
2024-04-06 09:57:48,827 [WARN] PackLoader:240 - Cannot read IP mode file for STMicroelectronics.X-CUBE-BLEMGR.2.0.0
2024-04-06 09:57:48,843 [WARN] ConditionMgr:438 - getConditionDescription Invalid condition id : UX DEVICE CLASS RTOS Condition cause : null
2024-04-06 09:57:48,843 [WARN] ConditionMgr:438 - getConditionDescription Invalid condition id : UX DEVICE CLASS RTOS Condition cause : null
2024-04-06 09:57:48,846 [WARN] PackLoader:240 - Cannot read IP mode file for STMicroelectronics.X-CUBE-AZRTOS-H7.3.1.0
2024-04-06 09:57:48,847 [WARN] ConditionMgr:1039 - genDependencies : Invalid condition id : UX DEVICE CLASS RTOS Condition cause : null
2024-04-06 09:57:48,847 [WARN] ConditionMgr:1039 - genDependencies : Invalid condition id : UX DEVICE CLASS RTOS Condition cause : null
2024-04-06 09:57:48,847 [WARN] ConditionMgr:1039 - genDependencies : Invalid condition id : UX DEVICE CLASS RTOS Condition cause : null
2024-04-06 09:57:48,848 [WARN] ConditionMgr:1039 - genDependencies : Invalid condition id : UX DEVICE CLASS RTOS Condition cause : null
2024-04-06 09:57:48,848 [WARN] ConditionMgr:1039 - genDependencies : Invalid condition id : UX DEVICE CLASS RTOS Condition cause : null
2024-04-06 09:57:48,854 [WARN] PackLoader:240 - Cannot read IP mode file for STMicroelectronics.X-CUBE-NFC7.1.0.1
2024-04-06 09:57:48,861 [WARN] PackLoader:240 - Cannot read IP mode file for STMicroelectronics.X-CUBE-NFC6.3.0.0
2024-04-06 09:57:48,869 [WARN] PackLoader:240 - Cannot read IP mode file for STMicroelectronics.X-CUBE-EEPRMA1.4.1.0
2024-04-06 09:57:48,874 [WARN] PackLoader:240 - Cannot read IP mode file for STMicroelectronics.X-CUBE-AI.8.1.0
2024-04-06 09:57:48,889 [WARN] ConditionMgr:438 - getConditionDescription Invalid condition id : LAN8742 Phy interface Condition cause : null
2024-04-06 09:57:48,890 [WARN] PackLoader:240 - Cannot read IP mode file for STMicroelectronics.X-CUBE-AZRTOS-L4.2.0.0
2024-04-06 09:57:48,891 [WARN] ConditionMgr:1039 - genDependencies : Invalid condition id : LAN8742 Phy interface Condition cause : null
2024-04-06 09:57:48,891 [WARN] ConditionMgr:1039 - genDependencies : Invalid condition id : LAN8742 Phy interface Condition cause : null
2024-04-06 09:57:48,892 [WARN] ConditionMgr:1039 - genDependencies : Invalid condition id : LAN8742 Phy interface Condition cause : null
2024-04-06 09:57:48,900 [WARN] PackLoader:240 - Cannot read IP mode file for STMicroelectronics.X-CUBE-SFXS2LP1.4.0.0
2024-04-06 09:57:48,906 [WARN] PackLoader:240 - Cannot read IP mode file for STMicroelectronics.X-CUBE-ISPU.1.1.0
2024-04-06 09:57:48,919 [WARN] ConditionMgr:438 - getConditionDescription Invalid condition id : UX DEVICE CLASS RTOS Condition cause : null
2024-04-06 09:57:48,919 [WARN] ConditionMgr:438 - getConditionDescription Invalid condition id : UX DEVICE CLASS RTOS Condition cause : null
2024-04-06 09:57:48,921 [WARN] PackLoader:240 - Cannot read IP mode file for STMicroelectronics.X-CUBE-AZRTOS-WB.2.0.0
2024-04-06 09:57:48,921 [WARN] ConditionMgr:1039 - genDependencies : Invalid condition id : UX DEVICE CLASS RTOS Condition cause : null
2024-04-06 09:57:48,921 [WARN] ConditionMgr:1039 - genDependencies : Invalid condition id : UX DEVICE CLASS RTOS Condition cause : null
2024-04-06 09:57:48,922 [WARN] ConditionMgr:1039 - genDependencies : Invalid condition id : UX DEVICE CLASS RTOS Condition cause : null
2024-04-06 09:57:48,922 [WARN] ConditionMgr:1039 - genDependencies : Invalid condition id : UX DEVICE CLASS RTOS Condition cause : null
2024-04-06 09:57:48,922 [WARN] ConditionMgr:1039 - genDependencies : Invalid condition id : UX DEVICE CLASS RTOS Condition cause : null
2024-04-06 09:57:48,931 [WARN] PackLoader:240 - Cannot read IP mode file for STMicroelectronics.X-CUBE-SUBG2.5.0.0
2024-04-06 09:57:48,945 [WARN] PackLoader:240 - Cannot read IP mode file for STMicroelectronics.X-CUBE-TOF1.3.3.1
2024-04-06 09:57:48,965 [WARN] PackLoader:240 - Cannot read IP mode file for STMicroelectronics.X-CUBE-AZRTOS-G4.2.0.0
2024-04-06 09:57:48,979 [WARN] PackLoader:240 - Cannot read IP mode file for Infineon.AIROC-Wi-Fi-Bluetooth-STM32.1.5.1
2024-04-06 09:57:48,986 [WARN] PackLoader:240 - Cannot read IP mode file for STMicroelectronics.FP-SNS-MOTENVWB1.1.3.0
2024-04-06 09:57:48,989 [WARN] PackLoader:240 - Cannot read IP mode file for STMicroelectronics.FP-SNS-MOTENVWB1.1.3.1
2024-04-06 09:57:48,994 [WARN] PackLoader:240 - Cannot read IP mode file for STMicroelectronics.X-CUBE-ISPU.2.0.0
2024-04-06 09:57:49,026 [WARN] PackLoader:240 - Cannot read IP mode file for STMicroelectronics.X-CUBE-MEMS1.10.0.0
2024-04-06 09:57:49,128 [WARN] PackLoader:240 - Cannot read IP mode file for STMicroelectronics.X-CUBE-FREERTOS.1.1.0
2024-04-06 09:57:49,139 [WARN] PackLoader:240 - Cannot read IP mode file for portGmbH.I-Cube-SoM-uGOAL.1.1.0
2024-04-06 09:57:49,143 [WARN] PackLoader:240 - Cannot read IP mode file for STMicroelectronics.X-CUBE-ALS.1.0.1
2024-04-06 09:57:49,147 [WARN] PackLoader:240 - Cannot read IP mode file for STMicroelectronics.FP-ATR-ASTRA1.2.0.0
2024-04-06 09:57:49,155 [WARN] PackLoader:240 - Cannot read IP mode file for STMicroelectronics.X-CUBE-TOF1.3.4.0
2024-04-06 09:57:49,172 [WARN] PackLoader:240 - Cannot read IP mode file for STMicroelectronics.X-CUBE-TOF1.3.4.1
2024-04-06 09:57:49,196 [WARN] PackLoader:240 - Cannot read IP mode file for STMicroelectronics.X-CUBE-AZRTOS-H7.3.2.0
2024-04-06 09:57:49,199 [INFO] ThirdParty:978 - Integrity check success = true
2024-04-06 09:57:49,199 [INFO] IntegrityCheckThread:100 - exiting critical section [integrity check]
2024-04-06 09:57:49,199 [INFO] IntegrityCheckThread:103 - End integrity checks thread
2024-04-06 09:57:58,856 [ERROR] LogOutputStream:75 - [STDERR_REDIRECT] SLF4J: Failed to load class "org.slf4j.impl.StaticLoggerBinder".
2024-04-06 09:57:58,857 [ERROR] LogOutputStream:75 - [STDERR_REDIRECT] SLF4J: Defaulting to no-operation (NOP) logger implementation
2024-04-06 09:57:58,858 [ERROR] LogOutputStream:75 - [STDERR_REDIRECT] SLF4J: See http://www.slf4j.org/codes.html#StaticLoggerBinder for further details.
2024-04-06 09:58:43,169 [INFO] McuFinderGlobals:63 - Set McuFinder mode to 2 (CubeIDE integrated)
2024-04-06 09:58:43,183 [INFO] MainUpdater:2868 - connection check result : 10
2024-04-06 09:58:43,184 [INFO] MainUpdater:2868 - connection check result : 10
2024-04-06 09:58:43,230 [INFO] MicroXplorer:468 - Change Database Path : 
2024-04-06 09:58:43,230 [INFO] MicroXplorer:498 - Change Database Version : DB.6.0.92
2024-04-06 09:58:43,235 [WARN] ThirdParty:871 - waiting for thirdparty lock release [close project]
2024-04-06 09:58:43,235 [INFO] ThirdParty:873 - entering critical section [close project]
2024-04-06 09:58:43,236 [INFO] ThirdParty:883 - exiting critical section [close project]
2024-04-06 09:58:43,238 [INFO] PinOutPanel:1499 - setPackage(No Configuration,No Configuration)
2024-04-06 09:58:43,243 [INFO] UtilMem:75 - Begin LoadConfig() Used Memory: 472098632 Bytes (811597824)
2024-04-06 09:58:54,800 [INFO] ServerAccessManage:473 - Download File stm32cube_db_v6060.zip
2024-04-06 09:59:17,707 [INFO] FileExtend:240 - Unzip File : stm32cube_db_v6060.zip
2024-04-06 09:59:17,708 [INFO] FileExtend:255 - Standard Zip Deflate
2024-04-06 09:59:26,429 [INFO] LoadServerPackagesThread:196 - End of LoadServerPackages Thread
2024-04-06 09:59:26,672 [INFO] CheckServerUpdateThread:120 - End of CheckServer Thread
2024-04-06 09:59:26,743 [INFO] LoadServerPackagesThread:196 - End of LoadServerPackages Thread
2024-04-06 09:59:26,897 [INFO] CheckServerUpdateThread:120 - End of CheckServer Thread
2024-04-06 09:59:26,931 [INFO] MicroXplorer:468 - Change Database Path : C:/Users/Sergiu/.stm32cubemx/databases/DB.6.0.60/db/
2024-04-06 09:59:26,931 [INFO] MicroXplorer:498 - Change Database Version : DB.6.0.60
2024-04-06 09:59:26,931 [INFO] OpenFileManager:308 - Change cursor
2024-04-06 09:59:26,994 [INFO] Mcu:1946 - Initializing MCU STM32F103C(8-B)Tx STM32F103C8Tx STM32F103C8T6
2024-04-06 09:59:28,597 [INFO] Context:659 - Trying to add GPIOservice into a context  which must be forbidden
2024-04-06 09:59:29,389 [INFO] RtosManager:555 - Registered RTOS mode: class=CMSIS, group=RTOS, mode=CMSIS_V1, owner=FREERTOS
2024-04-06 09:59:29,389 [INFO] RtosManager:555 - Registered RTOS mode: class=CMSIS, group=RTOS2, mode=CMSIS_V2, owner=FREERTOS
2024-04-06 09:59:29,389 [INFO] RtosManager:555 - Registered RTOS mode: class=RTOS, group=Core, mode=CMSIS_V1, owner=FREERTOS
2024-04-06 09:59:29,389 [INFO] RtosManager:555 - Registered RTOS mode: class=RTOS, group=Core, mode=CMSIS_V2, owner=FREERTOS
2024-04-06 09:59:29,389 [WARN] ModelIntegratedComponent:184 - Missing modes for component STMicroelectronics:FreeRTOS:0.0.1:STMicroelectronics:RTOS:FreeRTOS:Core:::10.2.0:
2024-04-06 09:59:29,418 [WARN] ModelIntegratedComponent:63 - No mode defined for component null
2024-04-06 09:59:29,418 [WARN] ModelIntegratedComponent:63 - No mode defined for component null
2024-04-06 09:59:29,419 [WARN] ModelIntegratedComponent:63 - No mode defined for component null
2024-04-06 09:59:29,419 [WARN] ModelIntegratedComponent:63 - No mode defined for component null
2024-04-06 09:59:29,419 [WARN] ModelIntegratedComponent:63 - No mode defined for component null
2024-04-06 09:59:29,419 [WARN] ModelIntegratedComponent:63 - No mode defined for component null
2024-04-06 09:59:29,419 [WARN] ModelIntegratedComponent:63 - No mode defined for component null
2024-04-06 09:59:29,419 [WARN] ModelIntegratedComponent:63 - No mode defined for component null
2024-04-06 09:59:29,419 [WARN] ModelIntegratedComponent:63 - No mode defined for component null
2024-04-06 09:59:29,419 [WARN] ModelIntegratedComponent:63 - No mode defined for component null
2024-04-06 09:59:29,419 [WARN] ModelIntegratedComponent:63 - No mode defined for component null
2024-04-06 09:59:29,420 [WARN] ModelIntegratedComponent:63 - No mode defined for component null
2024-04-06 09:59:29,420 [WARN] ModelIntegratedComponent:63 - No mode defined for component null
2024-04-06 09:59:29,420 [WARN] ModelIntegratedComponent:63 - No mode defined for component null
2024-04-06 09:59:29,420 [WARN] ModelIntegratedComponent:63 - No mode defined for component null
2024-04-06 09:59:29,420 [WARN] ModelIntegratedComponent:63 - No mode defined for component null
2024-04-06 09:59:29,420 [WARN] ModelIntegratedComponent:63 - No mode defined for component null
2024-04-06 09:59:29,420 [WARN] ModelIntegratedComponent:63 - No mode defined for component null
2024-04-06 09:59:29,420 [WARN] ModelIntegratedComponent:63 - No mode defined for component null
2024-04-06 09:59:29,420 [WARN] ModelIntegratedComponent:63 - No mode defined for component null
2024-04-06 09:59:29,420 [WARN] ModelIntegratedComponent:63 - No mode defined for component null
2024-04-06 09:59:29,420 [WARN] ModelIntegratedComponent:63 - No mode defined for component null
2024-04-06 09:59:29,420 [WARN] ModelIntegratedComponent:63 - No mode defined for component null
2024-04-06 09:59:29,420 [WARN] ModelIntegratedComponent:63 - No mode defined for component null
2024-04-06 09:59:29,420 [WARN] ModelIntegratedComponent:63 - No mode defined for component null
2024-04-06 09:59:29,420 [WARN] ModelIntegratedComponent:63 - No mode defined for component null
2024-04-06 09:59:29,421 [WARN] ModelIntegratedComponent:63 - No mode defined for component null
2024-04-06 09:59:29,421 [WARN] ModelIntegratedComponent:63 - No mode defined for component null
2024-04-06 09:59:29,421 [WARN] ModelIntegratedComponent:63 - No mode defined for component null
2024-04-06 09:59:29,421 [WARN] ModelIntegratedComponent:63 - No mode defined for component null
2024-04-06 09:59:29,421 [WARN] ModelIntegratedComponent:63 - No mode defined for component null
2024-04-06 09:59:29,421 [WARN] ModelIntegratedComponent:63 - No mode defined for component null
2024-04-06 09:59:29,421 [WARN] ModelIntegratedComponent:63 - No mode defined for component null
2024-04-06 09:59:29,647 [INFO] ThirdPartyModel:298 - Start build external matchings
2024-04-06 09:59:30,742 [INFO] ThirdPartyModel:316 - End build external matchings
2024-04-06 09:59:30,772 [INFO] ImportTextPane:194 - (OptionalMessage_ERROR) IP (RCC) : Invalid parameter (FamilyName)
2024-04-06 09:59:30,773 [INFO] ImportTextPane:194 - (OptionalMessage_ERROR) IP (RCC) : Parameter (MCOFreq_Value) has invalid value (72000000)
2024-04-06 09:59:30,780 [INFO] ImportTextPane:194 - (OptionalMessage_ERROR) IP (RCC) : Parameter (USBFreq_Value) has invalid value (72000000)
2024-04-06 09:59:31,015 [INFO] UtilMem:75 - End LoadConfig() Used Memory: 750863224 Bytes (1073741824)
2024-04-06 09:59:31,296 [INFO] ApiDb:581 - Connected to CubeFinder SQLite database (C:\Users\Sergiu\.stmcufinder\plugins\mcufinder\mcu\cube-finder-db.db)
2024-04-06 09:59:31,434 [INFO] ApiDb:668 - CubeFinder database Data Model version=2.1
2024-04-06 09:59:31,434 [INFO] ApiDb:669 - CubeFinder database Configuration version=3.0.39
2024-04-06 09:59:31,434 [INFO] ApiDb:670 - CubeFinder database generation date=2024-03-01 (1709305525)
2024-04-06 09:59:31,434 [INFO] ApiDb:671 - CubeFinder database FW Pack versions=[FP-ATR-ASTRA1_V2.0.0, FP-SNS-FLIGHT1_V5.0.1, FP-SNS-FLIGHT1_V5.0.2, FP-SNS-MOTENV1_V4.3.1, FP-SNS-MOTENV1_V4.3.2, FP-SNS-MOTENVWB1_V1.3.1, FP-SNS-SMARTAG2_V1.2.0, STM32Cube_FW_C0_V1.1.0, STM32Cube_FW_F4_V1.28.0, STM32Cube_FW_F7_V1.17.0, STM32Cube_FW_G0_V1.6.2, STM32Cube_FW_G4_V1.5.2, STM32Cube_FW_H5_V0.5.1, STM32Cube_FW_H5_V1.1.1, STM32Cube_FW_H5_V1.2.0, STM32Cube_FW_H5_V1.2.0RC4, STM32Cube_FW_H7RS_V1.0.0, STM32Cube_FW_H7RS_V1.0.0RC4, STM32Cube_FW_H7_V1.11.0, STM32Cube_FW_L0_V1.12.2, STM32Cube_FW_L5_V1.5.1, STM32Cube_FW_U0_V1.0.0, STM32Cube_FW_U0_V1.0.0RC1, STM32Cube_FW_U5_V1.3.0RC4, STM32Cube_FW_U5_V1.5.0, STM32Cube_FW_U5_V1.5.0RC1, STM32Cube_FW_WBA_V1.0.0RC1, STM32Cube_FW_WBA_V1.2.0, STM32Cube_FW_WBA_V1.2.0RC2, STM32Cube_FW_WBA_V1.3.0, STM32Cube_FW_WBA_V1.3.0RC1, STM32Cube_FW_WB_V1.15.0RC1, STM32Cube_FW_WB_V1.16.0, STM32Cube_FW_WB_V1.16.0RC2, STM32Cube_FW_WB_V1.18.0, STM32Cube_FW_WB_V1.19.0, STM32Cube_FW_WL_V1.3.0, X-CUBE-ALGOBUILD_V1.3.0, X-CUBE-ALS_V1.0.1, X-CUBE-AZRTOS-F4_V1.1.0, X-CUBE-AZRTOS-F7_V1.1.0, X-CUBE-AZRTOS-G0_V1.1.0, X-CUBE-AZRTOS-G4_V2.0.0, X-CUBE-AZRTOS-H7_V3.2.0, X-CUBE-AZRTOS-L4_V1.0.0, X-CUBE-AZRTOS-L4_V2.0.0, X-CUBE-AZRTOS-L5_V1.1.0, X-CUBE-AZRTOS-WB_V2.0.0, X-CUBE-AZRTOS-WL_V2.0.0, X-CUBE-BLE1_V7.0.0, X-CUBE-BLE2_V3.3.0, X-CUBE-BLEMGR_V3.1.0, X-CUBE-EEPRMA1_V4.1.0, X-CUBE-EEPRMA1_V5.1.0, X-CUBE-FREERTOS_V1.1.0, X-CUBE-GNSS1_V6.0.0, X-CUBE-MEMS1_V10.0.0, X-CUBE-MEMS1_V9.1.0, X-CUBE-MEMS1_V9.4.0, X-CUBE-MEMS1_V9.6.0, X-CUBE-NFC4_V3.0.0, X-CUBE-NFC7_V1.0.1, X-CUBE-SFXS2LP1_V4.0.0, X-CUBE-SUBG2_V5.0.0, X-CUBE-TOF1_V3.4.0]
2024-04-06 09:59:35,142 [INFO] ApiDb:240 - Found 323 in-development CPN: [B-G473E-ZEST1S, B-WB1M-WPAN1, B-WL5M-SUBG1, NUCLEO-C031C6, NUCLEO-H503RB, NUCLEO-H563ZI, NUCLEO-U545RE-Q, NUCLEO-U5A5ZJ-Q, NUCLEO-WBA52CG, STEVAL-PROTEUS1, STEVAL-SMARTAG2, STEVAL-STWINBX1, STM320518-EVAL, STM32C0116-DK, STM32C011D6Y3TR, STM32C011D6Y6TR, STM32C011F4P3, STM32C011F4P6, STM32C011F4U3, STM32C011F4U6TR, STM32C011F6P3, STM32C011F6P6, STM32C011F6U3, STM32C011F6U6TR, STM32C011J4M3, STM32C011J4M6, STM32C011J6M3, STM32C011J6M6, STM32C0316-DK, STM32C031C4T3, STM32C031C4T6, STM32C031C4U3, STM32C031C4U6, STM32C031C6T3, STM32C031C6T6, STM32C031C6U3, STM32C031C6U6, STM32C031F4P3, STM32C031F4P6, STM32C031F6P3, STM32C031F6P6, STM32C031G4U3, STM32C031G4U6, STM32C031G6U3, STM32C031G6U6, STM32C031K4T3, STM32C031K4T6, STM32C031K4U3, STM32C031K4U6, STM32C031K6T3, STM32C031K6T6, STM32C031K6U3, STM32C031K6U6, STM32G071K8TXN, STM32G071K8UXN, STM32G081GBU6N, STM32G081KBT6N, STM32G081KBUXN, STM32G0B1CCT6N, STM32G0B1KCT6, STM32G0B1NEY6TR, STM32G0B1RCT6N, STM32G0C1CCT6, STM32G0C1CCT6N, STM32G0C1CCU6N, STM32G0C1CET6N, STM32G0C1CEU6N, STM32G0C1KCT6, STM32G0C1NEY6TR, STM32G0C1RCI6N, STM32G0C1RCT6N, STM32G0C1REI6N, STM32G0C1RET6N, STM32G0C1VCI6, STM32G0C1VEI6, STM32G471CCT6, STM32G471CCU6, STM32G471CET3, STM32G471CET6, STM32G471CEU3, STM32G471CEU6, STM32G471MCT6, STM32G471MET3, STM32G471MET6, STM32G471MEY6TR, STM32G471QCT6, STM32G471QET3, STM32G471RCT6, STM32G471RET3, STM32G471RET6, STM32G471VCH6, STM32G471VCI6, STM32G471VCT6, STM32G471VEH3, STM32G471VEH6, STM32G471VEI3, STM32G471VEI6, STM32G471VET3, STM32G471VET6, STM32G474CCT6, STM32H503CBT6, STM32H503CBU6, STM32H503EBY6TR, STM32H503KBU6, STM32H503RBT6, STM32H562AGI6, STM32H562AII6, STM32H562IGK6, STM32H562IGT6, STM32H562IIK6, STM32H562IIT6, STM32H562RGT6, STM32H562RGV6, STM32H562RIT6, STM32H562RIV6, STM32H562VGT6, STM32H562VIT6, STM32H562ZGT6, STM32H562ZIT6, STM32H563AGI6, STM32H563AII3Q, STM32H563AII6, STM32H563IGK6, STM32H563IGT6, STM32H563IIK3Q, STM32H563IIK6, STM32H563IIT3Q, STM32H563IIT6, STM32H563MIY3QTR, STM32H563RGT6, STM32H563RGV6, STM32H563RIT6, STM32H563RIV6, STM32H563VGT6, STM32H563VIT3Q, STM32H563VIT6, STM32H563ZGT6, STM32H563ZIT3Q, STM32H563ZIT6, STM32H573AII3Q, STM32H573AII6, STM32H573I-DK, STM32H573IIK3Q, STM32H573IIK6, STM32H573IIT3Q, STM32H573IIT6, STM32H573MIY3QTR, STM32H573RIT6, STM32H573RIV6, STM32H573VIT3Q, STM32H573VIT6, STM32H573ZIT3Q, STM32H573ZIT6, STM32L4R5QGI6STR, STM32MP131AAE3, STM32MP131AAF3, STM32MP131AAG3, STM32MP131CAE3, STM32MP131CAF3, STM32MP131CAG3, STM32MP131DAE7, STM32MP131DAF7, STM32MP131DAG7, STM32MP131FAE7, STM32MP131FAF7, STM32MP131FAG7, STM32MP133AAE3, STM32MP133AAF3, STM32MP133AAG3, STM32MP133CAE3, STM32MP133CAF3, STM32MP133CAG3, STM32MP133DAE7, STM32MP133DAF7, STM32MP133DAG7, STM32MP133FAE7, STM32MP133FAF7, STM32MP133FAG7, STM32MP135AAE3, STM32MP135AAF3, STM32MP135AAG3, STM32MP135CAE3, STM32MP135CAF3, STM32MP135CAG3, STM32MP135DAE7, STM32MP135DAF7, STM32MP135DAG7, STM32MP135F-DK, STM32MP135FAE7, STM32MP135FAF7, STM32MP135FAF7T, STM32MP135FAF7U, STM32MP135FAG7, STM32U535CBT6, STM32U535CBT6Q, STM32U535CBU6, STM32U535CBU6Q, STM32U535CCT6, STM32U535CCT6Q, STM32U535CCU6, STM32U535CCU6Q, STM32U535CET6, STM32U535CET6Q, STM32U535CEU6, STM32U535CEU6Q, STM32U535JEY6QTR, STM32U535NCY6QTR, STM32U535NEY6QTR, STM32U535RBI6, STM32U535RBI6Q, STM32U535RBT6, STM32U535RBT6Q, STM32U535RCI6, STM32U535RCI6Q, STM32U535RCT6, STM32U535RCT6Q, STM32U535REI6, STM32U535REI6Q, STM32U535RET6, STM32U535RET6Q, STM32U535VCI6, STM32U535VCI6Q, STM32U535VCT6, STM32U535VCT6Q, STM32U535VEI6, STM32U535VEI6Q, STM32U535VET6, STM32U535VET6Q, STM32U545CET6, STM32U545CET6Q, STM32U545CEU6, STM32U545CEU6Q, STM32U545JEY6QTR, STM32U545NEY6QTR, STM32U545REI6, STM32U545REI6Q, STM32U545RET6, STM32U545RET6Q, STM32U545VEI6, STM32U545VEI6Q, STM32U545VET6, STM32U545VET6Q, STM32U595AIH6, STM32U595AIH6Q, STM32U595AJH6, STM32U595AJH6Q, STM32U595QII6, STM32U595QII6Q, STM32U595QJI6, STM32U595QJI6Q, STM32U595RIT6, STM32U595RIT6Q, STM32U595RJT6, STM32U595RJT6Q, STM32U595VIT6, STM32U595VIT6Q, STM32U595VJT6, STM32U595VJT6Q, STM32U595ZIT6, STM32U595ZIT6Q, STM32U595ZIY6QTR, STM32U595ZJT6, STM32U595ZJT6Q, STM32U595ZJY6QTR, STM32U599BJY6QTR, STM32U599NIH6Q, STM32U599NJH6Q, STM32U599VIT6Q, STM32U599VJT6, STM32U599VJT6Q, STM32U599ZIT6Q, STM32U599ZIY6QTR, STM32U599ZJT6Q, STM32U599ZJY6QTR, STM32U5A5AJH6, STM32U5A5AJH6Q, STM32U5A5QJI6, STM32U5A5QJI6Q, STM32U5A5RJT6, STM32U5A5RJT6Q, STM32U5A5VJT6, STM32U5A5VJT6Q, STM32U5A5ZJT6, STM32U5A5ZJT6Q, STM32U5A5ZJY6QTR, STM32U5A9BJY6QTR, STM32U5A9J-DK, STM32U5A9NJH6Q, STM32U5A9VJT6Q, STM32U5A9ZJT6Q, STM32U5A9ZJY6QTR, STM32U5F7VIT6, STM32U5F7VIT6Q, STM32U5F7VJT6, STM32U5F7VJT6Q, STM32U5F9BJY6QTR, STM32U5F9NJH6Q, STM32U5F9VIT6Q, STM32U5F9VJT6Q, STM32U5F9ZIJ6QTR, STM32U5F9ZIT6Q, STM32U5F9ZJJ6QTR, STM32U5F9ZJT6Q, STM32U5G7VJT6, STM32U5G7VJT6Q, STM32U5G9BJY6QTR, STM32U5G9J-DK1, STM32U5G9J-DK2, STM32U5G9NJH6Q, STM32U5G9VJT6Q, STM32U5G9ZJJ6QTR, STM32U5G9ZJT6Q, STM32WB1MMCH6, STM32WBA52CEU6, STM32WBA52CEU6T, STM32WBA52CGU6, STM32WBA52CGU6T, STM32WBA52KEU6, STM32WBA52KEU6T, STM32WBA52KGU6, STM32WBA52KGU6T, STM32WL5MOCH6, STM32WL5MOCH6TR]
2024-04-06 09:59:35,146 [INFO] DbMcus:217 - Found 3938 MCUs, 3938 are supported
2024-04-06 09:59:35,148 [INFO] ApiDb:423 - Load user favorites file C:\Users\Sergiu/.stm32cubeide/favorites.mcus.txt: 2 item(s)
2024-04-06 09:59:35,148 [INFO] ApiDb:427 - User favorites MCUs=[STM32F103C8T6, STM32F401RCT6]
2024-04-06 09:59:35,149 [INFO] DbMcus:223 - Set 2 / 2 favorites MCUs
2024-04-06 09:59:35,919 [WARN] ThirdParty:833 - waiting for thirdparty lock release [change project]
2024-04-06 09:59:35,919 [INFO] ThirdParty:835 - entering critical section [change project]
2024-04-06 09:59:35,919 [INFO] ThirdParty:1030 - CMSIS Pack Vendor :STMicroelectronics X-CUBE-ISPU 1.1.0
2024-04-06 09:59:35,919 [INFO] ThirdParty:1030 - CMSIS Pack Vendor :STMicroelectronics USBPD 4.1
2024-04-06 09:59:35,919 [INFO] ThirdParty:1030 - CMSIS Pack Vendor :STMicroelectronics X-CUBE-GNSS1 6.0.0
2024-04-06 09:59:35,919 [INFO] ThirdParty:1030 - CMSIS Pack Vendor :STMicroelectronics USB_HOST 2.0.0
2024-04-06 09:59:35,919 [INFO] ThirdParty:1030 - CMSIS Pack Vendor :STMicroelectronics X-CUBE-AZRTOS-F4 1.1.0
2024-04-06 09:59:35,920 [INFO] ThirdParty:1030 - CMSIS Pack Vendor :STMicroelectronics LIBJPEG 8.0.0
2024-04-06 09:59:35,920 [INFO] ThirdParty:1030 - CMSIS Pack Vendor :wolfSSL I-CUBE-wolfSSL 5.6.3
2024-04-06 09:59:35,920 [INFO] ThirdParty:1030 - CMSIS Pack Vendor :STMicroelectronics X-CUBE-SMBUS 2.1.0
2024-04-06 09:59:35,920 [INFO] ThirdParty:1030 - CMSIS Pack Vendor :STMicroelectronics USB_DEVICE 3.0.0
2024-04-06 09:59:35,920 [INFO] ThirdParty:1030 - CMSIS Pack Vendor :STMicroelectronics X-CUBE-AZRTOS-WB 2.0.0
2024-04-06 09:59:35,920 [INFO] ThirdParty:1030 - CMSIS Pack Vendor :STMicroelectronics X-CUBE-TOUCHGFX 4.23.0
2024-04-06 09:59:35,920 [INFO] ThirdParty:1030 - CMSIS Pack Vendor :STMicroelectronics X-CUBE-TOUCHGFX 4.23.2
2024-04-06 09:59:35,920 [INFO] ThirdParty:1030 - CMSIS Pack Vendor :STMicroelectronics X-CUBE-AZRTOS-F7 1.1.0
2024-04-06 09:59:35,920 [INFO] ThirdParty:1030 - CMSIS Pack Vendor :STMicroelectronics X-CUBE-AZRTOS-L5 2.0.0
2024-04-06 09:59:35,920 [INFO] ThirdParty:1030 - CMSIS Pack Vendor :STMicroelectronics USB_DEVICE 2.0.0
2024-04-06 09:59:35,920 [INFO] ThirdParty:1030 - CMSIS Pack Vendor :STMicroelectronics X-CUBE-MEMS1 9.6.0
2024-04-06 09:59:35,920 [INFO] ThirdParty:1030 - CMSIS Pack Vendor :STMicroelectronics X-CUBE-EEPRMA1 4.2.0
2024-04-06 09:59:35,920 [INFO] ThirdParty:1030 - CMSIS Pack Vendor :STMicroelectronics X-CUBE-NFC6 3.1.0
2024-04-06 09:59:35,921 [INFO] ThirdParty:1030 - CMSIS Pack Vendor :ITTIA_DB I-CUBE-ITTIADB 8.8.0
2024-04-06 09:59:35,921 [INFO] ThirdParty:1030 - CMSIS Pack Vendor :STMicroelectronics FP-SNS-MOTENV1 4.3.2
2024-04-06 09:59:35,921 [INFO] ThirdParty:1030 - CMSIS Pack Vendor :STMicroelectronics X-CUBE-ALGOBUILD 1.3.0
2024-04-06 09:59:35,921 [INFO] ThirdParty:1030 - CMSIS Pack Vendor :STMicroelectronics FreeRTOS 0.0.1
2024-04-06 09:59:35,921 [INFO] ThirdParty:1030 - CMSIS Pack Vendor :STMicroelectronics X-CUBE-AZRTOS-G0 1.1.0
2024-04-06 09:59:35,921 [INFO] ThirdParty:1030 - CMSIS Pack Vendor :STMicroelectronics X-CUBE-BLEMGR 2.0.0
2024-04-06 09:59:35,921 [INFO] ThirdParty:1030 - CMSIS Pack Vendor :STMicroelectronics X-CUBE-SAFEA1 1.2.2
2024-04-06 09:59:35,921 [INFO] ThirdParty:1030 - CMSIS Pack Vendor :STMicroelectronics X-CUBE-NFC4 3.0.0
2024-04-06 09:59:35,921 [INFO] ThirdParty:1030 - CMSIS Pack Vendor :STMicroelectronics X-CUBE-SUBG2 5.0.0
2024-04-06 09:59:35,921 [INFO] ThirdParty:1030 - CMSIS Pack Vendor :STMicroelectronics STM32_WPAN 1.0.0
2024-04-06 09:59:35,921 [INFO] ThirdParty:1030 - CMSIS Pack Vendor :STMicroelectronics lwIP 2.0.3
2024-04-06 09:59:35,921 [INFO] ThirdParty:1030 - CMSIS Pack Vendor :STMicroelectronics FP-SNS-FLIGHT1 5.0.2
2024-04-06 09:59:35,921 [INFO] ThirdParty:1030 - CMSIS Pack Vendor :STMicroelectronics USB_HOST 1.0.0
2024-04-06 09:59:35,921 [INFO] ThirdParty:1030 - CMSIS Pack Vendor :STMicroelectronics X-CUBE-TOF1 3.3.1
2024-04-06 09:59:35,921 [INFO] ThirdParty:1030 - CMSIS Pack Vendor :STMicroelectronics X-CUBE-AZRTOS-G4 2.0.0
2024-04-06 09:59:35,921 [INFO] ThirdParty:1030 - CMSIS Pack Vendor :STMicroelectronics PDM2PCM 3.1.0
2024-04-06 09:59:35,921 [INFO] ThirdParty:1030 - CMSIS Pack Vendor :STMicroelectronics X-CUBE-AZRTOS-H7 3.1.0
2024-04-06 09:59:35,921 [INFO] ThirdParty:1030 - CMSIS Pack Vendor :Infineon AIROC-Wi-Fi-Bluetooth-STM32 1.5.1
2024-04-06 09:59:35,921 [INFO] ThirdParty:1030 - CMSIS Pack Vendor :STMicroelectronics X-CUBE-BLEMGR 3.0.0
2024-04-06 09:59:35,921 [INFO] ThirdParty:1030 - CMSIS Pack Vendor :STMicroelectronics PDM2PCM 3.3.0
2024-04-06 09:59:35,921 [INFO] ThirdParty:1030 - CMSIS Pack Vendor :STMicroelectronics X-CUBE-DISPLAY 3.0.0
2024-04-06 09:59:35,921 [INFO] ThirdParty:1030 - CMSIS Pack Vendor :STMicroelectronics FP-SNS-MOTENVWB1 1.3.0
2024-04-06 09:59:35,922 [INFO] ThirdParty:1030 - CMSIS Pack Vendor :STMicroelectronics FP-SNS-MOTENVWB1 1.3.1
2024-04-06 09:59:35,922 [INFO] ThirdParty:1030 - CMSIS Pack Vendor :STMicroelectronics X-CUBE-BLE1 7.0.0
2024-04-06 09:59:35,922 [INFO] ThirdParty:1030 - CMSIS Pack Vendor :STMicroelectronics FP-ATR-SIGFOX1 3.2.0
2024-04-06 09:59:35,922 [INFO] ThirdParty:1030 - CMSIS Pack Vendor :STMicroelectronics X-CUBE-ISPU 2.0.0
2024-04-06 09:59:35,922 [INFO] ThirdParty:1030 - CMSIS Pack Vendor :STMicroelectronics X-CUBE-EEPRMA1 5.1.0
2024-04-06 09:59:35,922 [INFO] ThirdParty:1030 - CMSIS Pack Vendor :STMicroelectronics HAL Drivers 0.0.0
2024-04-06 09:59:35,922 [INFO] ThirdParty:1030 - CMSIS Pack Vendor :STMicroelectronics MBEDTLS 2.16.2
2024-04-06 09:59:35,922 [INFO] ThirdParty:1030 - CMSIS Pack Vendor :emotas I-CUBE-CANOPEN 1.3.0
2024-04-06 09:59:35,922 [INFO] ThirdParty:1030 - CMSIS Pack Vendor :STMicroelectronics X-CUBE-MEMS1 10.0.0
2024-04-06 09:59:35,922 [INFO] ThirdParty:1030 - CMSIS Pack Vendor :STMicroelectronics X-CUBE-FREERTOS 1.1.0
2024-04-06 09:59:35,922 [INFO] ThirdParty:1030 - CMSIS Pack Vendor :STMicroelectronics X-CUBE-NFC7 1.0.1
2024-04-06 09:59:35,922 [INFO] ThirdParty:1030 - CMSIS Pack Vendor :STMicroelectronics MBEDTLS 2.14.1
2024-04-06 09:59:35,922 [INFO] ThirdParty:1030 - CMSIS Pack Vendor :STMicroelectronics X-CUBE-TOUCHGFX 4.22.1
2024-04-06 09:59:35,922 [INFO] ThirdParty:1030 - CMSIS Pack Vendor :STMicroelectronics X-CUBE-NFC6 3.0.0
2024-04-06 09:59:35,922 [INFO] ThirdParty:1030 - CMSIS Pack Vendor :STMicroelectronics X-CUBE-EEPRMA1 4.1.0
2024-04-06 09:59:35,922 [INFO] ThirdParty:1030 - CMSIS Pack Vendor :portGmbH I-Cube-SoM-uGOAL 1.1.0
2024-04-06 09:59:35,922 [INFO] ThirdParty:1030 - CMSIS Pack Vendor :STMicroelectronics X-CUBE-ALS 1.0.1
2024-04-06 09:59:35,922 [INFO] ThirdParty:1030 - CMSIS Pack Vendor :STMicroelectronics X-CUBE-BLEMGR 3.1.0
2024-04-06 09:59:35,922 [INFO] ThirdParty:1030 - CMSIS Pack Vendor :STMicroelectronics ThreadX 1.0.0
2024-04-06 09:59:35,922 [INFO] ThirdParty:1030 - CMSIS Pack Vendor :STMicroelectronics FP-SNS-SMARTAG2 1.2.0
2024-04-06 09:59:35,922 [INFO] ThirdParty:1030 - CMSIS Pack Vendor :STMicroelectronics X-CUBE-AZRTOS-WL 2.0.0
2024-04-06 09:59:35,922 [INFO] ThirdParty:1030 - CMSIS Pack Vendor :SEGGER I-CUBE-embOS 1.3.1
2024-04-06 09:59:35,923 [INFO] ThirdParty:1030 - CMSIS Pack Vendor :STMicroelectronics FP-SNS-MOTENV1 5.0.0
2024-04-06 09:59:35,923 [INFO] ThirdParty:1030 - CMSIS Pack Vendor :STMicroelectronics USB_DEVICE 1.0.0
2024-04-06 09:59:35,923 [INFO] ThirdParty:1030 - CMSIS Pack Vendor :STMicroelectronics X-CUBE-AI 8.1.0
2024-04-06 09:59:35,923 [INFO] ThirdParty:1030 - CMSIS Pack Vendor :STMicroelectronics X-CUBE-AZRTOS-L4 2.0.0
2024-04-06 09:59:35,923 [INFO] ThirdParty:1030 - CMSIS Pack Vendor :STMicroelectronics ThreadX 0.0.2
2024-04-06 09:59:35,923 [INFO] ThirdParty:1030 - CMSIS Pack Vendor :WES I-CUBE-Cesium 1.3.0
2024-04-06 09:59:35,923 [INFO] ThirdParty:1030 - CMSIS Pack Vendor :STMicroelectronics FP-ATR-ASTRA1 2.0.0
2024-04-06 09:59:35,923 [INFO] ThirdParty:1030 - CMSIS Pack Vendor :STMicroelectronics lwIP 2.1.2
2024-04-06 09:59:35,923 [INFO] ThirdParty:1030 - CMSIS Pack Vendor :STMicroelectronics X-CUBE-SFXS2LP1 4.0.0
2024-04-06 09:59:35,923 [INFO] ThirdParty:1030 - CMSIS Pack Vendor :STMicroelectronics X-CUBE-BLE2 3.3.0
2024-04-06 09:59:35,923 [INFO] ThirdParty:1030 - CMSIS Pack Vendor :STMicroelectronics X-CUBE-TOF1 3.4.0
2024-04-06 09:59:35,923 [INFO] ThirdParty:1030 - CMSIS Pack Vendor :STMicroelectronics X-CUBE-TOF1 3.4.1
2024-04-06 09:59:35,923 [INFO] ThirdParty:1030 - CMSIS Pack Vendor :STMicroelectronics X-CUBE-AZRTOS-H7 3.2.0
2024-04-06 09:59:35,923 [INFO] ThirdParty:1030 - CMSIS Pack Vendor :STMicroelectronics PDM2PCM 3.2.0
2024-04-06 09:59:35,923 [INFO] ThirdParty:841 - exiting critical section [change project]
2024-04-06 09:59:36,394 [INFO] PinOutPanel:1499 - setPackage(No Configuration,No Configuration)
2024-04-06 09:59:36,396 [INFO] PinOutPanel:1499 - setPackage(STM32F103C8Tx,LQFP48)
2024-04-06 09:59:37,654 [INFO] UtilMem:75 - Before build in PCC Used Memory: 730666208 Bytes (1073741824)
2024-04-06 09:59:39,088 [INFO] UtilMem:75 - After build in PCC Used Memory: 850558976 Bytes (1073741824)
2024-04-06 09:59:39,123 [INFO] IPUIPlugin:80 - create IPUIPlugin
2024-04-06 09:59:39,124 [INFO] IPUIPlugin:80 - create IPUIPlugin
2024-04-06 09:59:39,124 [INFO] IPUIPlugin:80 - create IPUIPlugin
2024-04-06 09:59:39,124 [INFO] IPUIPlugin:80 - create IPUIPlugin
2024-04-06 09:59:39,124 [INFO] IPUIPlugin:80 - create IPUIPlugin
2024-04-06 09:59:39,124 [INFO] IPUIPlugin:80 - create IPUIPlugin
2024-04-06 09:59:39,124 [INFO] IPUIPlugin:80 - create IPUIPlugin
2024-04-06 09:59:39,124 [INFO] IPUIPlugin:80 - create IPUIPlugin
2024-04-06 09:59:39,124 [INFO] IPUIPlugin:80 - create IPUIPlugin
2024-04-06 09:59:39,124 [INFO] IPUIPlugin:80 - create IPUIPlugin
2024-04-06 09:59:39,125 [INFO] IPUIPlugin:80 - create IPUIPlugin
2024-04-06 09:59:39,125 [INFO] IPUIPlugin:80 - create IPUIPlugin
2024-04-06 09:59:39,125 [INFO] IPUIPlugin:80 - create IPUIPlugin
2024-04-06 09:59:39,125 [INFO] IPUIPlugin:80 - create IPUIPlugin
2024-04-06 09:59:39,125 [INFO] IPUIPlugin:80 - create IPUIPlugin
2024-04-06 09:59:39,125 [INFO] IPUIPlugin:80 - create IPUIPlugin
2024-04-06 09:59:39,126 [INFO] IPUIPlugin:80 - create IPUIPlugin
2024-04-06 09:59:39,126 [INFO] IPUIPlugin:80 - create IPUIPlugin
2024-04-06 09:59:39,126 [INFO] IPUIPlugin:80 - create IPUIPlugin
2024-04-06 09:59:39,126 [INFO] IPUIPlugin:80 - create IPUIPlugin
2024-04-06 09:59:39,126 [INFO] IPUIPlugin:80 - create IPUIPlugin
2024-04-06 09:59:39,126 [INFO] IPUIPlugin:80 - create IPUIPlugin
2024-04-06 09:59:39,126 [INFO] IPUIPlugin:80 - create IPUIPlugin
2024-04-06 09:59:39,126 [INFO] IPUIPlugin:80 - create IPUIPlugin
2024-04-06 09:59:39,126 [INFO] IPUIPlugin:80 - create IPUIPlugin
2024-04-06 09:59:39,126 [INFO] IPUIPlugin:80 - create IPUIPlugin
2024-04-06 09:59:39,127 [INFO] IPUIPlugin:80 - create IPUIPlugin
2024-04-06 09:59:39,456 [INFO] CADModel:165 - CPN selected for project levelSTM32F103C8T6
2024-04-06 09:59:39,456 [INFO] CADModel:114 - Register for checkConnection events
2024-04-06 09:59:39,509 [INFO] OpenFileManager:328 - Restore cursor
2024-04-06 10:05:54,437 [INFO] MainUpdater:2868 - connection check result : 10
2024-04-06 10:05:54,437 [INFO] MainUpdater:2868 - connection check result : 10
2024-04-06 10:05:55,001 [INFO] MicroXplorer:468 - Change Database Path : 
2024-04-06 10:05:55,002 [INFO] MicroXplorer:498 - Change Database Version : DB.6.0.92
2024-04-06 10:05:55,036 [WARN] ThirdParty:871 - waiting for thirdparty lock release [close project]
2024-04-06 10:05:55,036 [INFO] ThirdParty:873 - entering critical section [close project]
2024-04-06 10:05:55,036 [INFO] ThirdParty:883 - exiting critical section [close project]
2024-04-06 10:05:55,038 [INFO] PinOutPanel:1499 - setPackage(No Configuration,No Configuration)
2024-04-06 10:05:55,047 [INFO] UtilMem:75 - Begin LoadConfig() Used Memory: 724887104 Bytes (1073741824)
2024-04-06 10:05:55,047 [INFO] MicroXplorer:468 - Change Database Path : 
2024-04-06 10:05:55,048 [INFO] MicroXplorer:498 - Change Database Version : DB.6.0.92
2024-04-06 10:05:55,048 [INFO] OpenFileManager:308 - Change cursor
2024-04-06 10:06:04,465 [INFO] ServerAccessManage:473 - Download File STMicroelectronics.X-CUBE-TOUCHGFX.4.23.2.pack
2024-04-06 10:08:48,268 [ERROR] ServerAccessManage:546 - IOException during http download : There is not enough space on the disk
2024-04-06 10:08:48,419 [ERROR] ServerAccessManage:651 - Problem during Download of File : STMicroelectronics.X-CUBE-TOUCHGFX.4.23.2.pack.
2024-04-06 10:08:50,485 [INFO] MainUpdater:1606 - ProgressBar Return now
2024-04-06 10:08:50,485 [INFO] LoadServerPackagesThread:196 - End of LoadServerPackages Thread
2024-04-06 10:08:50,486 [ERROR] AbstractThirdPartyUpdaterManager:154 - task #25: error #11
2024-04-06 10:08:50,506 [INFO] Mcu:1946 - Initializing MCU STM32F401R(B-C)Tx STM32F401RCTx STM32F401RCT6
2024-04-06 10:08:50,630 [INFO] CheckServerUpdateThread:120 - End of CheckServer Thread
2024-04-06 10:08:51,666 [INFO] Context:659 - Trying to add GPIOservice into a context  which must be forbidden
2024-04-06 10:08:51,937 [ERROR] Mcu:850 - ThirdParty IPModes/IPconfigs doesn't exist for :C:/Users/Sergiu/.stm32cubemx/plugins/thirdparty/db//STMicroelectronics/X-CUBE-TOUCHGFX/4.23.2/STMicroelectronics.X-CUBE-TOUCHGFX.4.23.2_Modes.xml
2024-04-06 10:08:51,937 [ERROR] Mcu:6309 - ThirdParty IPModes/IPconfigs doesn't exist for :STMicroelectronics.X-CUBE-TOUCHGFX.4.23.2
2024-04-06 10:08:51,938 [INFO] ImportTextPane:194 - (OptionalMessage_ERROR) Pin7 (VP_STMicroelectronics.X-CUBE-TOUCHGFX_VS_GraphicsJjApplication_4.23.2) cannot be retrieved for this MCU
2024-04-06 10:08:52,121 [INFO] RtosManager:555 - Registered RTOS mode: class=CMSIS, group=RTOS, mode=CMSIS_V1, owner=FREERTOS
2024-04-06 10:08:52,122 [INFO] RtosManager:555 - Registered RTOS mode: class=CMSIS, group=RTOS2, mode=CMSIS_V2, owner=FREERTOS
2024-04-06 10:08:52,122 [INFO] RtosManager:555 - Registered RTOS mode: class=RTOS, group=Core, mode=CMSIS_V1, owner=FREERTOS
2024-04-06 10:08:52,122 [INFO] RtosManager:555 - Registered RTOS mode: class=RTOS, group=Core, mode=CMSIS_V2, owner=FREERTOS
2024-04-06 10:08:52,122 [WARN] ModelIntegratedComponent:184 - Missing modes for component STMicroelectronics:FreeRTOS:0.0.1:STMicroelectronics:RTOS:FreeRTOS:Core:::10.2.0:
2024-04-06 10:08:52,150 [WARN] ModelIntegratedComponent:182 - Modes not found for component STMicroelectronics:USB_HOST:1.0.0:STMicroelectronics:USB::USB Host:Audio HS::1.0:USB_HOST_1_0_RESTRICTED_HS
2024-04-06 10:08:52,154 [WARN] ModelIntegratedComponent:188 - Modes not found for component STMicroelectronics:USB_HOST:1.0.0:STMicroelectronics:USB::USB Host:Audio HS::1.0:USB_HOST_1_0_RESTRICTED_HS
2024-04-06 10:08:52,170 [WARN] ModelIntegratedComponent:182 - Modes not found for component STMicroelectronics:USB_HOST:1.0.0:STMicroelectronics:USB::USB Host:CDC HS::1.0:USB_HOST_1_0_RESTRICTED_HS
2024-04-06 10:08:52,170 [WARN] ModelIntegratedComponent:188 - Modes not found for component STMicroelectronics:USB_HOST:1.0.0:STMicroelectronics:USB::USB Host:CDC HS::1.0:USB_HOST_1_0_RESTRICTED_HS
2024-04-06 10:08:52,170 [WARN] ModelIntegratedComponent:182 - Modes not found for component STMicroelectronics:USB_HOST:1.0.0:STMicroelectronics:USB::USB Host:MSC HS::1.0:USB_HOST_1_0_RESTRICTED_HS
2024-04-06 10:08:52,170 [WARN] ModelIntegratedComponent:188 - Modes not found for component STMicroelectronics:USB_HOST:1.0.0:STMicroelectronics:USB::USB Host:MSC HS::1.0:USB_HOST_1_0_RESTRICTED_HS
2024-04-06 10:08:52,170 [WARN] ModelIntegratedComponent:182 - Modes not found for component STMicroelectronics:USB_HOST:1.0.0:STMicroelectronics:USB::USB Host:HID HS::1.0:USB_HOST_1_0_RESTRICTED_HS
2024-04-06 10:08:52,170 [WARN] ModelIntegratedComponent:188 - Modes not found for component STMicroelectronics:USB_HOST:1.0.0:STMicroelectronics:USB::USB Host:HID HS::1.0:USB_HOST_1_0_RESTRICTED_HS
2024-04-06 10:08:52,170 [WARN] ModelIntegratedComponent:182 - Modes not found for component STMicroelectronics:USB_HOST:1.0.0:STMicroelectronics:USB::USB Host:MTP HS::1.0:USB_HOST_1_0_RESTRICTED_HS
2024-04-06 10:08:52,170 [WARN] ModelIntegratedComponent:188 - Modes not found for component STMicroelectronics:USB_HOST:1.0.0:STMicroelectronics:USB::USB Host:MTP HS::1.0:USB_HOST_1_0_RESTRICTED_HS
2024-04-06 10:08:52,234 [WARN] ModelIntegratedComponent:63 - No mode defined for component null
2024-04-06 10:08:52,234 [WARN] ModelIntegratedComponent:63 - No mode defined for component null
2024-04-06 10:08:52,234 [WARN] ModelIntegratedComponent:63 - No mode defined for component null
2024-04-06 10:08:52,234 [WARN] ModelIntegratedComponent:63 - No mode defined for component null
2024-04-06 10:08:52,234 [WARN] ModelIntegratedComponent:63 - No mode defined for component null
2024-04-06 10:08:52,234 [WARN] ModelIntegratedComponent:63 - No mode defined for component null
2024-04-06 10:08:52,234 [WARN] ModelIntegratedComponent:63 - No mode defined for component null
2024-04-06 10:08:52,234 [WARN] ModelIntegratedComponent:63 - No mode defined for component null
2024-04-06 10:08:52,234 [WARN] ModelIntegratedComponent:63 - No mode defined for component null
2024-04-06 10:08:52,235 [WARN] ModelIntegratedComponent:63 - No mode defined for component null
2024-04-06 10:08:52,235 [WARN] ModelIntegratedComponent:63 - No mode defined for component null
2024-04-06 10:08:52,235 [WARN] ModelIntegratedComponent:63 - No mode defined for component null
2024-04-06 10:08:52,235 [WARN] ModelIntegratedComponent:63 - No mode defined for component null
2024-04-06 10:08:52,235 [WARN] ModelIntegratedComponent:63 - No mode defined for component null
2024-04-06 10:08:52,235 [WARN] ModelIntegratedComponent:63 - No mode defined for component null
2024-04-06 10:08:52,235 [WARN] ModelIntegratedComponent:63 - No mode defined for component null
2024-04-06 10:08:52,235 [WARN] ModelIntegratedComponent:63 - No mode defined for component null
2024-04-06 10:08:52,235 [WARN] ModelIntegratedComponent:63 - No mode defined for component null
2024-04-06 10:08:52,235 [WARN] ModelIntegratedComponent:63 - No mode defined for component null
2024-04-06 10:08:52,235 [WARN] ModelIntegratedComponent:63 - No mode defined for component null
2024-04-06 10:08:52,236 [WARN] ModelIntegratedComponent:63 - No mode defined for component null
2024-04-06 10:08:52,236 [WARN] ModelIntegratedComponent:63 - No mode defined for component null
2024-04-06 10:08:52,236 [WARN] ModelIntegratedComponent:63 - No mode defined for component null
2024-04-06 10:08:52,236 [WARN] ModelIntegratedComponent:63 - No mode defined for component null
2024-04-06 10:08:52,236 [WARN] ModelIntegratedComponent:63 - No mode defined for component null
2024-04-06 10:08:52,236 [WARN] ModelIntegratedComponent:63 - No mode defined for component null
2024-04-06 10:08:52,236 [WARN] ModelIntegratedComponent:63 - No mode defined for component null
2024-04-06 10:08:52,236 [WARN] ModelIntegratedComponent:63 - No mode defined for component null
2024-04-06 10:08:52,236 [WARN] ModelIntegratedComponent:63 - No mode defined for component null
2024-04-06 10:08:52,236 [WARN] ModelIntegratedComponent:63 - No mode defined for component null
2024-04-06 10:08:52,236 [WARN] ModelIntegratedComponent:63 - No mode defined for component null
2024-04-06 10:08:52,236 [WARN] ModelIntegratedComponent:63 - No mode defined for component null
2024-04-06 10:08:52,236 [WARN] ModelIntegratedComponent:63 - No mode defined for component null
2024-04-06 10:08:52,428 [WARN] ModelIntegratedComponent:182 - Modes not found for component STMicroelectronics:USB_DEVICE:1.0.0:STMicroelectronics:USB::USB Device:Audio HS::1.0:USB_DEVICE_1_0_RESTRICTED_HS
2024-04-06 10:08:52,428 [WARN] ModelIntegratedComponent:188 - Modes not found for component STMicroelectronics:USB_DEVICE:1.0.0:STMicroelectronics:USB::USB Device:Audio HS::1.0:USB_DEVICE_1_0_RESTRICTED_HS
2024-04-06 10:08:52,428 [WARN] ModelIntegratedComponent:182 - Modes not found for component STMicroelectronics:USB_DEVICE:1.0.0:STMicroelectronics:USB::USB Device:CDC HS::1.0:USB_DEVICE_1_0_RESTRICTED_HS
2024-04-06 10:08:52,428 [WARN] ModelIntegratedComponent:188 - Modes not found for component STMicroelectronics:USB_DEVICE:1.0.0:STMicroelectronics:USB::USB Device:CDC HS::1.0:USB_DEVICE_1_0_RESTRICTED_HS
2024-04-06 10:08:52,428 [WARN] ModelIntegratedComponent:182 - Modes not found for component STMicroelectronics:USB_DEVICE:1.0.0:STMicroelectronics:USB::USB Device:DFU HS::1.0:USB_DEVICE_1_0_RESTRICTED_HS
2024-04-06 10:08:52,428 [WARN] ModelIntegratedComponent:188 - Modes not found for component STMicroelectronics:USB_DEVICE:1.0.0:STMicroelectronics:USB::USB Device:DFU HS::1.0:USB_DEVICE_1_0_RESTRICTED_HS
2024-04-06 10:08:52,428 [WARN] ModelIntegratedComponent:182 - Modes not found for component STMicroelectronics:USB_DEVICE:1.0.0:STMicroelectronics:USB::USB Device:HID HS::1.0:USB_DEVICE_1_0_RESTRICTED_HS
2024-04-06 10:08:52,428 [WARN] ModelIntegratedComponent:188 - Modes not found for component STMicroelectronics:USB_DEVICE:1.0.0:STMicroelectronics:USB::USB Device:HID HS::1.0:USB_DEVICE_1_0_RESTRICTED_HS
2024-04-06 10:08:52,428 [WARN] ModelIntegratedComponent:182 - Modes not found for component STMicroelectronics:USB_DEVICE:1.0.0:STMicroelectronics:USB::USB Device:Custom HID HS::1.0:USB_DEVICE_1_0_RESTRICTED_HS
2024-04-06 10:08:52,429 [WARN] ModelIntegratedComponent:188 - Modes not found for component STMicroelectronics:USB_DEVICE:1.0.0:STMicroelectronics:USB::USB Device:Custom HID HS::1.0:USB_DEVICE_1_0_RESTRICTED_HS
2024-04-06 10:08:52,429 [WARN] ModelIntegratedComponent:182 - Modes not found for component STMicroelectronics:USB_DEVICE:1.0.0:STMicroelectronics:USB::USB Device:MSC HS::1.0:USB_DEVICE_1_0_RESTRICTED_HS
2024-04-06 10:08:52,429 [WARN] ModelIntegratedComponent:188 - Modes not found for component STMicroelectronics:USB_DEVICE:1.0.0:STMicroelectronics:USB::USB Device:MSC HS::1.0:USB_DEVICE_1_0_RESTRICTED_HS
2024-04-06 10:08:52,454 [INFO] ThirdPartyModel:298 - Start build external matchings
2024-04-06 10:08:53,979 [INFO] ThirdPartyModel:316 - End build external matchings
2024-04-06 10:08:54,014 [INFO] ImportTextPane:194 - (OptionalMessage_ERROR) IP (DMA) : Parameter (Instance) has Id (SPI1_TX) currently not set
2024-04-06 10:08:54,014 [INFO] ImportTextPane:194 - (OptionalMessage_ERROR) IP (DMA) : Parameter (Channel) has Id (SPI1_TX) currently not set
2024-04-06 10:08:54,014 [INFO] ImportTextPane:194 - (OptionalMessage_ERROR) IP (DMA) : Parameter (Direction) has Id (SPI1_TX) currently not set
2024-04-06 10:08:54,014 [INFO] ImportTextPane:194 - (OptionalMessage_ERROR) IP (DMA) : Parameter (PeriphInc) has Id (SPI1_TX) currently not set
2024-04-06 10:08:54,014 [INFO] ImportTextPane:194 - (OptionalMessage_ERROR) IP (DMA) : Parameter (MemInc) has Id (SPI1_TX) currently not set
2024-04-06 10:08:54,014 [INFO] ImportTextPane:194 - (OptionalMessage_ERROR) IP (DMA) : Parameter (PeriphDataAlignment) has Id (SPI1_TX) currently not set
2024-04-06 10:08:54,015 [INFO] ImportTextPane:194 - (OptionalMessage_ERROR) IP (DMA) : Parameter (MemDataAlignment) has Id (SPI1_TX) currently not set
2024-04-06 10:08:54,015 [INFO] ImportTextPane:194 - (OptionalMessage_ERROR) IP (DMA) : Parameter (Mode) has Id (SPI1_TX) currently not set
2024-04-06 10:08:54,015 [INFO] ImportTextPane:194 - (OptionalMessage_ERROR) IP (DMA) : Parameter (Priority) has Id (SPI1_TX) currently not set
2024-04-06 10:08:54,015 [INFO] ImportTextPane:194 - (OptionalMessage_ERROR) IP (DMA) : Parameter (FIFOMode) has Id (SPI1_TX) currently not set
2024-04-06 10:08:54,015 [INFO] ImportTextPane:194 - (OptionalMessage_ERROR) IP (DMA) : Parameter (FIFOThreshold) has Id (SPI1_TX) currently not set
2024-04-06 10:08:54,015 [INFO] ImportTextPane:194 - (OptionalMessage_ERROR) IP (DMA) : Parameter (FIFOThreshold) has invalid value (null)
2024-04-06 10:08:54,015 [INFO] ImportTextPane:194 - (OptionalMessage_ERROR) IP (DMA) : Parameter (MemBurst) has Id (SPI1_TX) currently not set
2024-04-06 10:08:54,015 [INFO] ImportTextPane:194 - (OptionalMessage_ERROR) IP (DMA) : Parameter (MemBurst) has invalid value (null)
2024-04-06 10:08:54,015 [INFO] ImportTextPane:194 - (OptionalMessage_ERROR) IP (DMA) : Parameter (PeriphBurst) has Id (SPI1_TX) currently not set
2024-04-06 10:08:54,015 [INFO] ImportTextPane:194 - (OptionalMessage_ERROR) IP (DMA) : Parameter (PeriphBurst) has invalid value (null)
2024-04-06 10:08:55,351 [INFO] UtilMem:75 - End LoadConfig() Used Memory: 687641240 Bytes (1073741824)
2024-04-06 10:08:56,112 [WARN] ThirdParty:833 - waiting for thirdparty lock release [change project]
2024-04-06 10:08:56,113 [INFO] ThirdParty:835 - entering critical section [change project]
2024-04-06 10:08:56,114 [INFO] ThirdParty:1030 - CMSIS Pack Vendor :STMicroelectronics X-CUBE-ISPU 1.1.0
2024-04-06 10:08:56,114 [INFO] ThirdParty:1030 - CMSIS Pack Vendor :STMicroelectronics USBPD 4.1
2024-04-06 10:08:56,114 [INFO] ThirdParty:1030 - CMSIS Pack Vendor :STMicroelectronics X-CUBE-GNSS1 6.0.0
2024-04-06 10:08:56,114 [INFO] ThirdParty:1030 - CMSIS Pack Vendor :STMicroelectronics USB_HOST 2.0.0
2024-04-06 10:08:56,114 [INFO] ThirdParty:1030 - CMSIS Pack Vendor :STMicroelectronics X-CUBE-AZRTOS-F4 1.1.0
2024-04-06 10:08:56,114 [INFO] ThirdParty:1030 - CMSIS Pack Vendor :STMicroelectronics LIBJPEG 8.0.0
2024-04-06 10:08:56,114 [INFO] ThirdParty:1030 - CMSIS Pack Vendor :wolfSSL I-CUBE-wolfSSL 5.6.3
2024-04-06 10:08:56,114 [INFO] ThirdParty:1030 - CMSIS Pack Vendor :STMicroelectronics X-CUBE-SMBUS 2.1.0
2024-04-06 10:08:56,114 [INFO] ThirdParty:1030 - CMSIS Pack Vendor :STMicroelectronics USB_DEVICE 3.0.0
2024-04-06 10:08:56,114 [INFO] ThirdParty:1030 - CMSIS Pack Vendor :STMicroelectronics X-CUBE-AZRTOS-WB 2.0.0
2024-04-06 10:08:56,114 [INFO] ThirdParty:1030 - CMSIS Pack Vendor :STMicroelectronics X-CUBE-TOUCHGFX 4.23.0
2024-04-06 10:08:56,114 [INFO] ThirdParty:1030 - CMSIS Pack Vendor :STMicroelectronics X-CUBE-TOUCHGFX 4.23.2
2024-04-06 10:08:56,114 [INFO] ThirdParty:1030 - CMSIS Pack Vendor :STMicroelectronics X-CUBE-AZRTOS-F7 1.1.0
2024-04-06 10:08:56,115 [INFO] ThirdParty:1030 - CMSIS Pack Vendor :STMicroelectronics X-CUBE-AZRTOS-L5 2.0.0
2024-04-06 10:08:56,115 [INFO] ThirdParty:1030 - CMSIS Pack Vendor :STMicroelectronics USB_DEVICE 2.0.0
2024-04-06 10:08:56,115 [INFO] ThirdParty:1030 - CMSIS Pack Vendor :STMicroelectronics X-CUBE-MEMS1 9.6.0
2024-04-06 10:08:56,115 [INFO] ThirdParty:1030 - CMSIS Pack Vendor :STMicroelectronics X-CUBE-EEPRMA1 4.2.0
2024-04-06 10:08:56,115 [INFO] ThirdParty:1030 - CMSIS Pack Vendor :STMicroelectronics X-CUBE-NFC6 3.1.0
2024-04-06 10:08:56,115 [INFO] ThirdParty:1030 - CMSIS Pack Vendor :ITTIA_DB I-CUBE-ITTIADB 8.8.0
2024-04-06 10:08:56,115 [INFO] ThirdParty:1030 - CMSIS Pack Vendor :STMicroelectronics FP-SNS-MOTENV1 4.3.2
2024-04-06 10:08:56,115 [INFO] ThirdParty:1030 - CMSIS Pack Vendor :STMicroelectronics X-CUBE-ALGOBUILD 1.3.0
2024-04-06 10:08:56,115 [INFO] ThirdParty:1030 - CMSIS Pack Vendor :STMicroelectronics FreeRTOS 0.0.1
2024-04-06 10:08:56,115 [INFO] ThirdParty:1030 - CMSIS Pack Vendor :STMicroelectronics X-CUBE-AZRTOS-G0 1.1.0
2024-04-06 10:08:56,115 [INFO] ThirdParty:1030 - CMSIS Pack Vendor :STMicroelectronics X-CUBE-BLEMGR 2.0.0
2024-04-06 10:08:56,116 [INFO] ThirdParty:1030 - CMSIS Pack Vendor :STMicroelectronics X-CUBE-SAFEA1 1.2.2
2024-04-06 10:08:56,116 [INFO] ThirdParty:1030 - CMSIS Pack Vendor :STMicroelectronics X-CUBE-NFC4 3.0.0
2024-04-06 10:08:56,116 [INFO] ThirdParty:1030 - CMSIS Pack Vendor :STMicroelectronics X-CUBE-SUBG2 5.0.0
2024-04-06 10:08:56,116 [INFO] ThirdParty:1030 - CMSIS Pack Vendor :STMicroelectronics STM32_WPAN 1.0.0
2024-04-06 10:08:56,116 [INFO] ThirdParty:1030 - CMSIS Pack Vendor :STMicroelectronics lwIP 2.0.3
2024-04-06 10:08:56,116 [INFO] ThirdParty:1030 - CMSIS Pack Vendor :STMicroelectronics FP-SNS-FLIGHT1 5.0.2
2024-04-06 10:08:56,116 [INFO] ThirdParty:1030 - CMSIS Pack Vendor :STMicroelectronics USB_HOST 1.0.0
2024-04-06 10:08:56,116 [INFO] ThirdParty:1030 - CMSIS Pack Vendor :STMicroelectronics X-CUBE-TOF1 3.3.1
2024-04-06 10:08:56,116 [INFO] ThirdParty:1030 - CMSIS Pack Vendor :STMicroelectronics X-CUBE-AZRTOS-G4 2.0.0
2024-04-06 10:08:56,116 [INFO] ThirdParty:1030 - CMSIS Pack Vendor :STMicroelectronics PDM2PCM 3.1.0
2024-04-06 10:08:56,116 [INFO] ThirdParty:1030 - CMSIS Pack Vendor :STMicroelectronics X-CUBE-AZRTOS-H7 3.1.0
2024-04-06 10:08:56,117 [INFO] ThirdParty:1030 - CMSIS Pack Vendor :Infineon AIROC-Wi-Fi-Bluetooth-STM32 1.5.1
2024-04-06 10:08:56,117 [INFO] ThirdParty:1030 - CMSIS Pack Vendor :STMicroelectronics X-CUBE-BLEMGR 3.0.0
2024-04-06 10:08:56,117 [INFO] ThirdParty:1030 - CMSIS Pack Vendor :STMicroelectronics PDM2PCM 3.3.0
2024-04-06 10:08:56,117 [INFO] ThirdParty:1030 - CMSIS Pack Vendor :STMicroelectronics X-CUBE-DISPLAY 3.0.0
2024-04-06 10:08:56,117 [INFO] ThirdParty:1030 - CMSIS Pack Vendor :STMicroelectronics FP-SNS-MOTENVWB1 1.3.0
2024-04-06 10:08:56,117 [INFO] ThirdParty:1030 - CMSIS Pack Vendor :STMicroelectronics FP-SNS-MOTENVWB1 1.3.1
2024-04-06 10:08:56,117 [INFO] ThirdParty:1030 - CMSIS Pack Vendor :STMicroelectronics X-CUBE-BLE1 7.0.0
2024-04-06 10:08:56,117 [INFO] ThirdParty:1030 - CMSIS Pack Vendor :STMicroelectronics FP-ATR-SIGFOX1 3.2.0
2024-04-06 10:08:56,117 [INFO] ThirdParty:1030 - CMSIS Pack Vendor :STMicroelectronics X-CUBE-ISPU 2.0.0
2024-04-06 10:08:56,117 [INFO] ThirdParty:1030 - CMSIS Pack Vendor :STMicroelectronics X-CUBE-EEPRMA1 5.1.0
2024-04-06 10:08:56,117 [INFO] ThirdParty:1030 - CMSIS Pack Vendor :STMicroelectronics HAL Drivers 0.0.0
2024-04-06 10:08:56,117 [INFO] ThirdParty:1030 - CMSIS Pack Vendor :STMicroelectronics MBEDTLS 2.16.2
2024-04-06 10:08:56,118 [INFO] ThirdParty:1030 - CMSIS Pack Vendor :emotas I-CUBE-CANOPEN 1.3.0
2024-04-06 10:08:56,118 [INFO] ThirdParty:1030 - CMSIS Pack Vendor :STMicroelectronics X-CUBE-MEMS1 10.0.0
2024-04-06 10:08:56,118 [INFO] ThirdParty:1030 - CMSIS Pack Vendor :STMicroelectronics X-CUBE-FREERTOS 1.1.0
2024-04-06 10:08:56,118 [INFO] ThirdParty:1030 - CMSIS Pack Vendor :STMicroelectronics X-CUBE-NFC7 1.0.1
2024-04-06 10:08:56,118 [INFO] ThirdParty:1030 - CMSIS Pack Vendor :STMicroelectronics MBEDTLS 2.14.1
2024-04-06 10:08:56,121 [INFO] ThirdParty:1030 - CMSIS Pack Vendor :STMicroelectronics X-CUBE-TOUCHGFX 4.22.1
2024-04-06 10:08:56,132 [INFO] ThirdParty:1030 - CMSIS Pack Vendor :STMicroelectronics X-CUBE-NFC6 3.0.0
2024-04-06 10:08:56,132 [INFO] ThirdParty:1030 - CMSIS Pack Vendor :STMicroelectronics X-CUBE-EEPRMA1 4.1.0
2024-04-06 10:08:56,132 [INFO] ThirdParty:1030 - CMSIS Pack Vendor :portGmbH I-Cube-SoM-uGOAL 1.1.0
2024-04-06 10:08:56,132 [INFO] ThirdParty:1030 - CMSIS Pack Vendor :STMicroelectronics X-CUBE-ALS 1.0.1
2024-04-06 10:08:56,132 [INFO] ThirdParty:1030 - CMSIS Pack Vendor :STMicroelectronics X-CUBE-BLEMGR 3.1.0
2024-04-06 10:08:56,132 [INFO] ThirdParty:1030 - CMSIS Pack Vendor :STMicroelectronics ThreadX 1.0.0
2024-04-06 10:08:56,132 [INFO] ThirdParty:1030 - CMSIS Pack Vendor :STMicroelectronics FP-SNS-SMARTAG2 1.2.0
2024-04-06 10:08:56,132 [INFO] ThirdParty:1030 - CMSIS Pack Vendor :STMicroelectronics X-CUBE-AZRTOS-WL 2.0.0
2024-04-06 10:08:56,133 [INFO] ThirdParty:1030 - CMSIS Pack Vendor :SEGGER I-CUBE-embOS 1.3.1
2024-04-06 10:08:56,133 [INFO] ThirdParty:1030 - CMSIS Pack Vendor :STMicroelectronics FP-SNS-MOTENV1 5.0.0
2024-04-06 10:08:56,133 [INFO] ThirdParty:1030 - CMSIS Pack Vendor :STMicroelectronics USB_DEVICE 1.0.0
2024-04-06 10:08:56,133 [INFO] ThirdParty:1030 - CMSIS Pack Vendor :STMicroelectronics X-CUBE-AI 8.1.0
2024-04-06 10:08:56,133 [INFO] ThirdParty:1030 - CMSIS Pack Vendor :STMicroelectronics X-CUBE-AZRTOS-L4 2.0.0
2024-04-06 10:08:56,133 [INFO] ThirdParty:1030 - CMSIS Pack Vendor :STMicroelectronics ThreadX 0.0.2
2024-04-06 10:08:56,133 [INFO] ThirdParty:1030 - CMSIS Pack Vendor :WES I-CUBE-Cesium 1.3.0
2024-04-06 10:08:56,133 [INFO] ThirdParty:1030 - CMSIS Pack Vendor :STMicroelectronics FP-ATR-ASTRA1 2.0.0
2024-04-06 10:08:56,133 [INFO] ThirdParty:1030 - CMSIS Pack Vendor :STMicroelectronics lwIP 2.1.2
2024-04-06 10:08:56,133 [INFO] ThirdParty:1030 - CMSIS Pack Vendor :STMicroelectronics X-CUBE-SFXS2LP1 4.0.0
2024-04-06 10:08:56,133 [INFO] ThirdParty:1030 - CMSIS Pack Vendor :STMicroelectronics X-CUBE-BLE2 3.3.0
2024-04-06 10:08:56,133 [INFO] ThirdParty:1030 - CMSIS Pack Vendor :STMicroelectronics X-CUBE-TOF1 3.4.0
2024-04-06 10:08:56,133 [INFO] ThirdParty:1030 - CMSIS Pack Vendor :STMicroelectronics X-CUBE-TOF1 3.4.1
2024-04-06 10:08:56,133 [INFO] ThirdParty:1030 - CMSIS Pack Vendor :STMicroelectronics X-CUBE-AZRTOS-H7 3.2.0
2024-04-06 10:08:56,133 [INFO] ThirdParty:1030 - CMSIS Pack Vendor :STMicroelectronics PDM2PCM 3.2.0
2024-04-06 10:08:56,134 [INFO] ThirdParty:841 - exiting critical section [change project]
2024-04-06 10:08:56,804 [INFO] PinOutPanel:1499 - setPackage(No Configuration,No Configuration)
2024-04-06 10:08:56,804 [INFO] PinOutPanel:1499 - setPackage(STM32F401RCTx,LQFP64)
2024-04-06 10:08:57,166 [INFO] UtilMem:75 - Before build in PCC Used Memory: 807977488 Bytes (1073741824)
2024-04-06 10:08:57,619 [INFO] UtilMem:75 - After build in PCC Used Memory: 852017680 Bytes (1073741824)
2024-04-06 10:08:57,659 [INFO] IPUIPlugin:80 - create IPUIPlugin
2024-04-06 10:08:57,660 [INFO] IPUIPlugin:80 - create IPUIPlugin
2024-04-06 10:08:57,660 [INFO] IPUIPlugin:80 - create IPUIPlugin
2024-04-06 10:08:57,660 [INFO] IPUIPlugin:80 - create IPUIPlugin
2024-04-06 10:08:57,660 [INFO] IPUIPlugin:80 - create IPUIPlugin
2024-04-06 10:08:57,660 [INFO] IPUIPlugin:80 - create IPUIPlugin
2024-04-06 10:08:57,660 [INFO] IPUIPlugin:80 - create IPUIPlugin
2024-04-06 10:08:57,660 [INFO] IPUIPlugin:80 - create IPUIPlugin
2024-04-06 10:08:57,660 [INFO] IPUIPlugin:80 - create IPUIPlugin
2024-04-06 10:08:57,660 [INFO] IPUIPlugin:80 - create IPUIPlugin
2024-04-06 10:08:57,660 [INFO] IPUIPlugin:80 - create IPUIPlugin
2024-04-06 10:08:57,661 [INFO] IPUIPlugin:80 - create IPUIPlugin
2024-04-06 10:08:57,661 [INFO] IPUIPlugin:80 - create IPUIPlugin
2024-04-06 10:08:57,661 [INFO] IPUIPlugin:80 - create IPUIPlugin
2024-04-06 10:08:57,662 [INFO] IPUIPlugin:80 - create IPUIPlugin
2024-04-06 10:08:57,666 [INFO] IPUIPlugin:80 - create IPUIPlugin
2024-04-06 10:08:57,666 [INFO] IPUIPlugin:80 - create IPUIPlugin
2024-04-06 10:08:57,666 [INFO] IPUIPlugin:80 - create IPUIPlugin
2024-04-06 10:08:57,667 [INFO] IPUIPlugin:80 - create IPUIPlugin
2024-04-06 10:08:57,668 [INFO] IPUIPlugin:80 - create IPUIPlugin
2024-04-06 10:08:57,668 [INFO] IPUIPlugin:80 - create IPUIPlugin
2024-04-06 10:08:57,668 [INFO] IPUIPlugin:80 - create IPUIPlugin
2024-04-06 10:08:57,668 [INFO] IPUIPlugin:80 - create IPUIPlugin
2024-04-06 10:08:57,668 [INFO] IPUIPlugin:80 - create IPUIPlugin
2024-04-06 10:08:57,669 [INFO] IPUIPlugin:80 - create IPUIPlugin
2024-04-06 10:08:57,669 [INFO] IPUIPlugin:80 - create IPUIPlugin
2024-04-06 10:08:57,669 [INFO] IPUIPlugin:80 - create IPUIPlugin
2024-04-06 10:08:57,669 [INFO] IPUIPlugin:80 - create IPUIPlugin
2024-04-06 10:08:57,669 [INFO] IPUIPlugin:80 - create IPUIPlugin
2024-04-06 10:08:57,669 [INFO] IPUIPlugin:80 - create IPUIPlugin
2024-04-06 10:08:57,670 [INFO] IPUIPlugin:80 - create IPUIPlugin
2024-04-06 10:08:57,670 [INFO] IPUIPlugin:80 - create IPUIPlugin
2024-04-06 10:08:57,670 [INFO] IPUIPlugin:80 - create IPUIPlugin
2024-04-06 10:08:57,671 [INFO] IPUIPlugin:80 - create IPUIPlugin
2024-04-06 10:08:57,672 [INFO] IPUIPlugin:80 - create IPUIPlugin
2024-04-06 10:08:57,672 [INFO] IPUIPlugin:80 - create IPUIPlugin
2024-04-06 10:08:57,673 [INFO] IPUIPlugin:80 - create IPUIPlugin
2024-04-06 10:08:57,673 [INFO] IPUIPlugin:80 - create IPUIPlugin
2024-04-06 10:08:57,746 [INFO] ApiDbMcu:507 - Load IP Config File for PDM2PCM
2024-04-06 10:08:57,816 [INFO] CADModel:165 - CPN selected for project levelSTM32F401RCT6
2024-04-06 10:08:57,816 [INFO] CADModel:114 - Register for checkConnection events
2024-04-06 10:08:57,853 [INFO] OpenFileManager:328 - Restore cursor
