2024-03-16 09:49:50,136 [INFO] Activator:176 - 


2024-03-16 09:49:50,142 [INFO] Activator:177 - !SESSION log4j initialized
2024-03-16 09:49:56,427 [INFO] LogOutputStream:77 - [STDOUT_REDIRECT] 
2024-03-16 09:49:57,804 [INFO] ApplicationProperties:184 - Using Application install path: E:\trash_programs\ST\STM32CubeIDE_1.13.2\STM32CubeIDE\plugins\com.st.stm32cube.common.mx_6.9.2.202309101412
2024-03-16 09:49:57,828 [INFO] DbMcusXml:78 - Set database path to: E:\trash_programs\ST\STM32CubeIDE_1.13.2\STM32CubeIDE\plugins\com.st.stm32cube.common.mx_6.9.2.202309101412\\db\/mcu/
2024-03-16 09:49:57,829 [INFO] ApiDb:274 - Set plugin database path to: E:\trash_programs\ST\STM32CubeIDE_1.13.2\STM32CubeIDE\plugins\com.st.stm32cube.common.mx_6.9.2.202309101412\\db\/plugins/boardmanager/
2024-03-16 09:49:57,829 [WARN] ApiDb:259 - Overriding images path with different value:  => E:\trash_programs\ST\STM32CubeIDE_1.13.2\STM32CubeIDE\plugins\com.st.stm32cube.common.mx_6.9.2.202309101412\\db\/plugins/mcufinder/images/
2024-03-16 09:49:57,848 [INFO] ApiDb:250 - Set database path to: C:\Users\Sergiu\.stmcufinder\plugins\mcufinder//mcu/
2024-03-16 09:49:57,850 [INFO] DbMcusAds:125 - Set database path to: C:\Users\Sergiu\.stmcufinder\plugins\mcufinder//mcu/
2024-03-16 09:49:57,852 [INFO] CrossReferenceDbSqlite:203 - Set database path to: C:\Users\Sergiu\.stmcufinder\plugins\mcufinder//mcu/cs/
2024-03-16 09:49:57,969 [INFO] RulesReader:64 - Compatibility file has been processed (293 Rules)
2024-03-16 09:49:58,062 [INFO] DbMcusXml:78 - Set database path to: E:\trash_programs\ST\STM32CubeIDE_1.13.2\STM32CubeIDE\plugins\com.st.stm32cube.common.mx_6.9.2.202309101412\\db\/mcu/
2024-03-16 09:49:58,062 [INFO] ApiDb:274 - Set plugin database path to: E:\trash_programs\ST\STM32CubeIDE_1.13.2\STM32CubeIDE\plugins\com.st.stm32cube.common.mx_6.9.2.202309101412\\db\/plugins/boardmanager/
2024-03-16 09:49:58,062 [INFO] ApiDb:261 - Set plugin images path to: E:\trash_programs\ST\STM32CubeIDE_1.13.2\STM32CubeIDE\plugins\com.st.stm32cube.common.mx_6.9.2.202309101412\\db\/plugins/mcufinder/images/
2024-03-16 09:49:58,063 [WARN] DbFile:41 - Overriding database path with different value: C:\Users\Sergiu\.stmcufinder\plugins\mcufinder/ => C:\Users\Sergiu\.stmcufinder\plugins\mcufinder
2024-03-16 09:49:58,063 [INFO] ApiDb:250 - Set database path to: C:\Users\Sergiu\.stmcufinder\plugins\mcufinder//mcu/
2024-03-16 09:49:58,063 [WARN] DbFile:41 - Overriding database path with different value: C:\Users\Sergiu\.stmcufinder\plugins\mcufinder/ => C:\Users\Sergiu\.stmcufinder\plugins\mcufinder
2024-03-16 09:49:58,063 [INFO] DbMcusAds:125 - Set database path to: C:\Users\Sergiu\.stmcufinder\plugins\mcufinder//mcu/
2024-03-16 09:49:58,063 [WARN] DbFile:41 - Overriding database path with different value: C:\Users\Sergiu\.stmcufinder\plugins\mcufinder/ => C:\Users\Sergiu\.stmcufinder\plugins\mcufinder
2024-03-16 09:49:58,063 [WARN] DbFile:41 - Overriding database path with different value: C:\Users\Sergiu\.stmcufinder\plugins\mcufinder/ => C:\Users\Sergiu\.stmcufinder\plugins\mcufinder
2024-03-16 09:49:58,063 [INFO] CrossReferenceDbSqlite:203 - Set database path to: C:\Users\Sergiu\.stmcufinder\plugins\mcufinder//mcu/cs/
2024-03-16 09:49:58,145 [INFO] MainPanel:262 - HeapMemory: 268435456
2024-03-16 09:49:58,252 [INFO] DbMcusXml:78 - Set database path to: E:\trash_programs\ST\STM32CubeIDE_1.13.2\STM32CubeIDE\plugins\com.st.stm32cube.common.mx_6.9.2.202309101412\\db\/mcu/
2024-03-16 09:49:58,252 [INFO] ApiDb:274 - Set plugin database path to: E:\trash_programs\ST\STM32CubeIDE_1.13.2\STM32CubeIDE\plugins\com.st.stm32cube.common.mx_6.9.2.202309101412\\db\/plugins/boardmanager/
2024-03-16 09:49:58,252 [INFO] ApiDb:261 - Set plugin images path to: E:\trash_programs\ST\STM32CubeIDE_1.13.2\STM32CubeIDE\plugins\com.st.stm32cube.common.mx_6.9.2.202309101412\\db\/plugins/mcufinder/images/
2024-03-16 09:49:58,252 [WARN] DbFile:41 - Overriding database path with different value: C:\Users\Sergiu\.stmcufinder\plugins\mcufinder/ => C:\Users\Sergiu\.stmcufinder\plugins\mcufinder
2024-03-16 09:49:58,253 [INFO] ApiDb:250 - Set database path to: C:\Users\Sergiu\.stmcufinder\plugins\mcufinder//mcu/
2024-03-16 09:49:58,253 [WARN] DbFile:41 - Overriding database path with different value: C:\Users\Sergiu\.stmcufinder\plugins\mcufinder/ => C:\Users\Sergiu\.stmcufinder\plugins\mcufinder
2024-03-16 09:49:58,253 [INFO] DbMcusAds:125 - Set database path to: C:\Users\Sergiu\.stmcufinder\plugins\mcufinder//mcu/
2024-03-16 09:49:58,253 [WARN] DbFile:41 - Overriding database path with different value: C:\Users\Sergiu\.stmcufinder\plugins\mcufinder/ => C:\Users\Sergiu\.stmcufinder\plugins\mcufinder
2024-03-16 09:49:58,253 [WARN] DbFile:41 - Overriding database path with different value: C:\Users\Sergiu\.stmcufinder\plugins\mcufinder/ => C:\Users\Sergiu\.stmcufinder\plugins\mcufinder
2024-03-16 09:49:58,253 [INFO] CrossReferenceDbSqlite:203 - Set database path to: C:\Users\Sergiu\.stmcufinder\plugins\mcufinder//mcu/cs/
2024-03-16 09:49:58,281 [INFO] ApplicationProperties:184 - Using Application install path: E:\trash_programs\ST\STM32CubeIDE_1.13.2\STM32CubeIDE\plugins\com.st.stm32cube.common.mx_6.9.2.202309101412
2024-03-16 09:49:58,283 [INFO] PluginManage:196 - Search for loadable plugins [exclusion list=, ]
2024-03-16 09:49:58,285 [INFO] PluginManage:310 - Check plugin analytics
2024-03-16 09:49:58,458 [INFO] AnalyticsPlugin:253 - Accepted Software Licenses: STM32CubeMX.6.9.0
2024-03-16 09:49:58,458 [INFO] AnalyticsPlugin:255 - Accepted CMSIS Pack Licenses: 
2024-03-16 09:49:58,458 [INFO] AnalyticsPlugin:257 - Accepted Firmware Licenses: FW.G0.1.6.0,FW.F4.1.27.0
2024-03-16 09:49:58,461 [INFO] PluginManage:359 - Loaded plugin analytics (category:tool,tabindex:-1)
2024-03-16 09:49:58,461 [INFO] PluginManage:310 - Check plugin cadmodel
2024-03-16 09:49:58,469 [INFO] CADModel:105 - Init CAD model plugin
2024-03-16 09:49:58,470 [INFO] PluginManage:359 - Loaded plugin cadmodel (category:power,tabindex:5)
2024-03-16 09:49:58,470 [INFO] PluginManage:310 - Check plugin clock
2024-03-16 09:49:58,482 [INFO] PluginManage:359 - Loaded plugin clock (category:base,tabindex:2)
2024-03-16 09:49:58,482 [INFO] PluginManage:310 - Check plugin ddr
2024-03-16 09:49:58,484 [INFO] PluginManage:359 - Loaded plugin ddr (category:tool,tabindex:6)
2024-03-16 09:49:58,484 [INFO] PluginManage:310 - Check plugin filemanager
2024-03-16 09:49:58,634 [INFO] PluginManage:359 - Loaded plugin filemanager (category:base,tabindex:10)
2024-03-16 09:49:58,634 [INFO] PluginManage:310 - Check plugin ipmanager
2024-03-16 09:49:58,642 [INFO] PluginManage:359 - Loaded plugin ipmanager (category:base,tabindex:5)
2024-03-16 09:49:58,642 [INFO] PluginManage:310 - Check plugin lpbam
2024-03-16 09:49:58,652 [INFO] PluginManage:359 - Loaded plugin lpbam (category:base,tabindex:0)
2024-03-16 09:49:58,652 [INFO] PluginManage:310 - Check plugin memorymap
2024-03-16 09:49:58,670 [INFO] PluginManage:359 - Loaded plugin memorymap (category:base,tabindex:4)
2024-03-16 09:49:58,670 [INFO] PluginManage:310 - Check plugin pinoutandconfiguration
2024-03-16 09:49:58,681 [INFO] PluginManage:359 - Loaded plugin pinoutandconfiguration (category:base,tabindex:1)
2024-03-16 09:49:58,681 [INFO] PluginManage:310 - Check plugin pinoutconfig
2024-03-16 09:49:58,778 [WARN] SupportedApi:132 - Cannot load RTOS API schema: s4s-elt-must-match.1: The content of 'definitions' must match (annotation?, (simpleType | complexType)?, (unique | key | keyref)*)). A problem was found starting at: attribute.
2024-03-16 09:49:58,960 [INFO] PluginManage:359 - Loaded plugin pinoutconfig (category:base,tabindex:0)
2024-03-16 09:49:58,960 [INFO] PluginManage:310 - Check plugin power
2024-03-16 09:49:58,976 [INFO] PluginManage:359 - Loaded plugin power (category:power,tabindex:4)
2024-03-16 09:49:58,976 [INFO] PluginManage:310 - Check plugin projectmanager
2024-03-16 09:49:58,992 [INFO] PluginManage:359 - Loaded plugin projectmanager (category:projectmanager,tabindex:3)
2024-03-16 09:49:58,993 [INFO] PluginManage:310 - Check plugin thirdparty
2024-03-16 09:49:59,135 [INFO] PluginManage:359 - Loaded plugin thirdparty (category:base,tabindex:-1)
2024-03-16 09:49:59,135 [WARN] IntegrityCheckThread:84 - waiting for thirdparty lock release [integrity check]
2024-03-16 09:49:59,136 [INFO] IntegrityCheckThread:86 - entering critical section [integrity check]
2024-03-16 09:49:59,136 [INFO] PluginManage:310 - Check plugin tools
2024-03-16 09:49:59,136 [INFO] ThirdPartyUpdaterWithRetryManager:70 - Updater plugin not ready yet. [1/15]
2024-03-16 09:49:59,139 [INFO] PluginManage:359 - Loaded plugin tools (category:base,tabindex:7)
2024-03-16 09:49:59,139 [INFO] PluginManage:310 - Check plugin tutovideos
2024-03-16 09:49:59,319 [INFO] PluginManage:359 - Loaded plugin tutovideos (category:base,tabindex:-1)
2024-03-16 09:49:59,319 [INFO] PluginManage:310 - Check plugin updater
2024-03-16 09:49:59,331 [INFO] PluginManage:359 - Loaded plugin updater (category:base,tabindex:12)
2024-03-16 09:49:59,331 [INFO] PluginManage:310 - Check plugin userauth
2024-03-16 09:49:59,337 [INFO] UserAuth:113 - Init User Auth plugin
2024-03-16 09:49:59,337 [INFO] PluginManage:359 - Loaded plugin userauth (category:base,tabindex:14)
2024-03-16 09:49:59,337 [INFO] PluginManage:283 - PluginManage : Loaded plugins [17]
2024-03-16 09:49:59,576 [INFO] PinOutPanel:1499 - setPackage(No Configuration,No Configuration)
2024-03-16 09:49:59,685 [INFO] CADModel:165 - CPN selected for project level
2024-03-16 09:49:59,685 [INFO] CADModel:114 - Register for checkConnection events
2024-03-16 09:49:59,702 [INFO] IPUIPlugin:80 - create IPUIPlugin
2024-03-16 09:49:59,702 [INFO] PluginManager:220 - loadIPPluginJar : add adc
2024-03-16 09:49:59,705 [INFO] IPUIPlugin:80 - create IPUIPlugin
2024-03-16 09:49:59,705 [INFO] PluginManager:220 - loadIPPluginJar : add aes
2024-03-16 09:49:59,707 [INFO] IPUIPlugin:80 - create IPUIPlugin
2024-03-16 09:49:59,707 [INFO] PluginManager:220 - loadIPPluginJar : add can
2024-03-16 09:49:59,709 [INFO] IPUIPlugin:80 - create IPUIPlugin
2024-03-16 09:49:59,709 [INFO] PluginManager:220 - loadIPPluginJar : add comp
2024-03-16 09:49:59,712 [INFO] IPUIPlugin:80 - create IPUIPlugin
2024-03-16 09:49:59,712 [INFO] PluginManager:220 - loadIPPluginJar : add cryp
2024-03-16 09:49:59,715 [INFO] IPUIPlugin:80 - create IPUIPlugin
2024-03-16 09:49:59,715 [INFO] PluginManager:220 - loadIPPluginJar : add dfsdm
2024-03-16 09:49:59,720 [INFO] IPUIPlugin:80 - create IPUIPlugin
2024-03-16 09:49:59,721 [INFO] PluginManager:220 - loadIPPluginJar : add dma
2024-03-16 09:49:59,723 [INFO] IPUIPlugin:80 - create IPUIPlugin
2024-03-16 09:49:59,723 [INFO] PluginManager:220 - loadIPPluginJar : add dma3
2024-03-16 09:49:59,724 [INFO] IPUIPlugin:80 - create IPUIPlugin
2024-03-16 09:49:59,725 [INFO] PluginManager:220 - loadIPPluginJar : add fatfs
2024-03-16 09:49:59,729 [INFO] IPUIPlugin:80 - create IPUIPlugin
2024-03-16 09:49:59,729 [INFO] PluginManager:220 - loadIPPluginJar : add fmc
2024-03-16 09:49:59,735 [INFO] IPUIPlugin:80 - create IPUIPlugin
2024-03-16 09:49:59,735 [INFO] PluginManager:220 - loadIPPluginJar : add freertos
2024-03-16 09:49:59,736 [INFO] IPUIPlugin:80 - create IPUIPlugin
2024-03-16 09:49:59,737 [INFO] PluginManager:220 - loadIPPluginJar : add genericplugin
2024-03-16 09:49:59,739 [INFO] IPUIPlugin:80 - create IPUIPlugin
2024-03-16 09:49:59,739 [INFO] PluginManager:220 - loadIPPluginJar : add gfxmmu
2024-03-16 09:49:59,743 [INFO] IPUIPlugin:80 - create IPUIPlugin
2024-03-16 09:49:59,743 [INFO] PluginManager:220 - loadIPPluginJar : add gic
2024-03-16 09:49:59,747 [INFO] IPUIPlugin:80 - create IPUIPlugin
2024-03-16 09:49:59,748 [INFO] PluginManager:220 - loadIPPluginJar : add gpio
2024-03-16 09:49:59,750 [INFO] IPUIPlugin:80 - create IPUIPlugin
2024-03-16 09:49:59,751 [INFO] PluginManager:220 - loadIPPluginJar : add gtzc
2024-03-16 09:49:59,754 [INFO] IPUIPlugin:80 - create IPUIPlugin
2024-03-16 09:49:59,754 [INFO] PluginManager:220 - loadIPPluginJar : add hash
2024-03-16 09:49:59,756 [INFO] IPUIPlugin:80 - create IPUIPlugin
2024-03-16 09:49:59,756 [INFO] PluginManager:220 - loadIPPluginJar : add i2c
2024-03-16 09:49:59,758 [INFO] IPUIPlugin:80 - create IPUIPlugin
2024-03-16 09:49:59,758 [INFO] PluginManager:220 - loadIPPluginJar : add i2s
2024-03-16 09:49:59,760 [INFO] IPUIPlugin:80 - create IPUIPlugin
2024-03-16 09:49:59,760 [INFO] PluginManager:220 - loadIPPluginJar : add i3c
2024-03-16 09:49:59,763 [INFO] IPUIPlugin:80 - create IPUIPlugin
2024-03-16 09:49:59,764 [INFO] PluginManager:220 - loadIPPluginJar : add ipddr
2024-03-16 09:49:59,771 [INFO] IPUIPlugin:80 - create IPUIPlugin
2024-03-16 09:49:59,771 [INFO] PluginManager:220 - loadIPPluginJar : add linkedlist
2024-03-16 09:49:59,773 [INFO] IPUIPlugin:80 - create IPUIPlugin
2024-03-16 09:49:59,774 [INFO] PluginManager:220 - loadIPPluginJar : add lorawan
2024-03-16 09:49:59,776 [INFO] IPUIPlugin:80 - create IPUIPlugin
2024-03-16 09:49:59,777 [INFO] PluginManager:220 - loadIPPluginJar : add ltdc
2024-03-16 09:49:59,783 [INFO] IPUIPlugin:80 - create IPUIPlugin
2024-03-16 09:49:59,784 [INFO] PluginManager:220 - loadIPPluginJar : add mdma
2024-03-16 09:49:59,788 [INFO] IPUIPlugin:80 - create IPUIPlugin
2024-03-16 09:49:59,788 [INFO] PluginManager:220 - loadIPPluginJar : add nvic
2024-03-16 09:49:59,789 [INFO] IPUIPlugin:80 - create IPUIPlugin
2024-03-16 09:49:59,790 [INFO] PluginManager:220 - loadIPPluginJar : add opamp
2024-03-16 09:49:59,793 [INFO] IPUIPlugin:80 - create IPUIPlugin
2024-03-16 09:49:59,794 [INFO] PluginManager:220 - loadIPPluginJar : add openamp
2024-03-16 09:49:59,797 [INFO] IPUIPlugin:80 - create IPUIPlugin
2024-03-16 09:49:59,797 [INFO] PluginManager:220 - loadIPPluginJar : add pdm2pcm
2024-03-16 09:49:59,803 [INFO] IPUIPlugin:80 - create IPUIPlugin
2024-03-16 09:49:59,805 [INFO] PluginManager:220 - loadIPPluginJar : add plateformsettings
2024-03-16 09:49:59,807 [INFO] IPUIPlugin:80 - create IPUIPlugin
2024-03-16 09:49:59,807 [INFO] PluginManager:220 - loadIPPluginJar : add quadspi
2024-03-16 09:49:59,811 [INFO] IPUIPlugin:80 - create IPUIPlugin
2024-03-16 09:49:59,811 [INFO] PluginManager:220 - loadIPPluginJar : add resmgrutility
2024-03-16 09:49:59,813 [INFO] IPUIPlugin:80 - create IPUIPlugin
2024-03-16 09:49:59,814 [INFO] PluginManager:220 - loadIPPluginJar : add sai
2024-03-16 09:49:59,816 [INFO] IPUIPlugin:80 - create IPUIPlugin
2024-03-16 09:49:59,816 [INFO] PluginManager:220 - loadIPPluginJar : add spi
2024-03-16 09:49:59,821 [INFO] IPUIPlugin:80 - create IPUIPlugin
2024-03-16 09:49:59,821 [INFO] PluginManager:220 - loadIPPluginJar : add stm32_wpan
2024-03-16 09:49:59,823 [INFO] IPUIPlugin:80 - create IPUIPlugin
2024-03-16 09:49:59,823 [INFO] PluginManager:220 - loadIPPluginJar : add tim
2024-03-16 09:49:59,826 [INFO] IPUIPlugin:80 - create IPUIPlugin
2024-03-16 09:49:59,826 [INFO] PluginManager:220 - loadIPPluginJar : add touchsensing
2024-03-16 09:49:59,828 [INFO] IPUIPlugin:80 - create IPUIPlugin
2024-03-16 09:49:59,828 [INFO] PluginManager:220 - loadIPPluginJar : add tracer_emb
2024-03-16 09:49:59,830 [INFO] IPUIPlugin:80 - create IPUIPlugin
2024-03-16 09:49:59,830 [INFO] PluginManager:220 - loadIPPluginJar : add ts
2024-03-16 09:49:59,831 [INFO] IPUIPlugin:80 - create IPUIPlugin
2024-03-16 09:49:59,832 [INFO] PluginManager:220 - loadIPPluginJar : add tsc
2024-03-16 09:49:59,834 [INFO] IPUIPlugin:80 - create IPUIPlugin
2024-03-16 09:49:59,834 [INFO] PluginManager:220 - loadIPPluginJar : add ucpd
2024-03-16 09:49:59,837 [INFO] IPUIPlugin:80 - create IPUIPlugin
2024-03-16 09:49:59,837 [INFO] PluginManager:220 - loadIPPluginJar : add usart
2024-03-16 09:49:59,840 [INFO] IPUIPlugin:80 - create IPUIPlugin
2024-03-16 09:49:59,840 [INFO] PluginManager:220 - loadIPPluginJar : add usbx
2024-03-16 09:49:59,965 [INFO] CADModel:165 - CPN selected for project level
2024-03-16 09:49:59,965 [INFO] CADModel:114 - Register for checkConnection events
2024-03-16 09:49:59,966 [FATAL] Updater:308 - Updater called before beeing initialized
2024-03-16 09:49:59,966 [ERROR] CADModel:125 - Updater not yet initialized, retry later 
2024-03-16 09:50:00,126 [INFO] CADModel:165 - CPN selected for project level
2024-03-16 09:50:00,126 [INFO] CADModel:114 - Register for checkConnection events
2024-03-16 09:50:00,126 [FATAL] Updater:308 - Updater called before beeing initialized
2024-03-16 09:50:00,126 [ERROR] CADModel:125 - Updater not yet initialized, retry later 
2024-03-16 09:50:00,129 [FATAL] Updater:308 - Updater called before beeing initialized
2024-03-16 09:50:00,240 [FATAL] Updater:308 - Updater called before beeing initialized
2024-03-16 09:50:00,249 [INFO] DbMcusAds:53 - JSON generation date=Wed Nov 29 12:52:27 EET 2023 (1701255147349)
2024-03-16 09:50:00,249 [FATAL] Updater:308 - Updater called before beeing initialized
2024-03-16 09:50:00,293 [WARN] DetailPanel:346 - Failed to get advertising image, set to default
2024-03-16 09:50:00,391 [FATAL] Updater:308 - Updater called before beeing initialized
2024-03-16 09:50:00,393 [FATAL] Updater:308 - Updater called before beeing initialized
2024-03-16 09:50:00,394 [FATAL] Updater:308 - Updater called before beeing initialized
2024-03-16 09:50:00,394 [WARN] DetailPanel:346 - Failed to get advertising image, set to default
2024-03-16 09:50:00,395 [FATAL] Updater:308 - Updater called before beeing initialized
2024-03-16 09:50:00,443 [ERROR] Updater:1120 - MainUpdater not yet initialized. External WinMGr cannot be set.
2024-03-16 09:50:00,445 [INFO] Updater:1056 - Updater Version found : 6.9.2
2024-03-16 09:50:00,464 [INFO] ApplicationProperties:184 - Using Application install path: E:\trash_programs\ST\STM32CubeIDE_1.13.2\STM32CubeIDE\plugins\com.st.stm32cube.common.mx_6.9.2.202309101412
2024-03-16 09:50:00,734 [INFO] MainUpdater:2868 - connection check result : 10
2024-03-16 09:50:00,734 [INFO] MainUpdater:3562 - Updater definition file requires update
2024-03-16 09:50:00,735 [INFO] MainUpdater:285 - Updater Check For Update Now.
2024-03-16 09:50:00,735 [INFO] MicroXplorer:498 - Change Database Version : DB.6.0.92
2024-03-16 09:50:00,742 [INFO] McuFinderGlobals:63 - Set McuFinder mode to 2 (CubeIDE integrated)
2024-03-16 09:50:00,793 [INFO] ServerAccessManage:473 - Download File updaters.zip
2024-03-16 09:50:00,971 [INFO] FileExtend:240 - Unzip File : updaters.zip
2024-03-16 09:50:00,971 [INFO] FileExtend:255 - Standard Zip Deflate
2024-03-16 09:50:01,257 [INFO] ServerAccessManage:473 - Download File PacksControlFlags.xml
2024-03-16 09:50:01,356 [INFO] ServerAccessManage:473 - Download File cubemx.pidx
2024-03-16 09:50:01,489 [INFO] LoadServerUpdatesThread:373 - End of LoadServerUpdate Thread
2024-03-16 09:50:01,663 [INFO] CheckServerUpdateThread:120 - End of CheckServer Thread
2024-03-16 09:50:02,518 [WARN] PackLoader:240 - Cannot read IP mode file for STMicroelectronics.X-CUBE-SMBUS.2.1.0
2024-03-16 09:50:02,527 [WARN] PackLoader:240 - Cannot read IP mode file for STMicroelectronics.X-CUBE-TOUCHGFX.4.23.0
2024-03-16 09:50:02,558 [WARN] PackLoader:240 - Cannot read IP mode file for STMicroelectronics.X-CUBE-AZRTOS-F7.1.1.0
2024-03-16 09:50:02,571 [WARN] PackLoader:240 - Cannot read IP mode file for STMicroelectronics.FP-SNS-MOTENV1.4.3.2
2024-03-16 09:50:02,579 [WARN] PackLoader:240 - Cannot read IP mode file for STMicroelectronics.FP-SNS-FLIGHT1.5.0.2
2024-03-16 09:50:02,589 [WARN] PackLoader:240 - Cannot read IP mode file for STMicroelectronics.X-CUBE-DISPLAY.3.0.0
2024-03-16 09:50:02,606 [WARN] PackLoader:240 - Cannot read IP mode file for STMicroelectronics.X-CUBE-BLE1.7.0.0
2024-03-16 09:50:02,613 [WARN] PackLoader:240 - Cannot read IP mode file for emotas.I-CUBE-CANOPEN.1.3.0
2024-03-16 09:50:02,618 [WARN] PackLoader:240 - Cannot read IP mode file for STMicroelectronics.X-CUBE-TOUCHGFX.4.22.1
2024-03-16 09:50:02,629 [WARN] PackLoader:240 - Cannot read IP mode file for STMicroelectronics.X-CUBE-BLEMGR.3.1.0
2024-03-16 09:50:02,638 [WARN] PackLoader:240 - Cannot read IP mode file for STMicroelectronics.FP-SNS-SMARTAG2.1.2.0
2024-03-16 09:50:02,650 [INFO] LogOutputStream:77 - [STDOUT_REDIRECT] 1 : Invalid condition id : UX_CORESTACK_Condition cause : null
2024-03-16 09:50:02,651 [INFO] LogOutputStream:77 - [STDOUT_REDIRECT] 1 : Invalid condition id : UX_CORESTACK_Condition cause : null
2024-03-16 09:50:02,652 [INFO] LogOutputStream:77 - [STDOUT_REDIRECT] 1 : Invalid condition id : UX_CORESTACK_Condition cause : null
2024-03-16 09:50:02,654 [INFO] LogOutputStream:77 - [STDOUT_REDIRECT] 1 : Invalid condition id : UX_CORESTACK_Condition cause : null
2024-03-16 09:50:02,655 [INFO] LogOutputStream:77 - [STDOUT_REDIRECT] 1 : Invalid condition id : UX_CORESTACK_Condition cause : null
2024-03-16 09:50:02,659 [WARN] PackLoader:240 - Cannot read IP mode file for STMicroelectronics.X-CUBE-AZRTOS-WL.2.0.0
2024-03-16 09:50:02,670 [WARN] PackLoader:240 - Cannot read IP mode file for WES.I-CUBE-Cesium.1.3.0
2024-03-16 09:50:02,679 [WARN] PackLoader:240 - Cannot read IP mode file for STMicroelectronics.X-CUBE-BLE2.3.3.0
2024-03-16 09:50:02,688 [WARN] PackLoader:240 - Cannot read IP mode file for STMicroelectronics.X-CUBE-ALGOBUILD.1.3.0
2024-03-16 09:50:02,708 [WARN] PackLoader:240 - Cannot read IP mode file for STMicroelectronics.X-CUBE-AZRTOS-G0.1.1.0
2024-03-16 09:50:02,717 [WARN] PackLoader:240 - Cannot read IP mode file for STMicroelectronics.X-CUBE-NFC4.3.0.0
2024-03-16 09:50:02,727 [WARN] PackLoader:240 - Cannot read IP mode file for STMicroelectronics.X-CUBE-BLEMGR.3.0.0
2024-03-16 09:50:02,736 [WARN] PackLoader:240 - Cannot read IP mode file for STMicroelectronics.FP-ATR-SIGFOX1.3.2.0
2024-03-16 09:50:02,743 [WARN] PackLoader:240 - Cannot read IP mode file for STMicroelectronics.X-CUBE-EEPRMA1.5.1.0
2024-03-16 09:50:02,783 [WARN] PackLoader:240 - Cannot read IP mode file for SEGGER.I-CUBE-embOS.1.3.1
2024-03-16 09:50:02,836 [WARN] PackLoader:240 - Cannot read IP mode file for STMicroelectronics.X-CUBE-GNSS1.6.0.0
2024-03-16 09:50:02,858 [WARN] PackLoader:240 - Cannot read IP mode file for STMicroelectronics.X-CUBE-AZRTOS-F4.1.1.0
2024-03-16 09:50:02,867 [WARN] PackLoader:240 - Cannot read IP mode file for wolfSSL.I-CUBE-wolfSSL.5.6.3
2024-03-16 09:50:02,887 [WARN] PackLoader:240 - Cannot read IP mode file for STMicroelectronics.X-CUBE-AZRTOS-L5.2.0.0
2024-03-16 09:50:02,934 [WARN] PackLoader:240 - Cannot read IP mode file for STMicroelectronics.X-CUBE-MEMS1.9.6.0
2024-03-16 09:50:03,101 [WARN] PackLoader:240 - Cannot read IP mode file for STMicroelectronics.X-CUBE-EEPRMA1.4.2.0
2024-03-16 09:50:03,107 [WARN] PackLoader:240 - Cannot read IP mode file for ITTIA_DB.I-CUBE-ITTIADB.8.8.0
2024-03-16 09:50:03,117 [WARN] PackLoader:240 - Cannot read IP mode file for STMicroelectronics.X-CUBE-BLEMGR.2.0.0
2024-03-16 09:50:03,136 [WARN] ConditionMgr:438 - getConditionDescription Invalid condition id : UX DEVICE CLASS RTOS Condition cause : null
2024-03-16 09:50:03,136 [WARN] ConditionMgr:438 - getConditionDescription Invalid condition id : UX DEVICE CLASS RTOS Condition cause : null
2024-03-16 09:50:03,140 [WARN] PackLoader:240 - Cannot read IP mode file for STMicroelectronics.X-CUBE-AZRTOS-H7.3.1.0
2024-03-16 09:50:03,142 [WARN] ConditionMgr:1039 - genDependencies : Invalid condition id : UX DEVICE CLASS RTOS Condition cause : null
2024-03-16 09:50:03,142 [WARN] ConditionMgr:1039 - genDependencies : Invalid condition id : UX DEVICE CLASS RTOS Condition cause : null
2024-03-16 09:50:03,143 [WARN] ConditionMgr:1039 - genDependencies : Invalid condition id : UX DEVICE CLASS RTOS Condition cause : null
2024-03-16 09:50:03,144 [WARN] ConditionMgr:1039 - genDependencies : Invalid condition id : UX DEVICE CLASS RTOS Condition cause : null
2024-03-16 09:50:03,144 [WARN] ConditionMgr:1039 - genDependencies : Invalid condition id : UX DEVICE CLASS RTOS Condition cause : null
2024-03-16 09:50:03,151 [WARN] PackLoader:240 - Cannot read IP mode file for STMicroelectronics.X-CUBE-NFC7.1.0.1
2024-03-16 09:50:03,160 [WARN] PackLoader:240 - Cannot read IP mode file for STMicroelectronics.X-CUBE-NFC6.3.0.0
2024-03-16 09:50:03,171 [WARN] PackLoader:240 - Cannot read IP mode file for STMicroelectronics.X-CUBE-EEPRMA1.4.1.0
2024-03-16 09:50:03,178 [WARN] PackLoader:240 - Cannot read IP mode file for STMicroelectronics.X-CUBE-AI.8.1.0
2024-03-16 09:50:03,198 [WARN] ConditionMgr:438 - getConditionDescription Invalid condition id : LAN8742 Phy interface Condition cause : null
2024-03-16 09:50:03,199 [WARN] PackLoader:240 - Cannot read IP mode file for STMicroelectronics.X-CUBE-AZRTOS-L4.2.0.0
2024-03-16 09:50:03,200 [WARN] ConditionMgr:1039 - genDependencies : Invalid condition id : LAN8742 Phy interface Condition cause : null
2024-03-16 09:50:03,201 [WARN] ConditionMgr:1039 - genDependencies : Invalid condition id : LAN8742 Phy interface Condition cause : null
2024-03-16 09:50:03,201 [WARN] ConditionMgr:1039 - genDependencies : Invalid condition id : LAN8742 Phy interface Condition cause : null
2024-03-16 09:50:03,210 [WARN] PackLoader:240 - Cannot read IP mode file for STMicroelectronics.X-CUBE-SFXS2LP1.4.0.0
2024-03-16 09:50:03,217 [WARN] PackLoader:240 - Cannot read IP mode file for STMicroelectronics.X-CUBE-ISPU.1.1.0
2024-03-16 09:50:03,232 [WARN] ConditionMgr:438 - getConditionDescription Invalid condition id : UX DEVICE CLASS RTOS Condition cause : null
2024-03-16 09:50:03,232 [WARN] ConditionMgr:438 - getConditionDescription Invalid condition id : UX DEVICE CLASS RTOS Condition cause : null
2024-03-16 09:50:03,235 [WARN] PackLoader:240 - Cannot read IP mode file for STMicroelectronics.X-CUBE-AZRTOS-WB.2.0.0
2024-03-16 09:50:03,236 [WARN] ConditionMgr:1039 - genDependencies : Invalid condition id : UX DEVICE CLASS RTOS Condition cause : null
2024-03-16 09:50:03,236 [WARN] ConditionMgr:1039 - genDependencies : Invalid condition id : UX DEVICE CLASS RTOS Condition cause : null
2024-03-16 09:50:03,237 [WARN] ConditionMgr:1039 - genDependencies : Invalid condition id : UX DEVICE CLASS RTOS Condition cause : null
2024-03-16 09:50:03,237 [WARN] ConditionMgr:1039 - genDependencies : Invalid condition id : UX DEVICE CLASS RTOS Condition cause : null
2024-03-16 09:50:03,237 [WARN] ConditionMgr:1039 - genDependencies : Invalid condition id : UX DEVICE CLASS RTOS Condition cause : null
2024-03-16 09:50:03,250 [WARN] PackLoader:240 - Cannot read IP mode file for STMicroelectronics.X-CUBE-SUBG2.5.0.0
2024-03-16 09:50:03,269 [WARN] PackLoader:240 - Cannot read IP mode file for STMicroelectronics.X-CUBE-TOF1.3.3.1
2024-03-16 09:50:03,297 [WARN] PackLoader:240 - Cannot read IP mode file for STMicroelectronics.X-CUBE-AZRTOS-G4.2.0.0
2024-03-16 09:50:03,312 [WARN] PackLoader:240 - Cannot read IP mode file for Infineon.AIROC-Wi-Fi-Bluetooth-STM32.1.5.1
2024-03-16 09:50:03,320 [WARN] PackLoader:240 - Cannot read IP mode file for STMicroelectronics.FP-SNS-MOTENVWB1.1.3.0
2024-03-16 09:50:03,326 [WARN] PackLoader:240 - Cannot read IP mode file for STMicroelectronics.FP-SNS-MOTENVWB1.1.3.1
2024-03-16 09:50:03,330 [WARN] PackLoader:240 - Cannot read IP mode file for STMicroelectronics.X-CUBE-ISPU.2.0.0
2024-03-16 09:50:03,373 [WARN] PackLoader:240 - Cannot read IP mode file for STMicroelectronics.X-CUBE-MEMS1.10.0.0
2024-03-16 09:50:03,514 [WARN] PackLoader:240 - Cannot read IP mode file for STMicroelectronics.X-CUBE-FREERTOS.1.1.0
2024-03-16 09:50:03,520 [WARN] PackLoader:240 - Cannot read IP mode file for portGmbH.I-Cube-SoM-uGOAL.1.1.0
2024-03-16 09:50:03,524 [WARN] PackLoader:240 - Cannot read IP mode file for STMicroelectronics.X-CUBE-ALS.1.0.1
2024-03-16 09:50:03,528 [WARN] PackLoader:240 - Cannot read IP mode file for STMicroelectronics.FP-ATR-ASTRA1.2.0.0
2024-03-16 09:50:03,539 [WARN] PackLoader:240 - Cannot read IP mode file for STMicroelectronics.X-CUBE-TOF1.3.4.0
2024-03-16 09:50:03,562 [WARN] PackLoader:240 - Cannot read IP mode file for STMicroelectronics.X-CUBE-TOF1.3.4.1
2024-03-16 09:50:03,593 [WARN] PackLoader:240 - Cannot read IP mode file for STMicroelectronics.X-CUBE-AZRTOS-H7.3.2.0
2024-03-16 09:50:03,597 [INFO] ThirdParty:978 - Integrity check success = true
2024-03-16 09:50:03,598 [INFO] IntegrityCheckThread:100 - exiting critical section [integrity check]
2024-03-16 09:50:03,598 [INFO] IntegrityCheckThread:103 - End integrity checks thread
2024-03-16 09:50:22,233 [ERROR] LogOutputStream:75 - [STDERR_REDIRECT] SLF4J: Failed to load class "org.slf4j.impl.StaticLoggerBinder".
2024-03-16 09:50:22,233 [ERROR] LogOutputStream:75 - [STDERR_REDIRECT] SLF4J: Defaulting to no-operation (NOP) logger implementation
2024-03-16 09:50:22,235 [ERROR] LogOutputStream:75 - [STDERR_REDIRECT] SLF4J: See http://www.slf4j.org/codes.html#StaticLoggerBinder for further details.
2024-03-16 14:19:20,527 [INFO] McuFinderGlobals:63 - Set McuFinder mode to 2 (CubeIDE integrated)
2024-03-16 14:19:20,553 [INFO] MainUpdater:2868 - connection check result : 10
2024-03-16 14:19:20,554 [INFO] MainUpdater:2868 - connection check result : 10
2024-03-16 14:19:20,672 [INFO] MicroXplorer:468 - Change Database Path : 
2024-03-16 14:19:20,673 [INFO] MicroXplorer:498 - Change Database Version : DB.6.0.92
2024-03-16 14:19:20,682 [WARN] ThirdParty:871 - waiting for thirdparty lock release [close project]
2024-03-16 14:19:20,682 [INFO] ThirdParty:873 - entering critical section [close project]
2024-03-16 14:19:20,689 [INFO] ThirdParty:883 - exiting critical section [close project]
2024-03-16 14:19:20,696 [INFO] PinOutPanel:1499 - setPackage(No Configuration,No Configuration)
2024-03-16 14:19:20,721 [INFO] UtilMem:75 - Begin LoadConfig() Used Memory: 609132064 Bytes (1037041664)
2024-03-16 14:19:20,724 [INFO] MicroXplorer:468 - Change Database Path : 
2024-03-16 14:19:20,725 [INFO] MicroXplorer:498 - Change Database Version : DB.6.0.92
2024-03-16 14:19:20,725 [INFO] OpenFileManager:308 - Change cursor
2024-03-16 14:19:20,803 [INFO] Mcu:1946 - Initializing MCU STM32G071R(6-8-B)Tx STM32G071RBTx STM32G071RBT6
2024-03-16 14:19:23,072 [INFO] Context:659 - Trying to add GPIOservice into a context  which must be forbidden
2024-03-16 14:19:24,133 [INFO] RtosManager:555 - Registered RTOS mode: class=CMSIS, group=RTOS, mode=CMSIS_V1, owner=FREERTOS
2024-03-16 14:19:24,133 [INFO] RtosManager:555 - Registered RTOS mode: class=CMSIS, group=RTOS2, mode=CMSIS_V2, owner=FREERTOS
2024-03-16 14:19:24,133 [INFO] RtosManager:555 - Registered RTOS mode: class=RTOS, group=Core, mode=CMSIS_V1, owner=FREERTOS
2024-03-16 14:19:24,133 [INFO] RtosManager:555 - Registered RTOS mode: class=RTOS, group=Core, mode=CMSIS_V2, owner=FREERTOS
2024-03-16 14:19:24,133 [WARN] ModelIntegratedComponent:184 - Missing modes for component STMicroelectronics:FreeRTOS:0.0.1:STMicroelectronics:RTOS:FreeRTOS:Core:::10.2.0:
2024-03-16 14:19:24,148 [WARN] ModelIntegratedComponent:63 - No mode defined for component null
2024-03-16 14:19:24,148 [WARN] ModelIntegratedComponent:63 - No mode defined for component null
2024-03-16 14:19:24,148 [WARN] ModelIntegratedComponent:63 - No mode defined for component null
2024-03-16 14:19:24,148 [WARN] ModelIntegratedComponent:63 - No mode defined for component null
2024-03-16 14:19:24,148 [WARN] ModelIntegratedComponent:63 - No mode defined for component null
2024-03-16 14:19:24,148 [WARN] ModelIntegratedComponent:63 - No mode defined for component null
2024-03-16 14:19:24,148 [WARN] ModelIntegratedComponent:63 - No mode defined for component null
2024-03-16 14:19:24,148 [WARN] ModelIntegratedComponent:63 - No mode defined for component null
2024-03-16 14:19:24,148 [WARN] ModelIntegratedComponent:63 - No mode defined for component null
2024-03-16 14:19:24,148 [WARN] ModelIntegratedComponent:63 - No mode defined for component null
2024-03-16 14:19:24,148 [WARN] ModelIntegratedComponent:63 - No mode defined for component null
2024-03-16 14:19:24,148 [WARN] ModelIntegratedComponent:63 - No mode defined for component null
2024-03-16 14:19:24,149 [WARN] ModelIntegratedComponent:63 - No mode defined for component null
2024-03-16 14:19:24,149 [WARN] ModelIntegratedComponent:63 - No mode defined for component null
2024-03-16 14:19:24,149 [WARN] ModelIntegratedComponent:63 - No mode defined for component null
2024-03-16 14:19:24,149 [WARN] ModelIntegratedComponent:63 - No mode defined for component null
2024-03-16 14:19:24,149 [WARN] ModelIntegratedComponent:63 - No mode defined for component null
2024-03-16 14:19:24,149 [WARN] ModelIntegratedComponent:63 - No mode defined for component null
2024-03-16 14:19:24,149 [WARN] ModelIntegratedComponent:63 - No mode defined for component null
2024-03-16 14:19:24,149 [WARN] ModelIntegratedComponent:63 - No mode defined for component null
2024-03-16 14:19:24,149 [WARN] ModelIntegratedComponent:63 - No mode defined for component null
2024-03-16 14:19:24,150 [WARN] ModelIntegratedComponent:63 - No mode defined for component null
2024-03-16 14:19:24,150 [WARN] ModelIntegratedComponent:63 - No mode defined for component null
2024-03-16 14:19:24,150 [WARN] ModelIntegratedComponent:63 - No mode defined for component null
2024-03-16 14:19:24,150 [WARN] ModelIntegratedComponent:63 - No mode defined for component null
2024-03-16 14:19:24,150 [WARN] ModelIntegratedComponent:63 - No mode defined for component null
2024-03-16 14:19:24,150 [WARN] ModelIntegratedComponent:63 - No mode defined for component null
2024-03-16 14:19:24,150 [WARN] ModelIntegratedComponent:63 - No mode defined for component null
2024-03-16 14:19:24,150 [WARN] ModelIntegratedComponent:63 - No mode defined for component null
2024-03-16 14:19:24,150 [WARN] ModelIntegratedComponent:63 - No mode defined for component null
2024-03-16 14:19:24,150 [WARN] ModelIntegratedComponent:63 - No mode defined for component null
2024-03-16 14:19:24,150 [WARN] ModelIntegratedComponent:63 - No mode defined for component null
2024-03-16 14:19:24,150 [WARN] ModelIntegratedComponent:63 - No mode defined for component null
2024-03-16 14:19:24,281 [INFO] ThirdPartyModel:298 - Start build external matchings
2024-03-16 14:19:25,258 [INFO] ThirdPartyModel:316 - End build external matchings
2024-03-16 14:19:25,286 [INFO] ImportTextPane:194 - (OptionalMessage_ERROR) IP (RCC) : Invalid parameter (FamilyName)
2024-03-16 14:19:25,704 [INFO] UtilMem:75 - End LoadConfig() Used Memory: 524457720 Bytes (1073741824)
2024-03-16 14:19:26,099 [INFO] ApiDb:581 - Connected to CubeFinder SQLite database (C:\Users\Sergiu\.stmcufinder\plugins\mcufinder\mcu\cube-finder-db.db)
2024-03-16 14:19:26,220 [INFO] ApiDb:668 - CubeFinder database Data Model version=2.1
2024-03-16 14:19:26,220 [INFO] ApiDb:669 - CubeFinder database Configuration version=3.0.39
2024-03-16 14:19:26,224 [INFO] ApiDb:670 - CubeFinder database generation date=2024-02-19 (1708350410)
2024-03-16 14:19:26,224 [INFO] ApiDb:671 - CubeFinder database FW Pack versions=[FP-ATR-ASTRA1_V2.0.0, FP-SNS-FLIGHT1_V5.0.1, FP-SNS-FLIGHT1_V5.0.2, FP-SNS-MOTENV1_V4.3.1, FP-SNS-MOTENV1_V4.3.2, FP-SNS-MOTENVWB1_V1.3.1, FP-SNS-SMARTAG2_V1.2.0, STM32Cube_FW_C0_V1.1.0, STM32Cube_FW_F4_V1.28.0, STM32Cube_FW_F7_V1.17.0, STM32Cube_FW_G0_V1.6.2, STM32Cube_FW_G4_V1.5.2, STM32Cube_FW_H5_V0.5.1, STM32Cube_FW_H5_V1.1.1, STM32Cube_FW_H5_V1.2.0RC2, STM32Cube_FW_H7_V1.11.0, STM32Cube_FW_L0_V1.12.2, STM32Cube_FW_L5_V1.5.0, STM32Cube_FW_U5_V1.3.0RC4, STM32Cube_FW_U5_V1.4.0, STM32Cube_FW_WBA_V1.0.0RC1, STM32Cube_FW_WBA_V1.1.0RC1, STM32Cube_FW_WBA_V1.2.0, STM32Cube_FW_WBA_V1.2.0RC2, STM32Cube_FW_WB_V1.15.0RC1, STM32Cube_FW_WB_V1.16.0, STM32Cube_FW_WB_V1.16.0RC2, STM32Cube_FW_WB_V1.18.0, STM32Cube_FW_WL_V1.3.0, X-CUBE-ALGOBUILD_V1.3.0, X-CUBE-ALS_V1.0.1, X-CUBE-AZRTOS-F4_V1.1.0, X-CUBE-AZRTOS-F7_V1.1.0, X-CUBE-AZRTOS-G0_V1.1.0, X-CUBE-AZRTOS-G4_V2.0.0, X-CUBE-AZRTOS-H7_V3.2.0, X-CUBE-AZRTOS-L4_V1.0.0, X-CUBE-AZRTOS-L4_V2.0.0, X-CUBE-AZRTOS-L5_V1.1.0, X-CUBE-AZRTOS-WB_V2.0.0, X-CUBE-AZRTOS-WL_V2.0.0, X-CUBE-BLE1_V7.0.0, X-CUBE-BLE2_V3.3.0, X-CUBE-BLEMGR_V3.0.0, X-CUBE-EEPRMA1_V4.1.0, X-CUBE-EEPRMA1_V5.1.0, X-CUBE-FREERTOS_V1.1.0, X-CUBE-GNSS1_V6.0.0, X-CUBE-MEMS1_V10.0.0, X-CUBE-MEMS1_V9.1.0, X-CUBE-MEMS1_V9.4.0, X-CUBE-MEMS1_V9.6.0, X-CUBE-NFC4_V3.0.0, X-CUBE-NFC7_V1.0.1, X-CUBE-SFXS2LP1_V4.0.0, X-CUBE-SUBG2_V5.0.0, X-CUBE-TOF1_V3.4.0]
2024-03-16 14:19:29,590 [INFO] ApiDb:240 - Found 323 in-development CPN: [B-G473E-ZEST1S, B-WB1M-WPAN1, B-WL5M-SUBG1, NUCLEO-C031C6, NUCLEO-H503RB, NUCLEO-H563ZI, NUCLEO-U545RE-Q, NUCLEO-U5A5ZJ-Q, NUCLEO-WBA52CG, STEVAL-PROTEUS1, STEVAL-SMARTAG2, STEVAL-STWINBX1, STM320518-EVAL, STM32C0116-DK, STM32C011D6Y3TR, STM32C011D6Y6TR, STM32C011F4P3, STM32C011F4P6, STM32C011F4U3, STM32C011F4U6TR, STM32C011F6P3, STM32C011F6P6, STM32C011F6U3, STM32C011F6U6TR, STM32C011J4M3, STM32C011J4M6, STM32C011J6M3, STM32C011J6M6, STM32C0316-DK, STM32C031C4T3, STM32C031C4T6, STM32C031C4U3, STM32C031C4U6, STM32C031C6T3, STM32C031C6T6, STM32C031C6U3, STM32C031C6U6, STM32C031F4P3, STM32C031F4P6, STM32C031F6P3, STM32C031F6P6, STM32C031G4U3, STM32C031G4U6, STM32C031G6U3, STM32C031G6U6, STM32C031K4T3, STM32C031K4T6, STM32C031K4U3, STM32C031K4U6, STM32C031K6T3, STM32C031K6T6, STM32C031K6U3, STM32C031K6U6, STM32G071K8TXN, STM32G071K8UXN, STM32G081GBU6N, STM32G081KBT6N, STM32G081KBUXN, STM32G0B1CCT6N, STM32G0B1KCT6, STM32G0B1NEY6TR, STM32G0B1RCT6N, STM32G0C1CCT6, STM32G0C1CCT6N, STM32G0C1CCU6N, STM32G0C1CET6N, STM32G0C1CEU6N, STM32G0C1KCT6, STM32G0C1NEY6TR, STM32G0C1RCI6N, STM32G0C1RCT6N, STM32G0C1REI6N, STM32G0C1RET6N, STM32G0C1VCI6, STM32G0C1VEI6, STM32G471CCT6, STM32G471CCU6, STM32G471CET3, STM32G471CET6, STM32G471CEU3, STM32G471CEU6, STM32G471MCT6, STM32G471MET3, STM32G471MET6, STM32G471MEY6TR, STM32G471QCT6, STM32G471QET3, STM32G471RCT6, STM32G471RET3, STM32G471RET6, STM32G471VCH6, STM32G471VCI6, STM32G471VCT6, STM32G471VEH3, STM32G471VEH6, STM32G471VEI3, STM32G471VEI6, STM32G471VET3, STM32G471VET6, STM32G474CCT6, STM32H503CBT6, STM32H503CBU6, STM32H503EBY6TR, STM32H503KBU6, STM32H503RBT6, STM32H562AGI6, STM32H562AII6, STM32H562IGK6, STM32H562IGT6, STM32H562IIK6, STM32H562IIT6, STM32H562RGT6, STM32H562RGV6, STM32H562RIT6, STM32H562RIV6, STM32H562VGT6, STM32H562VIT6, STM32H562ZGT6, STM32H562ZIT6, STM32H563AGI6, STM32H563AII3Q, STM32H563AII6, STM32H563IGK6, STM32H563IGT6, STM32H563IIK3Q, STM32H563IIK6, STM32H563IIT3Q, STM32H563IIT6, STM32H563MIY3QTR, STM32H563RGT6, STM32H563RGV6, STM32H563RIT6, STM32H563RIV6, STM32H563VGT6, STM32H563VIT3Q, STM32H563VIT6, STM32H563ZGT6, STM32H563ZIT3Q, STM32H563ZIT6, STM32H573AII3Q, STM32H573AII6, STM32H573I-DK, STM32H573IIK3Q, STM32H573IIK6, STM32H573IIT3Q, STM32H573IIT6, STM32H573MIY3QTR, STM32H573RIT6, STM32H573RIV6, STM32H573VIT3Q, STM32H573VIT6, STM32H573ZIT3Q, STM32H573ZIT6, STM32L4R5QGI6STR, STM32MP131AAE3, STM32MP131AAF3, STM32MP131AAG3, STM32MP131CAE3, STM32MP131CAF3, STM32MP131CAG3, STM32MP131DAE7, STM32MP131DAF7, STM32MP131DAG7, STM32MP131FAE7, STM32MP131FAF7, STM32MP131FAG7, STM32MP133AAE3, STM32MP133AAF3, STM32MP133AAG3, STM32MP133CAE3, STM32MP133CAF3, STM32MP133CAG3, STM32MP133DAE7, STM32MP133DAF7, STM32MP133DAG7, STM32MP133FAE7, STM32MP133FAF7, STM32MP133FAG7, STM32MP135AAE3, STM32MP135AAF3, STM32MP135AAG3, STM32MP135CAE3, STM32MP135CAF3, STM32MP135CAG3, STM32MP135DAE7, STM32MP135DAF7, STM32MP135DAG7, STM32MP135F-DK, STM32MP135FAE7, STM32MP135FAF7, STM32MP135FAF7T, STM32MP135FAF7U, STM32MP135FAG7, STM32U535CBT6, STM32U535CBT6Q, STM32U535CBU6, STM32U535CBU6Q, STM32U535CCT6, STM32U535CCT6Q, STM32U535CCU6, STM32U535CCU6Q, STM32U535CET6, STM32U535CET6Q, STM32U535CEU6, STM32U535CEU6Q, STM32U535JEY6QTR, STM32U535NCY6QTR, STM32U535NEY6QTR, STM32U535RBI6, STM32U535RBI6Q, STM32U535RBT6, STM32U535RBT6Q, STM32U535RCI6, STM32U535RCI6Q, STM32U535RCT6, STM32U535RCT6Q, STM32U535REI6, STM32U535REI6Q, STM32U535RET6, STM32U535RET6Q, STM32U535VCI6, STM32U535VCI6Q, STM32U535VCT6, STM32U535VCT6Q, STM32U535VEI6, STM32U535VEI6Q, STM32U535VET6, STM32U535VET6Q, STM32U545CET6, STM32U545CET6Q, STM32U545CEU6, STM32U545CEU6Q, STM32U545JEY6QTR, STM32U545NEY6QTR, STM32U545REI6, STM32U545REI6Q, STM32U545RET6, STM32U545RET6Q, STM32U545VEI6, STM32U545VEI6Q, STM32U545VET6, STM32U545VET6Q, STM32U595AIH6, STM32U595AIH6Q, STM32U595AJH6, STM32U595AJH6Q, STM32U595QII6, STM32U595QII6Q, STM32U595QJI6, STM32U595QJI6Q, STM32U595RIT6, STM32U595RIT6Q, STM32U595RJT6, STM32U595RJT6Q, STM32U595VIT6, STM32U595VIT6Q, STM32U595VJT6, STM32U595VJT6Q, STM32U595ZIT6, STM32U595ZIT6Q, STM32U595ZIY6QTR, STM32U595ZJT6, STM32U595ZJT6Q, STM32U595ZJY6QTR, STM32U599BJY6QTR, STM32U599NIH6Q, STM32U599NJH6Q, STM32U599VIT6Q, STM32U599VJT6, STM32U599VJT6Q, STM32U599ZIT6Q, STM32U599ZIY6QTR, STM32U599ZJT6Q, STM32U599ZJY6QTR, STM32U5A5AJH6, STM32U5A5AJH6Q, STM32U5A5QJI6, STM32U5A5QJI6Q, STM32U5A5RJT6, STM32U5A5RJT6Q, STM32U5A5VJT6, STM32U5A5VJT6Q, STM32U5A5ZJT6, STM32U5A5ZJT6Q, STM32U5A5ZJY6QTR, STM32U5A9BJY6QTR, STM32U5A9J-DK, STM32U5A9NJH6Q, STM32U5A9VJT6Q, STM32U5A9ZJT6Q, STM32U5A9ZJY6QTR, STM32U5F7VIT6, STM32U5F7VIT6Q, STM32U5F7VJT6, STM32U5F7VJT6Q, STM32U5F9BJY6QTR, STM32U5F9NJH6Q, STM32U5F9VIT6Q, STM32U5F9VJT6Q, STM32U5F9ZIJ6QTR, STM32U5F9ZIT6Q, STM32U5F9ZJJ6QTR, STM32U5F9ZJT6Q, STM32U5G7VJT6, STM32U5G7VJT6Q, STM32U5G9BJY6QTR, STM32U5G9J-DK1, STM32U5G9J-DK2, STM32U5G9NJH6Q, STM32U5G9VJT6Q, STM32U5G9ZJJ6QTR, STM32U5G9ZJT6Q, STM32WB1MMCH6, STM32WBA52CEU6, STM32WBA52CEU6T, STM32WBA52CGU6, STM32WBA52CGU6T, STM32WBA52KEU6, STM32WBA52KEU6T, STM32WBA52KGU6, STM32WBA52KGU6T, STM32WL5MOCH6, STM32WL5MOCH6TR]
2024-03-16 14:19:29,595 [INFO] DbMcus:217 - Found 3882 MCUs, 3882 are supported
2024-03-16 14:19:29,597 [INFO] ApiDb:423 - Load user favorites file C:\Users\Sergiu/.stm32cubeide/favorites.mcus.txt: 2 item(s)
2024-03-16 14:19:29,598 [INFO] ApiDb:427 - User favorites MCUs=[STM32F103C8T6, STM32F401RCT6]
2024-03-16 14:19:29,598 [INFO] DbMcus:223 - Set 2 / 2 favorites MCUs
2024-03-16 14:19:30,365 [WARN] ThirdParty:833 - waiting for thirdparty lock release [change project]
2024-03-16 14:19:30,365 [INFO] ThirdParty:835 - entering critical section [change project]
2024-03-16 14:19:30,366 [INFO] ThirdParty:1030 - CMSIS Pack Vendor :STMicroelectronics X-CUBE-ISPU 1.1.0
2024-03-16 14:19:30,366 [INFO] ThirdParty:1030 - CMSIS Pack Vendor :STMicroelectronics USBPD 4.1
2024-03-16 14:19:30,366 [INFO] ThirdParty:1030 - CMSIS Pack Vendor :STMicroelectronics X-CUBE-GNSS1 6.0.0
2024-03-16 14:19:30,366 [INFO] ThirdParty:1030 - CMSIS Pack Vendor :STMicroelectronics USB_HOST 2.0.0
2024-03-16 14:19:30,366 [INFO] ThirdParty:1030 - CMSIS Pack Vendor :STMicroelectronics X-CUBE-AZRTOS-F4 1.1.0
2024-03-16 14:19:30,366 [INFO] ThirdParty:1030 - CMSIS Pack Vendor :STMicroelectronics LIBJPEG 8.0.0
2024-03-16 14:19:30,366 [INFO] ThirdParty:1030 - CMSIS Pack Vendor :wolfSSL I-CUBE-wolfSSL 5.6.3
2024-03-16 14:19:30,366 [INFO] ThirdParty:1030 - CMSIS Pack Vendor :STMicroelectronics X-CUBE-SMBUS 2.1.0
2024-03-16 14:19:30,366 [INFO] ThirdParty:1030 - CMSIS Pack Vendor :STMicroelectronics USB_DEVICE 3.0.0
2024-03-16 14:19:30,366 [INFO] ThirdParty:1030 - CMSIS Pack Vendor :STMicroelectronics X-CUBE-AZRTOS-WB 2.0.0
2024-03-16 14:19:30,366 [INFO] ThirdParty:1030 - CMSIS Pack Vendor :STMicroelectronics X-CUBE-TOUCHGFX 4.23.0
2024-03-16 14:19:30,366 [INFO] ThirdParty:1030 - CMSIS Pack Vendor :STMicroelectronics X-CUBE-AZRTOS-F7 1.1.0
2024-03-16 14:19:30,366 [INFO] ThirdParty:1030 - CMSIS Pack Vendor :STMicroelectronics X-CUBE-AZRTOS-L5 2.0.0
2024-03-16 14:19:30,366 [INFO] ThirdParty:1030 - CMSIS Pack Vendor :STMicroelectronics USB_DEVICE 2.0.0
2024-03-16 14:19:30,366 [INFO] ThirdParty:1030 - CMSIS Pack Vendor :STMicroelectronics X-CUBE-MEMS1 9.6.0
2024-03-16 14:19:30,366 [INFO] ThirdParty:1030 - CMSIS Pack Vendor :STMicroelectronics X-CUBE-EEPRMA1 4.2.0
2024-03-16 14:19:30,366 [INFO] ThirdParty:1030 - CMSIS Pack Vendor :ITTIA_DB I-CUBE-ITTIADB 8.8.0
2024-03-16 14:19:30,366 [INFO] ThirdParty:1030 - CMSIS Pack Vendor :STMicroelectronics FP-SNS-MOTENV1 4.3.2
2024-03-16 14:19:30,366 [INFO] ThirdParty:1030 - CMSIS Pack Vendor :STMicroelectronics X-CUBE-ALGOBUILD 1.3.0
2024-03-16 14:19:30,366 [INFO] ThirdParty:1030 - CMSIS Pack Vendor :STMicroelectronics FreeRTOS 0.0.1
2024-03-16 14:19:30,367 [INFO] ThirdParty:1030 - CMSIS Pack Vendor :STMicroelectronics X-CUBE-AZRTOS-G0 1.1.0
2024-03-16 14:19:30,367 [INFO] ThirdParty:1030 - CMSIS Pack Vendor :STMicroelectronics X-CUBE-BLEMGR 2.0.0
2024-03-16 14:19:30,367 [INFO] ThirdParty:1030 - CMSIS Pack Vendor :STMicroelectronics X-CUBE-NFC4 3.0.0
2024-03-16 14:19:30,367 [INFO] ThirdParty:1030 - CMSIS Pack Vendor :STMicroelectronics X-CUBE-SUBG2 5.0.0
2024-03-16 14:19:30,367 [INFO] ThirdParty:1030 - CMSIS Pack Vendor :STMicroelectronics STM32_WPAN 1.0.0
2024-03-16 14:19:30,367 [INFO] ThirdParty:1030 - CMSIS Pack Vendor :STMicroelectronics lwIP 2.0.3
2024-03-16 14:19:30,367 [INFO] ThirdParty:1030 - CMSIS Pack Vendor :STMicroelectronics FP-SNS-FLIGHT1 5.0.2
2024-03-16 14:19:30,367 [INFO] ThirdParty:1030 - CMSIS Pack Vendor :STMicroelectronics USB_HOST 1.0.0
2024-03-16 14:19:30,367 [INFO] ThirdParty:1030 - CMSIS Pack Vendor :STMicroelectronics X-CUBE-TOF1 3.3.1
2024-03-16 14:19:30,367 [INFO] ThirdParty:1030 - CMSIS Pack Vendor :STMicroelectronics X-CUBE-AZRTOS-G4 2.0.0
2024-03-16 14:19:30,367 [INFO] ThirdParty:1030 - CMSIS Pack Vendor :STMicroelectronics PDM2PCM 3.1.0
2024-03-16 14:19:30,367 [INFO] ThirdParty:1030 - CMSIS Pack Vendor :STMicroelectronics X-CUBE-AZRTOS-H7 3.1.0
2024-03-16 14:19:30,367 [INFO] ThirdParty:1030 - CMSIS Pack Vendor :Infineon AIROC-Wi-Fi-Bluetooth-STM32 1.5.1
2024-03-16 14:19:30,367 [INFO] ThirdParty:1030 - CMSIS Pack Vendor :STMicroelectronics X-CUBE-BLEMGR 3.0.0
2024-03-16 14:19:30,367 [INFO] ThirdParty:1030 - CMSIS Pack Vendor :STMicroelectronics PDM2PCM 3.3.0
2024-03-16 14:19:30,367 [INFO] ThirdParty:1030 - CMSIS Pack Vendor :STMicroelectronics X-CUBE-DISPLAY 3.0.0
2024-03-16 14:19:30,367 [INFO] ThirdParty:1030 - CMSIS Pack Vendor :STMicroelectronics FP-SNS-MOTENVWB1 1.3.0
2024-03-16 14:19:30,367 [INFO] ThirdParty:1030 - CMSIS Pack Vendor :STMicroelectronics FP-SNS-MOTENVWB1 1.3.1
2024-03-16 14:19:30,367 [INFO] ThirdParty:1030 - CMSIS Pack Vendor :STMicroelectronics X-CUBE-BLE1 7.0.0
2024-03-16 14:19:30,367 [INFO] ThirdParty:1030 - CMSIS Pack Vendor :STMicroelectronics FP-ATR-SIGFOX1 3.2.0
2024-03-16 14:19:30,368 [INFO] ThirdParty:1030 - CMSIS Pack Vendor :STMicroelectronics X-CUBE-ISPU 2.0.0
2024-03-16 14:19:30,368 [INFO] ThirdParty:1030 - CMSIS Pack Vendor :STMicroelectronics X-CUBE-EEPRMA1 5.1.0
2024-03-16 14:19:30,368 [INFO] ThirdParty:1030 - CMSIS Pack Vendor :STMicroelectronics HAL Drivers 0.0.0
2024-03-16 14:19:30,368 [INFO] ThirdParty:1030 - CMSIS Pack Vendor :STMicroelectronics MBEDTLS 2.16.2
2024-03-16 14:19:30,368 [INFO] ThirdParty:1030 - CMSIS Pack Vendor :emotas I-CUBE-CANOPEN 1.3.0
2024-03-16 14:19:30,368 [INFO] ThirdParty:1030 - CMSIS Pack Vendor :STMicroelectronics X-CUBE-MEMS1 10.0.0
2024-03-16 14:19:30,368 [INFO] ThirdParty:1030 - CMSIS Pack Vendor :STMicroelectronics X-CUBE-FREERTOS 1.1.0
2024-03-16 14:19:30,368 [INFO] ThirdParty:1030 - CMSIS Pack Vendor :STMicroelectronics X-CUBE-NFC7 1.0.1
2024-03-16 14:19:30,368 [INFO] ThirdParty:1030 - CMSIS Pack Vendor :STMicroelectronics MBEDTLS 2.14.1
2024-03-16 14:19:30,368 [INFO] ThirdParty:1030 - CMSIS Pack Vendor :STMicroelectronics X-CUBE-TOUCHGFX 4.22.1
2024-03-16 14:19:30,368 [INFO] ThirdParty:1030 - CMSIS Pack Vendor :STMicroelectronics X-CUBE-NFC6 3.0.0
2024-03-16 14:19:30,368 [INFO] ThirdParty:1030 - CMSIS Pack Vendor :STMicroelectronics X-CUBE-EEPRMA1 4.1.0
2024-03-16 14:19:30,368 [INFO] ThirdParty:1030 - CMSIS Pack Vendor :portGmbH I-Cube-SoM-uGOAL 1.1.0
2024-03-16 14:19:30,368 [INFO] ThirdParty:1030 - CMSIS Pack Vendor :STMicroelectronics X-CUBE-ALS 1.0.1
2024-03-16 14:19:30,368 [INFO] ThirdParty:1030 - CMSIS Pack Vendor :STMicroelectronics X-CUBE-BLEMGR 3.1.0
2024-03-16 14:19:30,368 [INFO] ThirdParty:1030 - CMSIS Pack Vendor :STMicroelectronics ThreadX 1.0.0
2024-03-16 14:19:30,368 [INFO] ThirdParty:1030 - CMSIS Pack Vendor :STMicroelectronics FP-SNS-SMARTAG2 1.2.0
2024-03-16 14:19:30,368 [INFO] ThirdParty:1030 - CMSIS Pack Vendor :STMicroelectronics X-CUBE-AZRTOS-WL 2.0.0
2024-03-16 14:19:30,369 [INFO] ThirdParty:1030 - CMSIS Pack Vendor :SEGGER I-CUBE-embOS 1.3.1
2024-03-16 14:19:30,369 [INFO] ThirdParty:1030 - CMSIS Pack Vendor :STMicroelectronics USB_DEVICE 1.0.0
2024-03-16 14:19:30,369 [INFO] ThirdParty:1030 - CMSIS Pack Vendor :STMicroelectronics X-CUBE-AI 8.1.0
2024-03-16 14:19:30,369 [INFO] ThirdParty:1030 - CMSIS Pack Vendor :STMicroelectronics X-CUBE-AZRTOS-L4 2.0.0
2024-03-16 14:19:30,369 [INFO] ThirdParty:1030 - CMSIS Pack Vendor :STMicroelectronics ThreadX 0.0.2
2024-03-16 14:19:30,369 [INFO] ThirdParty:1030 - CMSIS Pack Vendor :WES I-CUBE-Cesium 1.3.0
2024-03-16 14:19:30,369 [INFO] ThirdParty:1030 - CMSIS Pack Vendor :STMicroelectronics FP-ATR-ASTRA1 2.0.0
2024-03-16 14:19:30,369 [INFO] ThirdParty:1030 - CMSIS Pack Vendor :STMicroelectronics lwIP 2.1.2
2024-03-16 14:19:30,369 [INFO] ThirdParty:1030 - CMSIS Pack Vendor :STMicroelectronics X-CUBE-SFXS2LP1 4.0.0
2024-03-16 14:19:30,369 [INFO] ThirdParty:1030 - CMSIS Pack Vendor :STMicroelectronics X-CUBE-BLE2 3.3.0
2024-03-16 14:19:30,369 [INFO] ThirdParty:1030 - CMSIS Pack Vendor :STMicroelectronics X-CUBE-TOF1 3.4.0
2024-03-16 14:19:30,369 [INFO] ThirdParty:1030 - CMSIS Pack Vendor :STMicroelectronics X-CUBE-TOF1 3.4.1
2024-03-16 14:19:30,369 [INFO] ThirdParty:1030 - CMSIS Pack Vendor :STMicroelectronics X-CUBE-AZRTOS-H7 3.2.0
2024-03-16 14:19:30,369 [INFO] ThirdParty:1030 - CMSIS Pack Vendor :STMicroelectronics PDM2PCM 3.2.0
2024-03-16 14:19:30,369 [INFO] ThirdParty:841 - exiting critical section [change project]
2024-03-16 14:19:31,151 [INFO] PinOutPanel:1499 - setPackage(No Configuration,No Configuration)
2024-03-16 14:19:31,154 [INFO] PinOutPanel:1499 - setPackage(STM32G071RBTx,LQFP64)
2024-03-16 14:19:33,204 [INFO] UtilMem:75 - Before build in PCC Used Memory: 821314344 Bytes (1073741824)
2024-03-16 14:19:35,111 [INFO] UtilMem:75 - After build in PCC Used Memory: 547767760 Bytes (1073741824)
2024-03-16 14:19:35,389 [INFO] IPUIPlugin:80 - create IPUIPlugin
2024-03-16 14:19:35,390 [INFO] IPUIPlugin:80 - create IPUIPlugin
2024-03-16 14:19:35,390 [INFO] IPUIPlugin:80 - create IPUIPlugin
2024-03-16 14:19:35,390 [INFO] IPUIPlugin:80 - create IPUIPlugin
2024-03-16 14:19:35,391 [INFO] IPUIPlugin:80 - create IPUIPlugin
2024-03-16 14:19:35,392 [INFO] IPUIPlugin:80 - create IPUIPlugin
2024-03-16 14:19:35,393 [INFO] IPUIPlugin:80 - create IPUIPlugin
2024-03-16 14:19:35,396 [INFO] IPUIPlugin:80 - create IPUIPlugin
2024-03-16 14:19:35,398 [INFO] IPUIPlugin:80 - create IPUIPlugin
2024-03-16 14:19:35,399 [INFO] IPUIPlugin:80 - create IPUIPlugin
2024-03-16 14:19:35,399 [INFO] IPUIPlugin:80 - create IPUIPlugin
2024-03-16 14:19:35,400 [INFO] IPUIPlugin:80 - create IPUIPlugin
2024-03-16 14:19:35,402 [INFO] IPUIPlugin:80 - create IPUIPlugin
2024-03-16 14:19:35,402 [INFO] IPUIPlugin:80 - create IPUIPlugin
2024-03-16 14:19:35,403 [INFO] IPUIPlugin:80 - create IPUIPlugin
2024-03-16 14:19:35,403 [INFO] IPUIPlugin:80 - create IPUIPlugin
2024-03-16 14:19:35,403 [INFO] IPUIPlugin:80 - create IPUIPlugin
2024-03-16 14:19:35,403 [INFO] IPUIPlugin:80 - create IPUIPlugin
2024-03-16 14:19:35,404 [INFO] IPUIPlugin:80 - create IPUIPlugin
2024-03-16 14:19:35,405 [INFO] IPUIPlugin:80 - create IPUIPlugin
2024-03-16 14:19:35,406 [INFO] IPUIPlugin:80 - create IPUIPlugin
2024-03-16 14:19:35,406 [INFO] IPUIPlugin:80 - create IPUIPlugin
2024-03-16 14:19:35,407 [INFO] IPUIPlugin:80 - create IPUIPlugin
2024-03-16 14:19:35,407 [INFO] IPUIPlugin:80 - create IPUIPlugin
2024-03-16 14:19:35,407 [INFO] IPUIPlugin:80 - create IPUIPlugin
2024-03-16 14:19:35,408 [INFO] IPUIPlugin:80 - create IPUIPlugin
2024-03-16 14:19:35,408 [INFO] IPUIPlugin:80 - create IPUIPlugin
2024-03-16 14:19:35,408 [INFO] IPUIPlugin:80 - create IPUIPlugin
2024-03-16 14:19:35,418 [INFO] IPUIPlugin:80 - create IPUIPlugin
2024-03-16 14:19:35,419 [INFO] IPUIPlugin:80 - create IPUIPlugin
2024-03-16 14:19:35,419 [INFO] IPUIPlugin:80 - create IPUIPlugin
2024-03-16 14:19:35,419 [INFO] IPUIPlugin:80 - create IPUIPlugin
2024-03-16 14:19:35,420 [INFO] IPUIPlugin:80 - create IPUIPlugin
2024-03-16 14:19:35,420 [INFO] IPUIPlugin:80 - create IPUIPlugin
2024-03-16 14:19:35,421 [INFO] IPUIPlugin:80 - create IPUIPlugin
2024-03-16 14:19:35,422 [INFO] IPUIPlugin:80 - create IPUIPlugin
2024-03-16 14:19:35,422 [INFO] IPUIPlugin:80 - create IPUIPlugin
2024-03-16 14:19:35,423 [INFO] IPUIPlugin:80 - create IPUIPlugin
2024-03-16 14:19:35,423 [INFO] IPUIPlugin:80 - create IPUIPlugin
2024-03-16 14:19:35,424 [INFO] IPUIPlugin:80 - create IPUIPlugin
2024-03-16 14:19:35,424 [INFO] IPUIPlugin:80 - create IPUIPlugin
2024-03-16 14:19:35,424 [INFO] IPUIPlugin:80 - create IPUIPlugin
2024-03-16 14:19:35,425 [INFO] IPUIPlugin:80 - create IPUIPlugin
2024-03-16 14:19:36,200 [INFO] CADModel:165 - CPN selected for project levelSTM32G071RBT6
2024-03-16 14:19:36,200 [INFO] CADModel:114 - Register for checkConnection events
2024-03-16 14:19:36,240 [INFO] OpenFileManager:328 - Restore cursor
2024-03-16 14:19:55,949 [INFO] NvicIntPanel:101 - NVIC parent = com.st.microxplorer.plugins.ip.nvic.MultiNvicIntPanel[,0,0,0x0,invalid,layout=javax.swing.BoxLayout,alignmentX=0.0,alignmentY=0.0,border=,flags=9,maximumSize=,minimumSize=,preferredSize=]
2024-03-16 14:19:58,943 [INFO] NvicIntPanel:101 - NVIC parent = com.st.microxplorer.plugins.ip.nvic.MultiNvicIntPanel[,0,0,0x0,invalid,layout=javax.swing.BoxLayout,alignmentX=0.0,alignmentY=0.0,border=,flags=9,maximumSize=,minimumSize=,preferredSize=]
2024-03-16 14:19:59,911 [INFO] NvicIntPanel:101 - NVIC parent = com.st.microxplorer.plugins.ip.nvic.MultiNvicIntPanel[,0,0,0x0,invalid,layout=javax.swing.BoxLayout,alignmentX=0.0,alignmentY=0.0,border=,flags=9,maximumSize=,minimumSize=,preferredSize=]
2024-03-16 14:20:21,311 [INFO] UtilMem:75 - End SaveConfig() Used Memory: 557200000 Bytes (1073741824)
2024-03-16 14:20:23,881 [INFO] UtilMem:75 - End SaveConfig() Used Memory: 581656760 Bytes (1073741824)
2024-03-16 14:20:29,987 [INFO] UtilMem:75 - End SaveConfig() Used Memory: 656288384 Bytes (1073741824)
2024-03-16 14:20:30,544 [INFO] BlockDiagram:2759 - set Specific Code input for plugin: NVIC
2024-03-16 14:20:30,544 [INFO] BlockDiagram:2759 - set Specific Code input for plugin: USART
2024-03-16 14:20:30,544 [INFO] BlockDiagram:2759 - set Specific Code input for plugin: USART
2024-03-16 14:20:30,544 [INFO] BlockDiagram:2759 - set Specific Code input for plugin: SYS
2024-03-16 14:20:30,545 [INFO] BlockDiagram:2759 - set Specific Code input for plugin: GPIO
2024-03-16 14:20:30,545 [INFO] BlockDiagram:2759 - set Specific Code input for plugin: RCC
2024-03-16 14:20:30,546 [INFO] CodeGenerator:799 - code generatio: config db path: E:\trash_programs\ST\STM32CubeIDE_1.13.2\STM32CubeIDE\plugins\com.st.stm32cube.common.mx_6.9.2.202309101412\\db\
2024-03-16 14:20:30,817 [INFO] CodeEngine:255 - oldGeneratedFile, E:\CR\teza_licenta\_APP_\NucleoUART_TEST\MXTmpFiles\license.tmp_save
2024-03-16 14:20:31,183 [INFO] CodeEngine:279 - Generated code: E:\CR\teza_licenta\_APP_\NucleoUART_TEST\MXTmpFiles\license.tmp
2024-03-16 14:20:31,306 [INFO] CodeEngine:255 - oldGeneratedFile, E:\CR\teza_licenta\_APP_\NucleoUART_TEST\MXTmpFiles\gpio.tmp_save
2024-03-16 14:20:31,434 [INFO] CodeEngine:279 - Generated code: E:\CR\teza_licenta\_APP_\NucleoUART_TEST\MXTmpFiles\gpio.tmp
2024-03-16 14:20:31,788 [INFO] CodeEngine:255 - oldGeneratedFile, E:\CR\teza_licenta\_APP_\NucleoUART_TEST\Core\Src\stm32g0xx_it.c_save
2024-03-16 14:20:31,924 [INFO] CodeEngine:279 - Generated code: E:\CR\teza_licenta\_APP_\NucleoUART_TEST\Core\Src\stm32g0xx_it.c
2024-03-16 14:20:31,931 [INFO] CodeEngine:255 - oldGeneratedFile, E:\CR\teza_licenta\_APP_\NucleoUART_TEST\Core\Inc\stm32g0xx_it.h_save
2024-03-16 14:20:32,028 [INFO] CodeEngine:279 - Generated code: E:\CR\teza_licenta\_APP_\NucleoUART_TEST\Core\Inc\stm32g0xx_it.h
2024-03-16 14:20:32,043 [INFO] CodeEngine:255 - oldGeneratedFile, E:\CR\teza_licenta\_APP_\NucleoUART_TEST\Core\Src\stm32g0xx_hal_msp.c_save
2024-03-16 14:20:32,192 [INFO] CodeEngine:279 - Generated code: E:\CR\teza_licenta\_APP_\NucleoUART_TEST\Core\Src\stm32g0xx_hal_msp.c
2024-03-16 14:20:32,198 [INFO] CodeEngine:255 - oldGeneratedFile, E:\CR\teza_licenta\_APP_\NucleoUART_TEST\MXTmpFiles\system.tmp_save
2024-03-16 14:20:32,276 [INFO] CodeEngine:279 - Generated code: E:\CR\teza_licenta\_APP_\NucleoUART_TEST\MXTmpFiles\system.tmp
2024-03-16 14:20:32,288 [INFO] CodeEngine:311 - oldGeneratedFile, E:\CR\teza_licenta\_APP_\NucleoUART_TEST\Core\Inc\stm32g0xx_hal_conf.h_save
2024-03-16 14:20:32,372 [INFO] CodeEngine:335 - Generated code: E:\CR\teza_licenta\_APP_\NucleoUART_TEST\Core\Inc\stm32g0xx_hal_conf.h
2024-03-16 14:20:32,631 [INFO] CodeEngine:255 - oldGeneratedFile, E:\CR\teza_licenta\_APP_\NucleoUART_TEST\Core\Inc\main.h_save
2024-03-16 14:20:32,764 [INFO] CodeEngine:279 - Generated code: E:\CR\teza_licenta\_APP_\NucleoUART_TEST\Core\Inc\main.h
2024-03-16 14:20:32,772 [INFO] CodeEngine:255 - oldGeneratedFile, E:\CR\teza_licenta\_APP_\NucleoUART_TEST\Core\Src\main.c_save
2024-03-16 14:20:32,917 [INFO] CodeEngine:279 - Generated code: E:\CR\teza_licenta\_APP_\NucleoUART_TEST\Core\Src\main.c
2024-03-16 14:20:33,644 [INFO] ProjectBuilder:3064 - Time for Copy HAL[1] : 251mS.
2024-03-16 14:20:33,655 [INFO] ProjectBuilder:4404 - Project Generator version: 4.1.0
2024-03-16 14:20:33,920 [INFO] ConfigFileManager:1457 - The Die is : DIE460
2024-03-16 14:20:33,934 [INFO] ApiDbMcu:507 - Load IP Config File for FATFS
2024-03-16 14:20:33,948 [INFO] ApiDbMcu:507 - Load IP Config File for FREERTOS
2024-03-16 14:20:33,953 [INFO] ApiDbMcu:507 - Load IP Config File for USBPD
2024-03-16 14:20:34,916 [INFO] LogOutputStream:77 - [STDOUT_REDIRECT] 
2024-03-16 14:20:36,917 [INFO] ProjectBuilder:4626 - Time for Generating toolchain IDE Files: 3261mS.
2024-03-16 14:20:36,918 [INFO] ProjectBuilder:2935 - Time for Copy CMSIS : 0mS.
2024-03-16 14:20:36,920 [INFO] ProjectBuilder:2935 - Time for Copy CMSIS : 0mS.
2024-03-16 19:10:02,288 [ERROR] ConfigurationRetriever:142 - IOException on connection: Read timed out
2024-03-16 19:10:04,977 [ERROR] ConfigurationRetriever:142 - IOException on connection: Read timed out
2024-03-16 19:17:15,236 [INFO] NvicIntPanel:101 - NVIC parent = com.st.microxplorer.plugins.ip.nvic.MultiNvicIntPanel[,0,0,0x0,invalid,layout=javax.swing.BoxLayout,alignmentX=0.0,alignmentY=0.0,border=,flags=9,maximumSize=,minimumSize=,preferredSize=]
2024-03-16 19:17:15,940 [INFO] UtilMem:75 - End SaveConfig() Used Memory: 603451288 Bytes (1073741824)
2024-03-16 19:17:17,604 [INFO] UtilMem:75 - End SaveConfig() Used Memory: 626732280 Bytes (1073741824)
2024-03-16 19:17:18,919 [INFO] UtilMem:75 - End SaveConfig() Used Memory: 663482424 Bytes (1073741824)
2024-03-16 19:17:19,210 [INFO] BlockDiagram:2759 - set Specific Code input for plugin: NVIC
2024-03-16 19:17:19,211 [INFO] BlockDiagram:2759 - set Specific Code input for plugin: USART
2024-03-16 19:17:19,211 [INFO] BlockDiagram:2759 - set Specific Code input for plugin: USART
2024-03-16 19:17:19,211 [INFO] BlockDiagram:2759 - set Specific Code input for plugin: SYS
2024-03-16 19:17:19,211 [INFO] BlockDiagram:2759 - set Specific Code input for plugin: GPIO
2024-03-16 19:17:19,212 [INFO] BlockDiagram:2759 - set Specific Code input for plugin: RCC
2024-03-16 19:17:19,213 [INFO] CodeGenerator:799 - code generatio: config db path: E:\trash_programs\ST\STM32CubeIDE_1.13.2\STM32CubeIDE\plugins\com.st.stm32cube.common.mx_6.9.2.202309101412\\db\
2024-03-16 19:17:19,360 [INFO] CodeEngine:255 - oldGeneratedFile, E:\CR\teza_licenta\_APP_\NucleoUART_TEST\MXTmpFiles\license.tmp_save
2024-03-16 19:17:19,466 [INFO] CodeEngine:279 - Generated code: E:\CR\teza_licenta\_APP_\NucleoUART_TEST\MXTmpFiles\license.tmp
2024-03-16 19:17:19,510 [INFO] CodeEngine:255 - oldGeneratedFile, E:\CR\teza_licenta\_APP_\NucleoUART_TEST\MXTmpFiles\gpio.tmp_save
2024-03-16 19:17:19,586 [INFO] CodeEngine:279 - Generated code: E:\CR\teza_licenta\_APP_\NucleoUART_TEST\MXTmpFiles\gpio.tmp
2024-03-16 19:17:19,724 [INFO] CodeEngine:255 - oldGeneratedFile, E:\CR\teza_licenta\_APP_\NucleoUART_TEST\Core\Src\stm32g0xx_it.c_save
2024-03-16 19:17:20,360 [INFO] CodeEngine:279 - Generated code: E:\CR\teza_licenta\_APP_\NucleoUART_TEST\Core\Src\stm32g0xx_it.c
2024-03-16 19:17:20,368 [INFO] CodeEngine:255 - oldGeneratedFile, E:\CR\teza_licenta\_APP_\NucleoUART_TEST\Core\Inc\stm32g0xx_it.h_save
2024-03-16 19:17:20,438 [INFO] CodeEngine:279 - Generated code: E:\CR\teza_licenta\_APP_\NucleoUART_TEST\Core\Inc\stm32g0xx_it.h
2024-03-16 19:17:20,451 [INFO] CodeEngine:255 - oldGeneratedFile, E:\CR\teza_licenta\_APP_\NucleoUART_TEST\Core\Src\stm32g0xx_hal_msp.c_save
2024-03-16 19:17:20,564 [INFO] CodeEngine:279 - Generated code: E:\CR\teza_licenta\_APP_\NucleoUART_TEST\Core\Src\stm32g0xx_hal_msp.c
2024-03-16 19:17:20,569 [INFO] CodeEngine:255 - oldGeneratedFile, E:\CR\teza_licenta\_APP_\NucleoUART_TEST\MXTmpFiles\system.tmp_save
2024-03-16 19:17:20,626 [INFO] CodeEngine:279 - Generated code: E:\CR\teza_licenta\_APP_\NucleoUART_TEST\MXTmpFiles\system.tmp
2024-03-16 19:17:20,637 [INFO] CodeEngine:311 - oldGeneratedFile, E:\CR\teza_licenta\_APP_\NucleoUART_TEST\Core\Inc\stm32g0xx_hal_conf.h_save
2024-03-16 19:17:20,697 [INFO] CodeEngine:335 - Generated code: E:\CR\teza_licenta\_APP_\NucleoUART_TEST\Core\Inc\stm32g0xx_hal_conf.h
2024-03-16 19:17:20,729 [INFO] CodeEngine:255 - oldGeneratedFile, E:\CR\teza_licenta\_APP_\NucleoUART_TEST\Core\Inc\main.h_save
2024-03-16 19:17:20,804 [INFO] CodeEngine:279 - Generated code: E:\CR\teza_licenta\_APP_\NucleoUART_TEST\Core\Inc\main.h
2024-03-16 19:17:20,813 [INFO] CodeEngine:255 - oldGeneratedFile, E:\CR\teza_licenta\_APP_\NucleoUART_TEST\Core\Src\main.c_save
2024-03-16 19:17:20,935 [INFO] CodeEngine:279 - Generated code: E:\CR\teza_licenta\_APP_\NucleoUART_TEST\Core\Src\main.c
2024-03-16 19:17:21,559 [INFO] ProjectBuilder:3064 - Time for Copy HAL[1] : 213mS.
2024-03-16 19:17:21,563 [INFO] ProjectBuilder:4404 - Project Generator version: 4.1.0
2024-03-16 19:17:21,887 [INFO] ConfigFileManager:1457 - The Die is : DIE460
2024-03-16 19:17:23,926 [INFO] ProjectBuilder:4626 - Time for Generating toolchain IDE Files: 2363mS.
2024-03-16 19:17:23,927 [INFO] ProjectBuilder:2935 - Time for Copy CMSIS : 0mS.
2024-03-16 19:17:23,929 [INFO] ProjectBuilder:2935 - Time for Copy CMSIS : 0mS.
2024-03-16 19:39:05,915 [ERROR] ConfigurationRetriever:142 - IOException on connection: Connect timed out
